
[1;33mjava 17.0.8-tem is already installed.[0m

[1;32mUsing java version 17.0.8-tem in this shell.[0m
Validating WDL...
Success!
2026-02-05 21:36:53 main INFO  - Running with database db.url = jdbc:hsqldb:file:local_cromwell_run.db;shutdown=false;hsqldb.default_table_type=cached;hsqldb.tx=mvcc;hsqldb.large_data=true;hsqldb.lob_compressed=true;hsqldb.script_format=3;hsqldb.result_max_memory_rows=20000
2026-02-05 21:36:54 db connection adder INFO  - dataFileCache open start
2026-02-05 21:36:54 db connection adder INFO  - dataFileCache open end
2026-02-05 21:36:54 db connection adder INFO  - checkpointClose start
2026-02-05 21:36:54 db connection adder INFO  - checkpointClose synched
2026-02-05 21:36:54 db connection adder INFO  - checkpointClose script done
2026-02-05 21:36:54 db connection adder INFO  - dataFileCache commit start
2026-02-05 21:36:54 db connection adder INFO  - dataFileCache commit end
2026-02-05 21:36:54 db connection adder INFO  - checkpointClose end
2026-02-05 21:36:54 db-1 INFO  - Checkpoint start
2026-02-05 21:36:54 db-1 INFO  - checkpointClose start
2026-02-05 21:36:54 db-1 INFO  - checkpointClose synched
2026-02-05 21:36:54 db-1 INFO  - checkpointClose script done
2026-02-05 21:36:54 db-1 INFO  - dataFileCache commit start
2026-02-05 21:36:54 db-1 INFO  - dataFileCache commit end
2026-02-05 21:36:54 db-1 INFO  - checkpointClose end
2026-02-05 21:36:54 db-1 INFO  - Checkpoint end - txts: 8269
2026-02-05 21:36:54 db-1 INFO  - Checkpoint start
2026-02-05 21:36:54 db-1 INFO  - checkpointClose start
2026-02-05 21:36:54 db-1 INFO  - checkpointClose synched
2026-02-05 21:36:54 db-1 INFO  - checkpointClose script done
2026-02-05 21:36:54 db-1 INFO  - dataFileCache commit start
2026-02-05 21:36:54 db-1 INFO  - dataFileCache commit end
2026-02-05 21:36:54 db-1 INFO  - checkpointClose end
2026-02-05 21:36:54 db-1 INFO  - Checkpoint end - txts: 8339
2026-02-05 21:36:54 db-1 INFO  - Checkpoint start
2026-02-05 21:36:54 db-1 INFO  - checkpointClose start
2026-02-05 21:36:54 db-1 INFO  - checkpointClose synched
2026-02-05 21:36:54 db-1 INFO  - checkpointClose script done
2026-02-05 21:36:54 db-1 INFO  - dataFileCache commit start
2026-02-05 21:36:54 db-1 INFO  - dataFileCache commit end
2026-02-05 21:36:54 db-1 INFO  - checkpointClose end
2026-02-05 21:36:54 db-1 INFO  - Checkpoint end - txts: 8341
2026-02-05 21:36:56 db-1 INFO  - Checkpoint start
2026-02-05 21:36:56 db-1 INFO  - checkpointClose start
2026-02-05 21:36:56 db-1 INFO  - checkpointClose synched
2026-02-05 21:36:56 db-1 INFO  - checkpointClose script done
2026-02-05 21:36:56 db-1 INFO  - dataFileCache commit start
2026-02-05 21:36:56 db-1 INFO  - dataFileCache commit end
2026-02-05 21:36:56 db-1 INFO  - checkpointClose end
2026-02-05 21:36:56 db-1 INFO  - Checkpoint end - txts: 8396
2026-02-05 21:36:56 db-1 INFO  - Checkpoint start
2026-02-05 21:36:56 db-1 INFO  - checkpointClose start
2026-02-05 21:36:56 db-1 INFO  - checkpointClose synched
2026-02-05 21:36:56 db-1 INFO  - checkpointClose script done
2026-02-05 21:36:56 db-1 INFO  - dataFileCache commit start
2026-02-05 21:36:56 db-1 INFO  - dataFileCache commit end
2026-02-05 21:36:56 db-1 INFO  - checkpointClose end
2026-02-05 21:36:56 db-1 INFO  - Checkpoint end - txts: 8459
2026-02-05 21:36:56 db-1 INFO  - Checkpoint start
2026-02-05 21:36:56 db-1 INFO  - checkpointClose start
2026-02-05 21:36:56 db-1 INFO  - checkpointClose synched
2026-02-05 21:36:56 db-1 INFO  - checkpointClose script done
2026-02-05 21:36:56 db-1 INFO  - dataFileCache commit start
2026-02-05 21:36:56 db-1 INFO  - dataFileCache commit end
2026-02-05 21:36:56 db-1 INFO  - checkpointClose end
2026-02-05 21:36:56 db-1 INFO  - Checkpoint end - txts: 8461
2026-02-05 21:36:56 db-1 INFO  - Checkpoint start
2026-02-05 21:36:56 db-1 INFO  - checkpointClose start
2026-02-05 21:36:56 db-1 INFO  - checkpointClose synched
2026-02-05 21:36:56 db-1 INFO  - checkpointClose script done
2026-02-05 21:36:56 db-1 INFO  - dataFileCache commit start
2026-02-05 21:36:56 db-1 INFO  - dataFileCache commit end
2026-02-05 21:36:56 db-1 INFO  - checkpointClose end
2026-02-05 21:36:56 db-1 INFO  - Checkpoint end - txts: 8468
2026-02-05 21:36:56 db-1 INFO  - Checkpoint start
2026-02-05 21:36:56 db-1 INFO  - checkpointClose start
2026-02-05 21:36:56 db-1 INFO  - checkpointClose synched
2026-02-05 21:36:56 db-1 INFO  - checkpointClose script done
2026-02-05 21:36:56 db-1 INFO  - dataFileCache commit start
2026-02-05 21:36:56 db-1 INFO  - dataFileCache commit end
2026-02-05 21:36:56 db-1 INFO  - checkpointClose end
2026-02-05 21:36:56 db-1 INFO  - Checkpoint end - txts: 8470
2026-02-05 21:36:56 db-1 INFO  - Checkpoint start
2026-02-05 21:36:56 db-1 INFO  - checkpointClose start
2026-02-05 21:36:56 db-1 INFO  - checkpointClose synched
2026-02-05 21:36:56 db-1 INFO  - checkpointClose script done
2026-02-05 21:36:56 db-1 INFO  - dataFileCache commit start
2026-02-05 21:36:56 db-1 INFO  - dataFileCache commit end
2026-02-05 21:36:56 db-1 INFO  - checkpointClose end
2026-02-05 21:36:56 db-1 INFO  - Checkpoint end - txts: 8472
2026-02-05 21:36:56 main INFO  - Running with database db.url = jdbc:hsqldb:file:local_cromwell_run.db;shutdown=false;hsqldb.default_table_type=cached;hsqldb.tx=mvcc;hsqldb.large_data=true;hsqldb.lob_compressed=true;hsqldb.script_format=3;hsqldb.result_max_memory_rows=20000
2026-02-05 21:36:56 db-1 INFO  - Checkpoint start
2026-02-05 21:36:56 db-1 INFO  - checkpointClose start
2026-02-05 21:36:56 db-1 INFO  - checkpointClose synched
2026-02-05 21:36:56 db-1 INFO  - checkpointClose script done
2026-02-05 21:36:56 db-1 INFO  - dataFileCache commit start
2026-02-05 21:36:56 db-1 INFO  - dataFileCache commit end
2026-02-05 21:36:56 db-1 INFO  - checkpointClose end
2026-02-05 21:36:56 db-1 INFO  - Checkpoint end - txts: 8480
2026-02-05 21:36:57 db-1 INFO  - Checkpoint start
2026-02-05 21:36:57 db-1 INFO  - checkpointClose start
2026-02-05 21:36:57 db-1 INFO  - checkpointClose synched
2026-02-05 21:36:57 db-1 INFO  - checkpointClose script done
2026-02-05 21:36:57 db-1 INFO  - dataFileCache commit start
2026-02-05 21:36:57 db-1 INFO  - dataFileCache commit end
2026-02-05 21:36:57 db-1 INFO  - checkpointClose end
2026-02-05 21:36:57 db-1 INFO  - Checkpoint end - txts: 8550
2026-02-05 21:36:57 db-1 INFO  - Checkpoint start
2026-02-05 21:36:57 db-1 INFO  - checkpointClose start
2026-02-05 21:36:57 db-1 INFO  - checkpointClose synched
2026-02-05 21:36:57 db-1 INFO  - checkpointClose script done
2026-02-05 21:36:57 db-1 INFO  - dataFileCache commit start
2026-02-05 21:36:57 db-1 INFO  - dataFileCache commit end
2026-02-05 21:36:57 db-1 INFO  - checkpointClose end
2026-02-05 21:36:57 db-1 INFO  - Checkpoint end - txts: 8552
2026-02-05 21:36:57 db-1 INFO  - Checkpoint start
2026-02-05 21:36:57 db-1 INFO  - checkpointClose start
2026-02-05 21:36:57 db-1 INFO  - checkpointClose synched
2026-02-05 21:36:57 db-1 INFO  - checkpointClose script done
2026-02-05 21:36:57 db-1 INFO  - dataFileCache commit start
2026-02-05 21:36:57 db-1 INFO  - dataFileCache commit end
2026-02-05 21:36:57 db-1 INFO  - checkpointClose end
2026-02-05 21:36:57 db-1 INFO  - Checkpoint end - txts: 8607
2026-02-05 21:36:57 db-1 INFO  - Checkpoint start
2026-02-05 21:36:57 db-1 INFO  - checkpointClose start
2026-02-05 21:36:57 db-1 INFO  - checkpointClose synched
2026-02-05 21:36:57 db-1 INFO  - checkpointClose script done
2026-02-05 21:36:57 db-1 INFO  - dataFileCache commit start
2026-02-05 21:36:57 db-1 INFO  - dataFileCache commit end
2026-02-05 21:36:57 db-1 INFO  - checkpointClose end
2026-02-05 21:36:57 db-1 INFO  - Checkpoint end - txts: 8670
2026-02-05 21:36:57 db-1 INFO  - Checkpoint start
2026-02-05 21:36:57 db-1 INFO  - checkpointClose start
2026-02-05 21:36:57 db-1 INFO  - checkpointClose synched
2026-02-05 21:36:57 db-1 INFO  - checkpointClose script done
2026-02-05 21:36:57 db-1 INFO  - dataFileCache commit start
2026-02-05 21:36:57 db-1 INFO  - dataFileCache commit end
2026-02-05 21:36:57 db-1 INFO  - checkpointClose end
2026-02-05 21:36:57 db-1 INFO  - Checkpoint end - txts: 8672
2026-02-05 21:36:57 db-1 INFO  - Checkpoint start
2026-02-05 21:36:57 db-1 INFO  - checkpointClose start
2026-02-05 21:36:57 db-1 INFO  - checkpointClose synched
2026-02-05 21:36:57 db-1 INFO  - checkpointClose script done
2026-02-05 21:36:57 db-1 INFO  - dataFileCache commit start
2026-02-05 21:36:57 db-1 INFO  - dataFileCache commit end
2026-02-05 21:36:57 db-1 INFO  - checkpointClose end
2026-02-05 21:36:57 db-1 INFO  - Checkpoint end - txts: 8679
2026-02-05 21:36:57 db-1 INFO  - Checkpoint start
2026-02-05 21:36:57 db-1 INFO  - checkpointClose start
2026-02-05 21:36:57 db-1 INFO  - checkpointClose synched
2026-02-05 21:36:57 db-1 INFO  - checkpointClose script done
2026-02-05 21:36:57 db-1 INFO  - dataFileCache commit start
2026-02-05 21:36:57 db-1 INFO  - dataFileCache commit end
2026-02-05 21:36:57 db-1 INFO  - checkpointClose end
2026-02-05 21:36:57 db-1 INFO  - Checkpoint end - txts: 8681
2026-02-05 21:36:57 db-1 INFO  - Checkpoint start
2026-02-05 21:36:57 db-1 INFO  - checkpointClose start
2026-02-05 21:36:57 db-1 INFO  - checkpointClose synched
2026-02-05 21:36:57 db-1 INFO  - checkpointClose script done
2026-02-05 21:36:57 db-1 INFO  - dataFileCache commit start
2026-02-05 21:36:57 db-1 INFO  - dataFileCache commit end
2026-02-05 21:36:57 db-1 INFO  - checkpointClose end
2026-02-05 21:36:57 db-1 INFO  - Checkpoint end - txts: 8683
2026-02-05 21:36:57 main INFO  - Reference disks feature for batchConfig backend is not configured.
2026-02-05 21:36:58 cromwell-system-akka.actor.default-dispatcher-4 INFO  - Slf4jLogger started
2026-02-05 21:36:58 cromwell-system-akka.dispatchers.engine-dispatcher-5 INFO  - Workflow heartbeat configuration:
{
  "cromwellId" : "cromid-f5e125e",
  "heartbeatInterval" : "2 minutes",
  "ttl" : "10 minutes",
  "failureShutdownDuration" : "5 minutes",
  "writeBatchSize" : 10000,
  "writeThreshold" : 10000
}
2026-02-05 21:36:58 cromwell-system-akka.dispatchers.service-dispatcher-11 INFO  - Metadata summary refreshing every 1 second.
2026-02-05 21:36:58 cromwell-system-akka.dispatchers.engine-dispatcher-25 INFO  - JobStoreWriterActor configured to flush with batch size 1000 and process rate 1 second.
2026-02-05 21:36:58 cromwell-system-akka.actor.default-dispatcher-4 INFO  - KvWriteActor configured to flush with batch size 200 and process rate 5 seconds.
2026-02-05 21:36:58 cromwell-system-akka.dispatchers.service-dispatcher-20 INFO  - WriteMetadataActor configured to flush with batch size 200 and process rate 5 seconds.
2026-02-05 21:36:58 cromwell-system-akka.dispatchers.service-dispatcher-11 INFO  - No metadata archiver defined in config
2026-02-05 21:36:58 cromwell-system-akka.dispatchers.service-dispatcher-11 INFO  - No metadata deleter defined in config
2026-02-05 21:36:58 cromwell-system-akka.dispatchers.engine-dispatcher-33 INFO  - CallCacheWriteActor configured to flush with batch size 100 and process rate 3 seconds.
2026-02-05 21:36:58 cromwell-system-akka.dispatchers.engine-dispatcher-34 INFO  - JobRestartCheckTokenDispenser - Distribution rate: 50 per 1 seconds.
2026-02-05 21:36:58 cromwell-system-akka.dispatchers.engine-dispatcher-34 INFO  - JobExecutionTokenDispenser - Distribution rate: 50 per 3 seconds.
2026-02-05 21:36:58 cromwell-system-akka.dispatchers.engine-dispatcher-34 INFO  - GroupMetricsActor configured to log groups experiencing quota exhaustion at interval of 5 minutes.
2026-02-05 21:36:58 cromwell-system-akka.dispatchers.backend-dispatcher-35 INFO  - Running with 3 Batch request workers
2026-02-05 21:36:58 cromwell-system-akka.dispatchers.backend-dispatcher-35 INFO  - 'resetAllWorkers()' called to fill vector with 3 new workers
2026-02-05 21:36:58 cromwell-system-akka.dispatchers.backend-dispatcher-35 INFO  - Request manager BatchApiRequestManager created new Batch request worker BatchQueryWorker-cc539821-c79c-4e9a-b4e1-c867bba19a60 with batch interval of 3333 milliseconds
2026-02-05 21:36:58 cromwell-system-akka.dispatchers.backend-dispatcher-35 INFO  - Request manager BatchApiRequestManager created new Batch request worker BatchQueryWorker-f4596cdb-1e38-4e76-b5d9-22ffe14dcb9c with batch interval of 3333 milliseconds
2026-02-05 21:36:58 cromwell-system-akka.dispatchers.backend-dispatcher-35 INFO  - Request manager BatchApiRequestManager created new Batch request worker BatchQueryWorker-532a0e91-754d-4867-8e22-73fdfb606ff4 with batch interval of 3333 milliseconds
2026-02-05 21:37:00 cromwell-system-akka.actor.default-dispatcher-4 ERROR - Bind failed for TCP channel on endpoint [/0.0.0.0:8094]
java.net.BindException: Address already in use
	at java.base/sun.nio.ch.Net.bind0(Native Method)
	at java.base/sun.nio.ch.Net.bind(Net.java:555)
	at java.base/sun.nio.ch.ServerSocketChannelImpl.netBind(ServerSocketChannelImpl.java:337)
	at java.base/sun.nio.ch.ServerSocketChannelImpl.bind(ServerSocketChannelImpl.java:294)
	at java.base/sun.nio.ch.ServerSocketAdaptor.bind(ServerSocketAdaptor.java:89)
	at akka.io.TcpListener.liftedTree1$1(TcpListener.scala:59)
	at akka.io.TcpListener.<init>(TcpListener.scala:56)
	at java.base/jdk.internal.reflect.NativeConstructorAccessorImpl.newInstance0(Native Method)
	at java.base/jdk.internal.reflect.NativeConstructorAccessorImpl.newInstance(NativeConstructorAccessorImpl.java:77)
	at java.base/jdk.internal.reflect.DelegatingConstructorAccessorImpl.newInstance(DelegatingConstructorAccessorImpl.java:45)
	at java.base/java.lang.reflect.Constructor.newInstanceWithCaller(Constructor.java:499)
	at java.base/java.lang.reflect.Constructor.newInstance(Constructor.java:480)
	at akka.util.Reflect$.instantiate(Reflect.scala:68)
	at akka.actor.ArgsReflectConstructor.produce(IndirectActorProducer.scala:101)
	at akka.actor.Props.newActor(Props.scala:212)
	at akka.actor.ActorCell.newActor(ActorCell.scala:650)
	at akka.actor.ActorCell.create(ActorCell.scala:676)
	at akka.actor.ActorCell.invokeAll$1(ActorCell.scala:549)
	at akka.actor.ActorCell.systemInvoke(ActorCell.scala:571)
	at akka.dispatch.Mailbox.processAllSystemMessages(Mailbox.scala:293)
	at akka.dispatch.Mailbox.run(Mailbox.scala:228)
	at akka.dispatch.Mailbox.exec(Mailbox.scala:241)
	at akka.dispatch.forkjoin.ForkJoinTask.doExec(ForkJoinTask.java:260)
	at akka.dispatch.forkjoin.ForkJoinPool$WorkQueue.runTask(ForkJoinPool.java:1339)
	at akka.dispatch.forkjoin.ForkJoinPool.runWorker(ForkJoinPool.java:1979)
	at akka.dispatch.forkjoin.ForkJoinWorkerThread.run(ForkJoinWorkerThread.java:107)
