Binding failed interface 0.0.0.0 port 8094
akka.stream.impl.io.ConnectionSourceStage$$anon$1$$anon$2: Bind failed because of java.net.BindException: Address already in use
Caused by: java.net.BindException: Address already in use
	at java.base/sun.nio.ch.Net.bind0(Native Method)
	at java.base/sun.nio.ch.Net.bind(Net.java:555)
	at java.base/sun.nio.ch.ServerSocketChannelImpl.netBind(ServerSocketChannelImpl.java:337)
	at java.base/sun.nio.ch.ServerSocketChannelImpl.bind(ServerSocketChannelImpl.java:294)
	at java.base/sun.nio.ch.ServerSocketAdaptor.bind(ServerSocketAdaptor.java:89)
	at akka.io.TcpListener.liftedTree1$1(TcpListener.scala:59)
	at akka.io.TcpListener.<init>(TcpListener.scala:56)
	at java.base/jdk.internal.reflect.NativeConstructorAccessorImpl.newInstance0(Native Method)
	at java.base/jdk.internal.reflect.NativeConstructorAccessorImpl.newInstance(NativeConstructorAccessorImpl.java:77)
	at java.base/jdk.internal.reflect.DelegatingConstructorAccessorImpl.newInstance(DelegatingConstructorAccessorImpl.java:45)
	at java.base/java.lang.reflect.Constructor.newInstanceWithCaller(Constructor.java:499)
	at java.base/java.lang.reflect.Constructor.newInstance(Constructor.java:480)
	at akka.util.Reflect$.instantiate(Reflect.scala:68)
	at akka.actor.ArgsReflectConstructor.produce(IndirectActorProducer.scala:101)
	at akka.actor.Props.newActor(Props.scala:212)
	at akka.actor.ActorCell.newActor(ActorCell.scala:650)
	at akka.actor.ActorCell.create(ActorCell.scala:676)
	at akka.actor.ActorCell.invokeAll$1(ActorCell.scala:549)
	at akka.actor.ActorCell.systemInvoke(ActorCell.scala:571)
	at akka.dispatch.Mailbox.processAllSystemMessages(Mailbox.scala:293)
	at akka.dispatch.Mailbox.run(Mailbox.scala:228)
	at akka.dispatch.Mailbox.exec(Mailbox.scala:241)
	at akka.dispatch.forkjoin.ForkJoinTask.doExec(ForkJoinTask.java:260)
	at akka.dispatch.forkjoin.ForkJoinPool$WorkQueue.runTask(ForkJoinPool.java:1339)
	at akka.dispatch.forkjoin.ForkJoinPool.runWorker(ForkJoinPool.java:1979)
	at akka.dispatch.forkjoin.ForkJoinWorkerThread.run(ForkJoinWorkerThread.java:107)
