2026-02-05 21:28:15 main INFO  - Running with database db.url = jdbc:hsqldb:file:local_cromwell_run.db;shutdown=false;hsqldb.default_table_type=cached;hsqldb.tx=mvcc;hsqldb.large_data=true;hsqldb.lob_compressed=true;hsqldb.script_format=3;hsqldb.result_max_memory_rows=20000
2026-02-05 21:28:16 db connection adder INFO  - open start - state modified
2026-02-05 21:28:16 db connection adder WARN  - Script processing failure
java.io.FileNotFoundException: local_cromwell_run.db.script (No such file or directory)
	at java.base/java.io.FileInputStream.open0(Native Method)
	at java.base/java.io.FileInputStream.open(FileInputStream.java:216)
	at java.base/java.io.FileInputStream.<init>(FileInputStream.java:157)
	at java.base/java.io.FileInputStream.<init>(FileInputStream.java:111)
	at org.hsqldb.lib.FileUtil.openInputStreamElement(Unknown Source)
	at org.hsqldb.scriptio.ScriptReaderText.<init>(Unknown Source)
	at org.hsqldb.persist.Log.processScript(Unknown Source)
	at org.hsqldb.persist.Log.open(Unknown Source)
	at org.hsqldb.persist.Logger.open(Unknown Source)
	at org.hsqldb.Database.reopen(Unknown Source)
	at org.hsqldb.Database.open(Unknown Source)
	at org.hsqldb.DatabaseManager.getDatabase(Unknown Source)
	at org.hsqldb.DatabaseManager.newSession(Unknown Source)
	at org.hsqldb.jdbc.JDBCConnection.<init>(Unknown Source)
	at org.hsqldb.jdbc.JDBCDriver.getConnection(Unknown Source)
	at org.hsqldb.jdbc.JDBCDriver.connect(Unknown Source)
	at com.zaxxer.hikari.util.DriverDataSource.getConnection(DriverDataSource.java:121)
	at com.zaxxer.hikari.pool.PoolBase.newConnection(PoolBase.java:364)
	at com.zaxxer.hikari.pool.PoolBase.newPoolEntry(PoolBase.java:206)
	at com.zaxxer.hikari.pool.HikariPool.createPoolEntry(HikariPool.java:476)
	at com.zaxxer.hikari.pool.HikariPool.access$100(HikariPool.java:71)
	at com.zaxxer.hikari.pool.HikariPool$PoolEntryCreator.call(HikariPool.java:726)
	at com.zaxxer.hikari.pool.HikariPool$PoolEntryCreator.call(HikariPool.java:712)
	at java.base/java.util.concurrent.FutureTask.run(FutureTask.java:264)
	at java.base/java.util.concurrent.ThreadPoolExecutor.runWorker(ThreadPoolExecutor.java:1136)
	at java.base/java.util.concurrent.ThreadPoolExecutor$Worker.run(ThreadPoolExecutor.java:635)
	at java.base/java.lang.Thread.run(Thread.java:833)
2026-02-05 21:28:16 db connection adder INFO  - Database closed
2026-02-05 21:28:16 db connection adder ERROR - could not reopen database
org.hsqldb.HsqlException: java.io.FileNotFoundException: local_cromwell_run.db.script (No such file or directory)
	at org.hsqldb.error.Error.error(Unknown Source)
	at org.hsqldb.persist.Log.processScript(Unknown Source)
	at org.hsqldb.persist.Log.open(Unknown Source)
	at org.hsqldb.persist.Logger.open(Unknown Source)
	at org.hsqldb.Database.reopen(Unknown Source)
	at org.hsqldb.Database.open(Unknown Source)
	at org.hsqldb.DatabaseManager.getDatabase(Unknown Source)
	at org.hsqldb.DatabaseManager.newSession(Unknown Source)
	at org.hsqldb.jdbc.JDBCConnection.<init>(Unknown Source)
	at org.hsqldb.jdbc.JDBCDriver.getConnection(Unknown Source)
	at org.hsqldb.jdbc.JDBCDriver.connect(Unknown Source)
	at com.zaxxer.hikari.util.DriverDataSource.getConnection(DriverDataSource.java:121)
	at com.zaxxer.hikari.pool.PoolBase.newConnection(PoolBase.java:364)
	at com.zaxxer.hikari.pool.PoolBase.newPoolEntry(PoolBase.java:206)
	at com.zaxxer.hikari.pool.HikariPool.createPoolEntry(HikariPool.java:476)
	at com.zaxxer.hikari.pool.HikariPool.access$100(HikariPool.java:71)
	at com.zaxxer.hikari.pool.HikariPool$PoolEntryCreator.call(HikariPool.java:726)
	at com.zaxxer.hikari.pool.HikariPool$PoolEntryCreator.call(HikariPool.java:712)
	at java.base/java.util.concurrent.FutureTask.run(FutureTask.java:264)
	at java.base/java.util.concurrent.ThreadPoolExecutor.runWorker(ThreadPoolExecutor.java:1136)
	at java.base/java.util.concurrent.ThreadPoolExecutor$Worker.run(ThreadPoolExecutor.java:635)
	at java.base/java.lang.Thread.run(Thread.java:833)
Caused by: java.io.FileNotFoundException: local_cromwell_run.db.script (No such file or directory)
	at java.base/java.io.FileInputStream.open0(Native Method)
	at java.base/java.io.FileInputStream.open(FileInputStream.java:216)
	at java.base/java.io.FileInputStream.<init>(FileInputStream.java:157)
	at java.base/java.io.FileInputStream.<init>(FileInputStream.java:111)
	at org.hsqldb.lib.FileUtil.openInputStreamElement(Unknown Source)
	at org.hsqldb.scriptio.ScriptReaderText.<init>(Unknown Source)
	... 21 common frames omitted
2026-02-05 21:28:16 db connection adder INFO  - open start - state modified
2026-02-05 21:28:16 db connection adder WARN  - Script processing failure
java.io.FileNotFoundException: local_cromwell_run.db.script (No such file or directory)
	at java.base/java.io.FileInputStream.open0(Native Method)
	at java.base/java.io.FileInputStream.open(FileInputStream.java:216)
	at java.base/java.io.FileInputStream.<init>(FileInputStream.java:157)
	at java.base/java.io.FileInputStream.<init>(FileInputStream.java:111)
	at org.hsqldb.lib.FileUtil.openInputStreamElement(Unknown Source)
	at org.hsqldb.scriptio.ScriptReaderText.<init>(Unknown Source)
	at org.hsqldb.persist.Log.processScript(Unknown Source)
	at org.hsqldb.persist.Log.open(Unknown Source)
	at org.hsqldb.persist.Logger.open(Unknown Source)
	at org.hsqldb.Database.reopen(Unknown Source)
	at org.hsqldb.Database.open(Unknown Source)
	at org.hsqldb.DatabaseManager.getDatabase(Unknown Source)
	at org.hsqldb.DatabaseManager.newSession(Unknown Source)
	at org.hsqldb.jdbc.JDBCConnection.<init>(Unknown Source)
	at org.hsqldb.jdbc.JDBCDriver.getConnection(Unknown Source)
	at org.hsqldb.jdbc.JDBCDriver.connect(Unknown Source)
	at com.zaxxer.hikari.util.DriverDataSource.getConnection(DriverDataSource.java:121)
	at com.zaxxer.hikari.pool.PoolBase.newConnection(PoolBase.java:364)
	at com.zaxxer.hikari.pool.PoolBase.newPoolEntry(PoolBase.java:206)
	at com.zaxxer.hikari.pool.HikariPool.createPoolEntry(HikariPool.java:476)
	at com.zaxxer.hikari.pool.HikariPool.access$100(HikariPool.java:71)
	at com.zaxxer.hikari.pool.HikariPool$PoolEntryCreator.call(HikariPool.java:726)
	at com.zaxxer.hikari.pool.HikariPool$PoolEntryCreator.call(HikariPool.java:712)
	at java.base/java.util.concurrent.FutureTask.run(FutureTask.java:264)
	at java.base/java.util.concurrent.ThreadPoolExecutor.runWorker(ThreadPoolExecutor.java:1136)
	at java.base/java.util.concurrent.ThreadPoolExecutor$Worker.run(ThreadPoolExecutor.java:635)
	at java.base/java.lang.Thread.run(Thread.java:833)
2026-02-05 21:28:16 db connection adder INFO  - Database closed
2026-02-05 21:28:16 db connection adder ERROR - could not reopen database
org.hsqldb.HsqlException: java.io.FileNotFoundException: local_cromwell_run.db.script (No such file or directory)
	at org.hsqldb.error.Error.error(Unknown Source)
	at org.hsqldb.persist.Log.processScript(Unknown Source)
	at org.hsqldb.persist.Log.open(Unknown Source)
	at org.hsqldb.persist.Logger.open(Unknown Source)
	at org.hsqldb.Database.reopen(Unknown Source)
	at org.hsqldb.Database.open(Unknown Source)
	at org.hsqldb.DatabaseManager.getDatabase(Unknown Source)
	at org.hsqldb.DatabaseManager.newSession(Unknown Source)
	at org.hsqldb.jdbc.JDBCConnection.<init>(Unknown Source)
	at org.hsqldb.jdbc.JDBCDriver.getConnection(Unknown Source)
	at org.hsqldb.jdbc.JDBCDriver.connect(Unknown Source)
	at com.zaxxer.hikari.util.DriverDataSource.getConnection(DriverDataSource.java:121)
	at com.zaxxer.hikari.pool.PoolBase.newConnection(PoolBase.java:364)
	at com.zaxxer.hikari.pool.PoolBase.newPoolEntry(PoolBase.java:206)
	at com.zaxxer.hikari.pool.HikariPool.createPoolEntry(HikariPool.java:476)
	at com.zaxxer.hikari.pool.HikariPool.access$100(HikariPool.java:71)
	at com.zaxxer.hikari.pool.HikariPool$PoolEntryCreator.call(HikariPool.java:726)
	at com.zaxxer.hikari.pool.HikariPool$PoolEntryCreator.call(HikariPool.java:712)
	at java.base/java.util.concurrent.FutureTask.run(FutureTask.java:264)
	at java.base/java.util.concurrent.ThreadPoolExecutor.runWorker(ThreadPoolExecutor.java:1136)
	at java.base/java.util.concurrent.ThreadPoolExecutor$Worker.run(ThreadPoolExecutor.java:635)
	at java.base/java.lang.Thread.run(Thread.java:833)
Caused by: java.io.FileNotFoundException: local_cromwell_run.db.script (No such file or directory)
	at java.base/java.io.FileInputStream.open0(Native Method)
	at java.base/java.io.FileInputStream.open(FileInputStream.java:216)
	at java.base/java.io.FileInputStream.<init>(FileInputStream.java:157)
	at java.base/java.io.FileInputStream.<init>(FileInputStream.java:111)
	at org.hsqldb.lib.FileUtil.openInputStreamElement(Unknown Source)
	at org.hsqldb.scriptio.ScriptReaderText.<init>(Unknown Source)
	... 21 common frames omitted
2026-02-05 21:28:17 db connection adder INFO  - open start - state modified
2026-02-05 21:28:17 db connection adder WARN  - Script processing failure
java.io.FileNotFoundException: local_cromwell_run.db.script (No such file or directory)
	at java.base/java.io.FileInputStream.open0(Native Method)
	at java.base/java.io.FileInputStream.open(FileInputStream.java:216)
	at java.base/java.io.FileInputStream.<init>(FileInputStream.java:157)
	at java.base/java.io.FileInputStream.<init>(FileInputStream.java:111)
	at org.hsqldb.lib.FileUtil.openInputStreamElement(Unknown Source)
	at org.hsqldb.scriptio.ScriptReaderText.<init>(Unknown Source)
	at org.hsqldb.persist.Log.processScript(Unknown Source)
	at org.hsqldb.persist.Log.open(Unknown Source)
	at org.hsqldb.persist.Logger.open(Unknown Source)
	at org.hsqldb.Database.reopen(Unknown Source)
	at org.hsqldb.Database.open(Unknown Source)
	at org.hsqldb.DatabaseManager.getDatabase(Unknown Source)
	at org.hsqldb.DatabaseManager.newSession(Unknown Source)
	at org.hsqldb.jdbc.JDBCConnection.<init>(Unknown Source)
	at org.hsqldb.jdbc.JDBCDriver.getConnection(Unknown Source)
	at org.hsqldb.jdbc.JDBCDriver.connect(Unknown Source)
	at com.zaxxer.hikari.util.DriverDataSource.getConnection(DriverDataSource.java:121)
	at com.zaxxer.hikari.pool.PoolBase.newConnection(PoolBase.java:364)
	at com.zaxxer.hikari.pool.PoolBase.newPoolEntry(PoolBase.java:206)
	at com.zaxxer.hikari.pool.HikariPool.createPoolEntry(HikariPool.java:476)
	at com.zaxxer.hikari.pool.HikariPool.access$100(HikariPool.java:71)
	at com.zaxxer.hikari.pool.HikariPool$PoolEntryCreator.call(HikariPool.java:726)
	at com.zaxxer.hikari.pool.HikariPool$PoolEntryCreator.call(HikariPool.java:712)
	at java.base/java.util.concurrent.FutureTask.run(FutureTask.java:264)
	at java.base/java.util.concurrent.ThreadPoolExecutor.runWorker(ThreadPoolExecutor.java:1136)
	at java.base/java.util.concurrent.ThreadPoolExecutor$Worker.run(ThreadPoolExecutor.java:635)
	at java.base/java.lang.Thread.run(Thread.java:833)
2026-02-05 21:28:17 db connection adder INFO  - Database closed
2026-02-05 21:28:17 db connection adder ERROR - could not reopen database
org.hsqldb.HsqlException: java.io.FileNotFoundException: local_cromwell_run.db.script (No such file or directory)
	at org.hsqldb.error.Error.error(Unknown Source)
	at org.hsqldb.persist.Log.processScript(Unknown Source)
	at org.hsqldb.persist.Log.open(Unknown Source)
	at org.hsqldb.persist.Logger.open(Unknown Source)
	at org.hsqldb.Database.reopen(Unknown Source)
	at org.hsqldb.Database.open(Unknown Source)
	at org.hsqldb.DatabaseManager.getDatabase(Unknown Source)
	at org.hsqldb.DatabaseManager.newSession(Unknown Source)
	at org.hsqldb.jdbc.JDBCConnection.<init>(Unknown Source)
	at org.hsqldb.jdbc.JDBCDriver.getConnection(Unknown Source)
	at org.hsqldb.jdbc.JDBCDriver.connect(Unknown Source)
	at com.zaxxer.hikari.util.DriverDataSource.getConnection(DriverDataSource.java:121)
	at com.zaxxer.hikari.pool.PoolBase.newConnection(PoolBase.java:364)
	at com.zaxxer.hikari.pool.PoolBase.newPoolEntry(PoolBase.java:206)
	at com.zaxxer.hikari.pool.HikariPool.createPoolEntry(HikariPool.java:476)
	at com.zaxxer.hikari.pool.HikariPool.access$100(HikariPool.java:71)
	at com.zaxxer.hikari.pool.HikariPool$PoolEntryCreator.call(HikariPool.java:726)
	at com.zaxxer.hikari.pool.HikariPool$PoolEntryCreator.call(HikariPool.java:712)
	at java.base/java.util.concurrent.FutureTask.run(FutureTask.java:264)
	at java.base/java.util.concurrent.ThreadPoolExecutor.runWorker(ThreadPoolExecutor.java:1136)
	at java.base/java.util.concurrent.ThreadPoolExecutor$Worker.run(ThreadPoolExecutor.java:635)
	at java.base/java.lang.Thread.run(Thread.java:833)
Caused by: java.io.FileNotFoundException: local_cromwell_run.db.script (No such file or directory)
	at java.base/java.io.FileInputStream.open0(Native Method)
	at java.base/java.io.FileInputStream.open(FileInputStream.java:216)
	at java.base/java.io.FileInputStream.<init>(FileInputStream.java:157)
	at java.base/java.io.FileInputStream.<init>(FileInputStream.java:111)
	at org.hsqldb.lib.FileUtil.openInputStreamElement(Unknown Source)
	at org.hsqldb.scriptio.ScriptReaderText.<init>(Unknown Source)
	... 21 common frames omitted
2026-02-05 21:28:17 db connection adder INFO  - open start - state modified
2026-02-05 21:28:17 db connection adder WARN  - Script processing failure
java.io.FileNotFoundException: local_cromwell_run.db.script (No such file or directory)
	at java.base/java.io.FileInputStream.open0(Native Method)
	at java.base/java.io.FileInputStream.open(FileInputStream.java:216)
	at java.base/java.io.FileInputStream.<init>(FileInputStream.java:157)
	at java.base/java.io.FileInputStream.<init>(FileInputStream.java:111)
	at org.hsqldb.lib.FileUtil.openInputStreamElement(Unknown Source)
	at org.hsqldb.scriptio.ScriptReaderText.<init>(Unknown Source)
	at org.hsqldb.persist.Log.processScript(Unknown Source)
	at org.hsqldb.persist.Log.open(Unknown Source)
	at org.hsqldb.persist.Logger.open(Unknown Source)
	at org.hsqldb.Database.reopen(Unknown Source)
	at org.hsqldb.Database.open(Unknown Source)
	at org.hsqldb.DatabaseManager.getDatabase(Unknown Source)
	at org.hsqldb.DatabaseManager.newSession(Unknown Source)
	at org.hsqldb.jdbc.JDBCConnection.<init>(Unknown Source)
	at org.hsqldb.jdbc.JDBCDriver.getConnection(Unknown Source)
	at org.hsqldb.jdbc.JDBCDriver.connect(Unknown Source)
	at com.zaxxer.hikari.util.DriverDataSource.getConnection(DriverDataSource.java:121)
	at com.zaxxer.hikari.pool.PoolBase.newConnection(PoolBase.java:364)
	at com.zaxxer.hikari.pool.PoolBase.newPoolEntry(PoolBase.java:206)
	at com.zaxxer.hikari.pool.HikariPool.createPoolEntry(HikariPool.java:476)
	at com.zaxxer.hikari.pool.HikariPool.access$100(HikariPool.java:71)
	at com.zaxxer.hikari.pool.HikariPool$PoolEntryCreator.call(HikariPool.java:726)
	at com.zaxxer.hikari.pool.HikariPool$PoolEntryCreator.call(HikariPool.java:712)
	at java.base/java.util.concurrent.FutureTask.run(FutureTask.java:264)
	at java.base/java.util.concurrent.ThreadPoolExecutor.runWorker(ThreadPoolExecutor.java:1136)
	at java.base/java.util.concurrent.ThreadPoolExecutor$Worker.run(ThreadPoolExecutor.java:635)
	at java.base/java.lang.Thread.run(Thread.java:833)
2026-02-05 21:28:17 db connection adder INFO  - Database closed
2026-02-05 21:28:17 db connection adder ERROR - could not reopen database
org.hsqldb.HsqlException: java.io.FileNotFoundException: local_cromwell_run.db.script (No such file or directory)
	at org.hsqldb.error.Error.error(Unknown Source)
	at org.hsqldb.persist.Log.processScript(Unknown Source)
	at org.hsqldb.persist.Log.open(Unknown Source)
	at org.hsqldb.persist.Logger.open(Unknown Source)
	at org.hsqldb.Database.reopen(Unknown Source)
	at org.hsqldb.Database.open(Unknown Source)
	at org.hsqldb.DatabaseManager.getDatabase(Unknown Source)
	at org.hsqldb.DatabaseManager.newSession(Unknown Source)
	at org.hsqldb.jdbc.JDBCConnection.<init>(Unknown Source)
	at org.hsqldb.jdbc.JDBCDriver.getConnection(Unknown Source)
	at org.hsqldb.jdbc.JDBCDriver.connect(Unknown Source)
	at com.zaxxer.hikari.util.DriverDataSource.getConnection(DriverDataSource.java:121)
	at com.zaxxer.hikari.pool.PoolBase.newConnection(PoolBase.java:364)
	at com.zaxxer.hikari.pool.PoolBase.newPoolEntry(PoolBase.java:206)
	at com.zaxxer.hikari.pool.HikariPool.createPoolEntry(HikariPool.java:476)
	at com.zaxxer.hikari.pool.HikariPool.access$100(HikariPool.java:71)
	at com.zaxxer.hikari.pool.HikariPool$PoolEntryCreator.call(HikariPool.java:726)
	at com.zaxxer.hikari.pool.HikariPool$PoolEntryCreator.call(HikariPool.java:712)
	at java.base/java.util.concurrent.FutureTask.run(FutureTask.java:264)
	at java.base/java.util.concurrent.ThreadPoolExecutor.runWorker(ThreadPoolExecutor.java:1136)
	at java.base/java.util.concurrent.ThreadPoolExecutor$Worker.run(ThreadPoolExecutor.java:635)
	at java.base/java.lang.Thread.run(Thread.java:833)
Caused by: java.io.FileNotFoundException: local_cromwell_run.db.script (No such file or directory)
	at java.base/java.io.FileInputStream.open0(Native Method)
	at java.base/java.io.FileInputStream.open(FileInputStream.java:216)
	at java.base/java.io.FileInputStream.<init>(FileInputStream.java:157)
	at java.base/java.io.FileInputStream.<init>(FileInputStream.java:111)
	at org.hsqldb.lib.FileUtil.openInputStreamElement(Unknown Source)
	at org.hsqldb.scriptio.ScriptReaderText.<init>(Unknown Source)
	... 21 common frames omitted
2026-02-05 21:28:18 db connection adder INFO  - open start - state modified
2026-02-05 21:28:18 db connection adder WARN  - Script processing failure
java.io.FileNotFoundException: local_cromwell_run.db.script (No such file or directory)
	at java.base/java.io.FileInputStream.open0(Native Method)
	at java.base/java.io.FileInputStream.open(FileInputStream.java:216)
	at java.base/java.io.FileInputStream.<init>(FileInputStream.java:157)
	at java.base/java.io.FileInputStream.<init>(FileInputStream.java:111)
	at org.hsqldb.lib.FileUtil.openInputStreamElement(Unknown Source)
	at org.hsqldb.scriptio.ScriptReaderText.<init>(Unknown Source)
	at org.hsqldb.persist.Log.processScript(Unknown Source)
	at org.hsqldb.persist.Log.open(Unknown Source)
	at org.hsqldb.persist.Logger.open(Unknown Source)
	at org.hsqldb.Database.reopen(Unknown Source)
	at org.hsqldb.Database.open(Unknown Source)
	at org.hsqldb.DatabaseManager.getDatabase(Unknown Source)
	at org.hsqldb.DatabaseManager.newSession(Unknown Source)
	at org.hsqldb.jdbc.JDBCConnection.<init>(Unknown Source)
	at org.hsqldb.jdbc.JDBCDriver.getConnection(Unknown Source)
	at org.hsqldb.jdbc.JDBCDriver.connect(Unknown Source)
	at com.zaxxer.hikari.util.DriverDataSource.getConnection(DriverDataSource.java:121)
	at com.zaxxer.hikari.pool.PoolBase.newConnection(PoolBase.java:364)
	at com.zaxxer.hikari.pool.PoolBase.newPoolEntry(PoolBase.java:206)
	at com.zaxxer.hikari.pool.HikariPool.createPoolEntry(HikariPool.java:476)
	at com.zaxxer.hikari.pool.HikariPool.access$100(HikariPool.java:71)
	at com.zaxxer.hikari.pool.HikariPool$PoolEntryCreator.call(HikariPool.java:726)
	at com.zaxxer.hikari.pool.HikariPool$PoolEntryCreator.call(HikariPool.java:712)
	at java.base/java.util.concurrent.FutureTask.run(FutureTask.java:264)
	at java.base/java.util.concurrent.ThreadPoolExecutor.runWorker(ThreadPoolExecutor.java:1136)
	at java.base/java.util.concurrent.ThreadPoolExecutor$Worker.run(ThreadPoolExecutor.java:635)
	at java.base/java.lang.Thread.run(Thread.java:833)
2026-02-05 21:28:18 db connection adder INFO  - Database closed
2026-02-05 21:28:18 db connection adder ERROR - could not reopen database
org.hsqldb.HsqlException: java.io.FileNotFoundException: local_cromwell_run.db.script (No such file or directory)
	at org.hsqldb.error.Error.error(Unknown Source)
	at org.hsqldb.persist.Log.processScript(Unknown Source)
	at org.hsqldb.persist.Log.open(Unknown Source)
	at org.hsqldb.persist.Logger.open(Unknown Source)
	at org.hsqldb.Database.reopen(Unknown Source)
	at org.hsqldb.Database.open(Unknown Source)
	at org.hsqldb.DatabaseManager.getDatabase(Unknown Source)
	at org.hsqldb.DatabaseManager.newSession(Unknown Source)
	at org.hsqldb.jdbc.JDBCConnection.<init>(Unknown Source)
	at org.hsqldb.jdbc.JDBCDriver.getConnection(Unknown Source)
	at org.hsqldb.jdbc.JDBCDriver.connect(Unknown Source)
	at com.zaxxer.hikari.util.DriverDataSource.getConnection(DriverDataSource.java:121)
	at com.zaxxer.hikari.pool.PoolBase.newConnection(PoolBase.java:364)
	at com.zaxxer.hikari.pool.PoolBase.newPoolEntry(PoolBase.java:206)
	at com.zaxxer.hikari.pool.HikariPool.createPoolEntry(HikariPool.java:476)
	at com.zaxxer.hikari.pool.HikariPool.access$100(HikariPool.java:71)
	at com.zaxxer.hikari.pool.HikariPool$PoolEntryCreator.call(HikariPool.java:726)
	at com.zaxxer.hikari.pool.HikariPool$PoolEntryCreator.call(HikariPool.java:712)
	at java.base/java.util.concurrent.FutureTask.run(FutureTask.java:264)
	at java.base/java.util.concurrent.ThreadPoolExecutor.runWorker(ThreadPoolExecutor.java:1136)
	at java.base/java.util.concurrent.ThreadPoolExecutor$Worker.run(ThreadPoolExecutor.java:635)
	at java.base/java.lang.Thread.run(Thread.java:833)
Caused by: java.io.FileNotFoundException: local_cromwell_run.db.script (No such file or directory)
	at java.base/java.io.FileInputStream.open0(Native Method)
	at java.base/java.io.FileInputStream.open(FileInputStream.java:216)
	at java.base/java.io.FileInputStream.<init>(FileInputStream.java:157)
	at java.base/java.io.FileInputStream.<init>(FileInputStream.java:111)
	at org.hsqldb.lib.FileUtil.openInputStreamElement(Unknown Source)
	at org.hsqldb.scriptio.ScriptReaderText.<init>(Unknown Source)
	... 21 common frames omitted
2026-02-05 21:28:20 db connection adder INFO  - open start - state modified
2026-02-05 21:28:20 db connection adder WARN  - Script processing failure
java.io.FileNotFoundException: local_cromwell_run.db.script (No such file or directory)
	at java.base/java.io.FileInputStream.open0(Native Method)
	at java.base/java.io.FileInputStream.open(FileInputStream.java:216)
	at java.base/java.io.FileInputStream.<init>(FileInputStream.java:157)
	at java.base/java.io.FileInputStream.<init>(FileInputStream.java:111)
	at org.hsqldb.lib.FileUtil.openInputStreamElement(Unknown Source)
	at org.hsqldb.scriptio.ScriptReaderText.<init>(Unknown Source)
	at org.hsqldb.persist.Log.processScript(Unknown Source)
	at org.hsqldb.persist.Log.open(Unknown Source)
	at org.hsqldb.persist.Logger.open(Unknown Source)
	at org.hsqldb.Database.reopen(Unknown Source)
	at org.hsqldb.Database.open(Unknown Source)
	at org.hsqldb.DatabaseManager.getDatabase(Unknown Source)
	at org.hsqldb.DatabaseManager.newSession(Unknown Source)
	at org.hsqldb.jdbc.JDBCConnection.<init>(Unknown Source)
	at org.hsqldb.jdbc.JDBCDriver.getConnection(Unknown Source)
	at org.hsqldb.jdbc.JDBCDriver.connect(Unknown Source)
	at com.zaxxer.hikari.util.DriverDataSource.getConnection(DriverDataSource.java:121)
	at com.zaxxer.hikari.pool.PoolBase.newConnection(PoolBase.java:364)
	at com.zaxxer.hikari.pool.PoolBase.newPoolEntry(PoolBase.java:206)
	at com.zaxxer.hikari.pool.HikariPool.createPoolEntry(HikariPool.java:476)
	at com.zaxxer.hikari.pool.HikariPool.access$100(HikariPool.java:71)
	at com.zaxxer.hikari.pool.HikariPool$PoolEntryCreator.call(HikariPool.java:726)
	at com.zaxxer.hikari.pool.HikariPool$PoolEntryCreator.call(HikariPool.java:712)
	at java.base/java.util.concurrent.FutureTask.run(FutureTask.java:264)
	at java.base/java.util.concurrent.ThreadPoolExecutor.runWorker(ThreadPoolExecutor.java:1136)
	at java.base/java.util.concurrent.ThreadPoolExecutor$Worker.run(ThreadPoolExecutor.java:635)
	at java.base/java.lang.Thread.run(Thread.java:833)
2026-02-05 21:28:20 db connection adder INFO  - Database closed
2026-02-05 21:28:20 db connection adder ERROR - could not reopen database
org.hsqldb.HsqlException: java.io.FileNotFoundException: local_cromwell_run.db.script (No such file or directory)
	at org.hsqldb.error.Error.error(Unknown Source)
	at org.hsqldb.persist.Log.processScript(Unknown Source)
	at org.hsqldb.persist.Log.open(Unknown Source)
	at org.hsqldb.persist.Logger.open(Unknown Source)
	at org.hsqldb.Database.reopen(Unknown Source)
	at org.hsqldb.Database.open(Unknown Source)
	at org.hsqldb.DatabaseManager.getDatabase(Unknown Source)
	at org.hsqldb.DatabaseManager.newSession(Unknown Source)
	at org.hsqldb.jdbc.JDBCConnection.<init>(Unknown Source)
	at org.hsqldb.jdbc.JDBCDriver.getConnection(Unknown Source)
	at org.hsqldb.jdbc.JDBCDriver.connect(Unknown Source)
	at com.zaxxer.hikari.util.DriverDataSource.getConnection(DriverDataSource.java:121)
	at com.zaxxer.hikari.pool.PoolBase.newConnection(PoolBase.java:364)
	at com.zaxxer.hikari.pool.PoolBase.newPoolEntry(PoolBase.java:206)
	at com.zaxxer.hikari.pool.HikariPool.createPoolEntry(HikariPool.java:476)
	at com.zaxxer.hikari.pool.HikariPool.access$100(HikariPool.java:71)
	at com.zaxxer.hikari.pool.HikariPool$PoolEntryCreator.call(HikariPool.java:726)
	at com.zaxxer.hikari.pool.HikariPool$PoolEntryCreator.call(HikariPool.java:712)
	at java.base/java.util.concurrent.FutureTask.run(FutureTask.java:264)
	at java.base/java.util.concurrent.ThreadPoolExecutor.runWorker(ThreadPoolExecutor.java:1136)
	at java.base/java.util.concurrent.ThreadPoolExecutor$Worker.run(ThreadPoolExecutor.java:635)
	at java.base/java.lang.Thread.run(Thread.java:833)
Caused by: java.io.FileNotFoundException: local_cromwell_run.db.script (No such file or directory)
	at java.base/java.io.FileInputStream.open0(Native Method)
	at java.base/java.io.FileInputStream.open(FileInputStream.java:216)
	at java.base/java.io.FileInputStream.<init>(FileInputStream.java:157)
	at java.base/java.io.FileInputStream.<init>(FileInputStream.java:111)
	at org.hsqldb.lib.FileUtil.openInputStreamElement(Unknown Source)
	at org.hsqldb.scriptio.ScriptReaderText.<init>(Unknown Source)
	... 21 common frames omitted
2026-02-05 21:28:22 db connection adder INFO  - open start - state modified
2026-02-05 21:28:22 db connection adder WARN  - Script processing failure
java.io.FileNotFoundException: local_cromwell_run.db.script (No such file or directory)
	at java.base/java.io.FileInputStream.open0(Native Method)
	at java.base/java.io.FileInputStream.open(FileInputStream.java:216)
	at java.base/java.io.FileInputStream.<init>(FileInputStream.java:157)
	at java.base/java.io.FileInputStream.<init>(FileInputStream.java:111)
	at org.hsqldb.lib.FileUtil.openInputStreamElement(Unknown Source)
	at org.hsqldb.scriptio.ScriptReaderText.<init>(Unknown Source)
	at org.hsqldb.persist.Log.processScript(Unknown Source)
	at org.hsqldb.persist.Log.open(Unknown Source)
	at org.hsqldb.persist.Logger.open(Unknown Source)
	at org.hsqldb.Database.reopen(Unknown Source)
	at org.hsqldb.Database.open(Unknown Source)
	at org.hsqldb.DatabaseManager.getDatabase(Unknown Source)
	at org.hsqldb.DatabaseManager.newSession(Unknown Source)
	at org.hsqldb.jdbc.JDBCConnection.<init>(Unknown Source)
	at org.hsqldb.jdbc.JDBCDriver.getConnection(Unknown Source)
	at org.hsqldb.jdbc.JDBCDriver.connect(Unknown Source)
	at com.zaxxer.hikari.util.DriverDataSource.getConnection(DriverDataSource.java:121)
	at com.zaxxer.hikari.pool.PoolBase.newConnection(PoolBase.java:364)
	at com.zaxxer.hikari.pool.PoolBase.newPoolEntry(PoolBase.java:206)
	at com.zaxxer.hikari.pool.HikariPool.createPoolEntry(HikariPool.java:476)
	at com.zaxxer.hikari.pool.HikariPool.access$100(HikariPool.java:71)
	at com.zaxxer.hikari.pool.HikariPool$PoolEntryCreator.call(HikariPool.java:726)
	at com.zaxxer.hikari.pool.HikariPool$PoolEntryCreator.call(HikariPool.java:712)
	at java.base/java.util.concurrent.FutureTask.run(FutureTask.java:264)
	at java.base/java.util.concurrent.ThreadPoolExecutor.runWorker(ThreadPoolExecutor.java:1136)
	at java.base/java.util.concurrent.ThreadPoolExecutor$Worker.run(ThreadPoolExecutor.java:635)
	at java.base/java.lang.Thread.run(Thread.java:833)
2026-02-05 21:28:22 db connection adder INFO  - Database closed
2026-02-05 21:28:22 db connection adder ERROR - could not reopen database
org.hsqldb.HsqlException: java.io.FileNotFoundException: local_cromwell_run.db.script (No such file or directory)
	at org.hsqldb.error.Error.error(Unknown Source)
	at org.hsqldb.persist.Log.processScript(Unknown Source)
	at org.hsqldb.persist.Log.open(Unknown Source)
	at org.hsqldb.persist.Logger.open(Unknown Source)
	at org.hsqldb.Database.reopen(Unknown Source)
	at org.hsqldb.Database.open(Unknown Source)
	at org.hsqldb.DatabaseManager.getDatabase(Unknown Source)
	at org.hsqldb.DatabaseManager.newSession(Unknown Source)
	at org.hsqldb.jdbc.JDBCConnection.<init>(Unknown Source)
	at org.hsqldb.jdbc.JDBCDriver.getConnection(Unknown Source)
	at org.hsqldb.jdbc.JDBCDriver.connect(Unknown Source)
	at com.zaxxer.hikari.util.DriverDataSource.getConnection(DriverDataSource.java:121)
	at com.zaxxer.hikari.pool.PoolBase.newConnection(PoolBase.java:364)
	at com.zaxxer.hikari.pool.PoolBase.newPoolEntry(PoolBase.java:206)
	at com.zaxxer.hikari.pool.HikariPool.createPoolEntry(HikariPool.java:476)
	at com.zaxxer.hikari.pool.HikariPool.access$100(HikariPool.java:71)
	at com.zaxxer.hikari.pool.HikariPool$PoolEntryCreator.call(HikariPool.java:726)
	at com.zaxxer.hikari.pool.HikariPool$PoolEntryCreator.call(HikariPool.java:712)
	at java.base/java.util.concurrent.FutureTask.run(FutureTask.java:264)
	at java.base/java.util.concurrent.ThreadPoolExecutor.runWorker(ThreadPoolExecutor.java:1136)
	at java.base/java.util.concurrent.ThreadPoolExecutor$Worker.run(ThreadPoolExecutor.java:635)
	at java.base/java.lang.Thread.run(Thread.java:833)
Caused by: java.io.FileNotFoundException: local_cromwell_run.db.script (No such file or directory)
	at java.base/java.io.FileInputStream.open0(Native Method)
	at java.base/java.io.FileInputStream.open(FileInputStream.java:216)
	at java.base/java.io.FileInputStream.<init>(FileInputStream.java:157)
	at java.base/java.io.FileInputStream.<init>(FileInputStream.java:111)
	at org.hsqldb.lib.FileUtil.openInputStreamElement(Unknown Source)
	at org.hsqldb.scriptio.ScriptReaderText.<init>(Unknown Source)
	... 21 common frames omitted
2026-02-05 21:28:25 db connection adder INFO  - open start - state modified
2026-02-05 21:28:25 db connection adder WARN  - Script processing failure
java.io.FileNotFoundException: local_cromwell_run.db.script (No such file or directory)
	at java.base/java.io.FileInputStream.open0(Native Method)
	at java.base/java.io.FileInputStream.open(FileInputStream.java:216)
	at java.base/java.io.FileInputStream.<init>(FileInputStream.java:157)
	at java.base/java.io.FileInputStream.<init>(FileInputStream.java:111)
	at org.hsqldb.lib.FileUtil.openInputStreamElement(Unknown Source)
	at org.hsqldb.scriptio.ScriptReaderText.<init>(Unknown Source)
	at org.hsqldb.persist.Log.processScript(Unknown Source)
	at org.hsqldb.persist.Log.open(Unknown Source)
	at org.hsqldb.persist.Logger.open(Unknown Source)
	at org.hsqldb.Database.reopen(Unknown Source)
	at org.hsqldb.Database.open(Unknown Source)
	at org.hsqldb.DatabaseManager.getDatabase(Unknown Source)
	at org.hsqldb.DatabaseManager.newSession(Unknown Source)
	at org.hsqldb.jdbc.JDBCConnection.<init>(Unknown Source)
	at org.hsqldb.jdbc.JDBCDriver.getConnection(Unknown Source)
	at org.hsqldb.jdbc.JDBCDriver.connect(Unknown Source)
	at com.zaxxer.hikari.util.DriverDataSource.getConnection(DriverDataSource.java:121)
	at com.zaxxer.hikari.pool.PoolBase.newConnection(PoolBase.java:364)
	at com.zaxxer.hikari.pool.PoolBase.newPoolEntry(PoolBase.java:206)
	at com.zaxxer.hikari.pool.HikariPool.createPoolEntry(HikariPool.java:476)
	at com.zaxxer.hikari.pool.HikariPool.access$100(HikariPool.java:71)
	at com.zaxxer.hikari.pool.HikariPool$PoolEntryCreator.call(HikariPool.java:726)
	at com.zaxxer.hikari.pool.HikariPool$PoolEntryCreator.call(HikariPool.java:712)
	at java.base/java.util.concurrent.FutureTask.run(FutureTask.java:264)
	at java.base/java.util.concurrent.ThreadPoolExecutor.runWorker(ThreadPoolExecutor.java:1136)
	at java.base/java.util.concurrent.ThreadPoolExecutor$Worker.run(ThreadPoolExecutor.java:635)
	at java.base/java.lang.Thread.run(Thread.java:833)
2026-02-05 21:28:25 db connection adder INFO  - Database closed
2026-02-05 21:28:25 db connection adder ERROR - could not reopen database
org.hsqldb.HsqlException: java.io.FileNotFoundException: local_cromwell_run.db.script (No such file or directory)
	at org.hsqldb.error.Error.error(Unknown Source)
	at org.hsqldb.persist.Log.processScript(Unknown Source)
	at org.hsqldb.persist.Log.open(Unknown Source)
	at org.hsqldb.persist.Logger.open(Unknown Source)
	at org.hsqldb.Database.reopen(Unknown Source)
	at org.hsqldb.Database.open(Unknown Source)
	at org.hsqldb.DatabaseManager.getDatabase(Unknown Source)
	at org.hsqldb.DatabaseManager.newSession(Unknown Source)
	at org.hsqldb.jdbc.JDBCConnection.<init>(Unknown Source)
	at org.hsqldb.jdbc.JDBCDriver.getConnection(Unknown Source)
	at org.hsqldb.jdbc.JDBCDriver.connect(Unknown Source)
	at com.zaxxer.hikari.util.DriverDataSource.getConnection(DriverDataSource.java:121)
	at com.zaxxer.hikari.pool.PoolBase.newConnection(PoolBase.java:364)
	at com.zaxxer.hikari.pool.PoolBase.newPoolEntry(PoolBase.java:206)
	at com.zaxxer.hikari.pool.HikariPool.createPoolEntry(HikariPool.java:476)
	at com.zaxxer.hikari.pool.HikariPool.access$100(HikariPool.java:71)
	at com.zaxxer.hikari.pool.HikariPool$PoolEntryCreator.call(HikariPool.java:726)
	at com.zaxxer.hikari.pool.HikariPool$PoolEntryCreator.call(HikariPool.java:712)
	at java.base/java.util.concurrent.FutureTask.run(FutureTask.java:264)
	at java.base/java.util.concurrent.ThreadPoolExecutor.runWorker(ThreadPoolExecutor.java:1136)
	at java.base/java.util.concurrent.ThreadPoolExecutor$Worker.run(ThreadPoolExecutor.java:635)
	at java.base/java.lang.Thread.run(Thread.java:833)
Caused by: java.io.FileNotFoundException: local_cromwell_run.db.script (No such file or directory)
	at java.base/java.io.FileInputStream.open0(Native Method)
	at java.base/java.io.FileInputStream.open(FileInputStream.java:216)
	at java.base/java.io.FileInputStream.<init>(FileInputStream.java:157)
	at java.base/java.io.FileInputStream.<init>(FileInputStream.java:111)
	at org.hsqldb.lib.FileUtil.openInputStreamElement(Unknown Source)
	at org.hsqldb.scriptio.ScriptReaderText.<init>(Unknown Source)
	... 21 common frames omitted
2026-02-05 21:28:29 db connection adder INFO  - open start - state modified
2026-02-05 21:28:29 db connection adder WARN  - Script processing failure
java.io.FileNotFoundException: local_cromwell_run.db.script (No such file or directory)
	at java.base/java.io.FileInputStream.open0(Native Method)
	at java.base/java.io.FileInputStream.open(FileInputStream.java:216)
	at java.base/java.io.FileInputStream.<init>(FileInputStream.java:157)
	at java.base/java.io.FileInputStream.<init>(FileInputStream.java:111)
	at org.hsqldb.lib.FileUtil.openInputStreamElement(Unknown Source)
	at org.hsqldb.scriptio.ScriptReaderText.<init>(Unknown Source)
	at org.hsqldb.persist.Log.processScript(Unknown Source)
	at org.hsqldb.persist.Log.open(Unknown Source)
	at org.hsqldb.persist.Logger.open(Unknown Source)
	at org.hsqldb.Database.reopen(Unknown Source)
	at org.hsqldb.Database.open(Unknown Source)
	at org.hsqldb.DatabaseManager.getDatabase(Unknown Source)
	at org.hsqldb.DatabaseManager.newSession(Unknown Source)
	at org.hsqldb.jdbc.JDBCConnection.<init>(Unknown Source)
	at org.hsqldb.jdbc.JDBCDriver.getConnection(Unknown Source)
	at org.hsqldb.jdbc.JDBCDriver.connect(Unknown Source)
	at com.zaxxer.hikari.util.DriverDataSource.getConnection(DriverDataSource.java:121)
	at com.zaxxer.hikari.pool.PoolBase.newConnection(PoolBase.java:364)
	at com.zaxxer.hikari.pool.PoolBase.newPoolEntry(PoolBase.java:206)
	at com.zaxxer.hikari.pool.HikariPool.createPoolEntry(HikariPool.java:476)
	at com.zaxxer.hikari.pool.HikariPool.access$100(HikariPool.java:71)
	at com.zaxxer.hikari.pool.HikariPool$PoolEntryCreator.call(HikariPool.java:726)
	at com.zaxxer.hikari.pool.HikariPool$PoolEntryCreator.call(HikariPool.java:712)
	at java.base/java.util.concurrent.FutureTask.run(FutureTask.java:264)
	at java.base/java.util.concurrent.ThreadPoolExecutor.runWorker(ThreadPoolExecutor.java:1136)
	at java.base/java.util.concurrent.ThreadPoolExecutor$Worker.run(ThreadPoolExecutor.java:635)
	at java.base/java.lang.Thread.run(Thread.java:833)
2026-02-05 21:28:29 db connection adder INFO  - Database closed
2026-02-05 21:28:29 db connection adder ERROR - could not reopen database
org.hsqldb.HsqlException: java.io.FileNotFoundException: local_cromwell_run.db.script (No such file or directory)
	at org.hsqldb.error.Error.error(Unknown Source)
	at org.hsqldb.persist.Log.processScript(Unknown Source)
	at org.hsqldb.persist.Log.open(Unknown Source)
	at org.hsqldb.persist.Logger.open(Unknown Source)
	at org.hsqldb.Database.reopen(Unknown Source)
	at org.hsqldb.Database.open(Unknown Source)
	at org.hsqldb.DatabaseManager.getDatabase(Unknown Source)
	at org.hsqldb.DatabaseManager.newSession(Unknown Source)
	at org.hsqldb.jdbc.JDBCConnection.<init>(Unknown Source)
	at org.hsqldb.jdbc.JDBCDriver.getConnection(Unknown Source)
	at org.hsqldb.jdbc.JDBCDriver.connect(Unknown Source)
	at com.zaxxer.hikari.util.DriverDataSource.getConnection(DriverDataSource.java:121)
	at com.zaxxer.hikari.pool.PoolBase.newConnection(PoolBase.java:364)
	at com.zaxxer.hikari.pool.PoolBase.newPoolEntry(PoolBase.java:206)
	at com.zaxxer.hikari.pool.HikariPool.createPoolEntry(HikariPool.java:476)
	at com.zaxxer.hikari.pool.HikariPool.access$100(HikariPool.java:71)
	at com.zaxxer.hikari.pool.HikariPool$PoolEntryCreator.call(HikariPool.java:726)
	at com.zaxxer.hikari.pool.HikariPool$PoolEntryCreator.call(HikariPool.java:712)
	at java.base/java.util.concurrent.FutureTask.run(FutureTask.java:264)
	at java.base/java.util.concurrent.ThreadPoolExecutor.runWorker(ThreadPoolExecutor.java:1136)
	at java.base/java.util.concurrent.ThreadPoolExecutor$Worker.run(ThreadPoolExecutor.java:635)
	at java.base/java.lang.Thread.run(Thread.java:833)
Caused by: java.io.FileNotFoundException: local_cromwell_run.db.script (No such file or directory)
	at java.base/java.io.FileInputStream.open0(Native Method)
	at java.base/java.io.FileInputStream.open(FileInputStream.java:216)
	at java.base/java.io.FileInputStream.<init>(FileInputStream.java:157)
	at java.base/java.io.FileInputStream.<init>(FileInputStream.java:111)
	at org.hsqldb.lib.FileUtil.openInputStreamElement(Unknown Source)
	at org.hsqldb.scriptio.ScriptReaderText.<init>(Unknown Source)
	... 21 common frames omitted
2026-02-05 21:28:36 db connection adder INFO  - open start - state modified
2026-02-05 21:28:36 db connection adder WARN  - Script processing failure
java.io.FileNotFoundException: local_cromwell_run.db.script (No such file or directory)
	at java.base/java.io.FileInputStream.open0(Native Method)
	at java.base/java.io.FileInputStream.open(FileInputStream.java:216)
	at java.base/java.io.FileInputStream.<init>(FileInputStream.java:157)
	at java.base/java.io.FileInputStream.<init>(FileInputStream.java:111)
	at org.hsqldb.lib.FileUtil.openInputStreamElement(Unknown Source)
	at org.hsqldb.scriptio.ScriptReaderText.<init>(Unknown Source)
	at org.hsqldb.persist.Log.processScript(Unknown Source)
	at org.hsqldb.persist.Log.open(Unknown Source)
	at org.hsqldb.persist.Logger.open(Unknown Source)
	at org.hsqldb.Database.reopen(Unknown Source)
	at org.hsqldb.Database.open(Unknown Source)
	at org.hsqldb.DatabaseManager.getDatabase(Unknown Source)
	at org.hsqldb.DatabaseManager.newSession(Unknown Source)
	at org.hsqldb.jdbc.JDBCConnection.<init>(Unknown Source)
	at org.hsqldb.jdbc.JDBCDriver.getConnection(Unknown Source)
	at org.hsqldb.jdbc.JDBCDriver.connect(Unknown Source)
	at com.zaxxer.hikari.util.DriverDataSource.getConnection(DriverDataSource.java:121)
	at com.zaxxer.hikari.pool.PoolBase.newConnection(PoolBase.java:364)
	at com.zaxxer.hikari.pool.PoolBase.newPoolEntry(PoolBase.java:206)
	at com.zaxxer.hikari.pool.HikariPool.createPoolEntry(HikariPool.java:476)
	at com.zaxxer.hikari.pool.HikariPool.access$100(HikariPool.java:71)
	at com.zaxxer.hikari.pool.HikariPool$PoolEntryCreator.call(HikariPool.java:726)
	at com.zaxxer.hikari.pool.HikariPool$PoolEntryCreator.call(HikariPool.java:712)
	at java.base/java.util.concurrent.FutureTask.run(FutureTask.java:264)
	at java.base/java.util.concurrent.ThreadPoolExecutor.runWorker(ThreadPoolExecutor.java:1136)
	at java.base/java.util.concurrent.ThreadPoolExecutor$Worker.run(ThreadPoolExecutor.java:635)
	at java.base/java.lang.Thread.run(Thread.java:833)
2026-02-05 21:28:36 db connection adder INFO  - Database closed
2026-02-05 21:28:36 db connection adder ERROR - could not reopen database
org.hsqldb.HsqlException: java.io.FileNotFoundException: local_cromwell_run.db.script (No such file or directory)
	at org.hsqldb.error.Error.error(Unknown Source)
	at org.hsqldb.persist.Log.processScript(Unknown Source)
	at org.hsqldb.persist.Log.open(Unknown Source)
	at org.hsqldb.persist.Logger.open(Unknown Source)
	at org.hsqldb.Database.reopen(Unknown Source)
	at org.hsqldb.Database.open(Unknown Source)
	at org.hsqldb.DatabaseManager.getDatabase(Unknown Source)
	at org.hsqldb.DatabaseManager.newSession(Unknown Source)
	at org.hsqldb.jdbc.JDBCConnection.<init>(Unknown Source)
	at org.hsqldb.jdbc.JDBCDriver.getConnection(Unknown Source)
	at org.hsqldb.jdbc.JDBCDriver.connect(Unknown Source)
	at com.zaxxer.hikari.util.DriverDataSource.getConnection(DriverDataSource.java:121)
	at com.zaxxer.hikari.pool.PoolBase.newConnection(PoolBase.java:364)
	at com.zaxxer.hikari.pool.PoolBase.newPoolEntry(PoolBase.java:206)
	at com.zaxxer.hikari.pool.HikariPool.createPoolEntry(HikariPool.java:476)
	at com.zaxxer.hikari.pool.HikariPool.access$100(HikariPool.java:71)
	at com.zaxxer.hikari.pool.HikariPool$PoolEntryCreator.call(HikariPool.java:726)
	at com.zaxxer.hikari.pool.HikariPool$PoolEntryCreator.call(HikariPool.java:712)
	at java.base/java.util.concurrent.FutureTask.run(FutureTask.java:264)
	at java.base/java.util.concurrent.ThreadPoolExecutor.runWorker(ThreadPoolExecutor.java:1136)
	at java.base/java.util.concurrent.ThreadPoolExecutor$Worker.run(ThreadPoolExecutor.java:635)
	at java.base/java.lang.Thread.run(Thread.java:833)
Caused by: java.io.FileNotFoundException: local_cromwell_run.db.script (No such file or directory)
	at java.base/java.io.FileInputStream.open0(Native Method)
	at java.base/java.io.FileInputStream.open(FileInputStream.java:216)
	at java.base/java.io.FileInputStream.<init>(FileInputStream.java:157)
	at java.base/java.io.FileInputStream.<init>(FileInputStream.java:111)
	at org.hsqldb.lib.FileUtil.openInputStreamElement(Unknown Source)
	at org.hsqldb.scriptio.ScriptReaderText.<init>(Unknown Source)
	... 21 common frames omitted
2026-02-05 21:28:45 db connection adder INFO  - open start - state modified
2026-02-05 21:28:45 db connection adder WARN  - Script processing failure
java.io.FileNotFoundException: local_cromwell_run.db.script (No such file or directory)
	at java.base/java.io.FileInputStream.open0(Native Method)
	at java.base/java.io.FileInputStream.open(FileInputStream.java:216)
	at java.base/java.io.FileInputStream.<init>(FileInputStream.java:157)
	at java.base/java.io.FileInputStream.<init>(FileInputStream.java:111)
	at org.hsqldb.lib.FileUtil.openInputStreamElement(Unknown Source)
	at org.hsqldb.scriptio.ScriptReaderText.<init>(Unknown Source)
	at org.hsqldb.persist.Log.processScript(Unknown Source)
	at org.hsqldb.persist.Log.open(Unknown Source)
	at org.hsqldb.persist.Logger.open(Unknown Source)
	at org.hsqldb.Database.reopen(Unknown Source)
	at org.hsqldb.Database.open(Unknown Source)
	at org.hsqldb.DatabaseManager.getDatabase(Unknown Source)
	at org.hsqldb.DatabaseManager.newSession(Unknown Source)
	at org.hsqldb.jdbc.JDBCConnection.<init>(Unknown Source)
	at org.hsqldb.jdbc.JDBCDriver.getConnection(Unknown Source)
	at org.hsqldb.jdbc.JDBCDriver.connect(Unknown Source)
	at com.zaxxer.hikari.util.DriverDataSource.getConnection(DriverDataSource.java:121)
	at com.zaxxer.hikari.pool.PoolBase.newConnection(PoolBase.java:364)
	at com.zaxxer.hikari.pool.PoolBase.newPoolEntry(PoolBase.java:206)
	at com.zaxxer.hikari.pool.HikariPool.createPoolEntry(HikariPool.java:476)
	at com.zaxxer.hikari.pool.HikariPool.access$100(HikariPool.java:71)
	at com.zaxxer.hikari.pool.HikariPool$PoolEntryCreator.call(HikariPool.java:726)
	at com.zaxxer.hikari.pool.HikariPool$PoolEntryCreator.call(HikariPool.java:712)
	at java.base/java.util.concurrent.FutureTask.run(FutureTask.java:264)
	at java.base/java.util.concurrent.ThreadPoolExecutor.runWorker(ThreadPoolExecutor.java:1136)
	at java.base/java.util.concurrent.ThreadPoolExecutor$Worker.run(ThreadPoolExecutor.java:635)
	at java.base/java.lang.Thread.run(Thread.java:833)
2026-02-05 21:28:45 db connection adder INFO  - Database closed
2026-02-05 21:28:45 db connection adder ERROR - could not reopen database
org.hsqldb.HsqlException: java.io.FileNotFoundException: local_cromwell_run.db.script (No such file or directory)
	at org.hsqldb.error.Error.error(Unknown Source)
	at org.hsqldb.persist.Log.processScript(Unknown Source)
	at org.hsqldb.persist.Log.open(Unknown Source)
	at org.hsqldb.persist.Logger.open(Unknown Source)
	at org.hsqldb.Database.reopen(Unknown Source)
	at org.hsqldb.Database.open(Unknown Source)
	at org.hsqldb.DatabaseManager.getDatabase(Unknown Source)
	at org.hsqldb.DatabaseManager.newSession(Unknown Source)
	at org.hsqldb.jdbc.JDBCConnection.<init>(Unknown Source)
	at org.hsqldb.jdbc.JDBCDriver.getConnection(Unknown Source)
	at org.hsqldb.jdbc.JDBCDriver.connect(Unknown Source)
	at com.zaxxer.hikari.util.DriverDataSource.getConnection(DriverDataSource.java:121)
	at com.zaxxer.hikari.pool.PoolBase.newConnection(PoolBase.java:364)
	at com.zaxxer.hikari.pool.PoolBase.newPoolEntry(PoolBase.java:206)
	at com.zaxxer.hikari.pool.HikariPool.createPoolEntry(HikariPool.java:476)
	at com.zaxxer.hikari.pool.HikariPool.access$100(HikariPool.java:71)
	at com.zaxxer.hikari.pool.HikariPool$PoolEntryCreator.call(HikariPool.java:726)
	at com.zaxxer.hikari.pool.HikariPool$PoolEntryCreator.call(HikariPool.java:712)
	at java.base/java.util.concurrent.FutureTask.run(FutureTask.java:264)
	at java.base/java.util.concurrent.ThreadPoolExecutor.runWorker(ThreadPoolExecutor.java:1136)
	at java.base/java.util.concurrent.ThreadPoolExecutor$Worker.run(ThreadPoolExecutor.java:635)
	at java.base/java.lang.Thread.run(Thread.java:833)
Caused by: java.io.FileNotFoundException: local_cromwell_run.db.script (No such file or directory)
	at java.base/java.io.FileInputStream.open0(Native Method)
	at java.base/java.io.FileInputStream.open(FileInputStream.java:216)
	at java.base/java.io.FileInputStream.<init>(FileInputStream.java:157)
	at java.base/java.io.FileInputStream.<init>(FileInputStream.java:111)
	at org.hsqldb.lib.FileUtil.openInputStreamElement(Unknown Source)
	at org.hsqldb.scriptio.ScriptReaderText.<init>(Unknown Source)
	... 21 common frames omitted
2026-02-05 21:28:55 db connection adder INFO  - open start - state modified
2026-02-05 21:28:55 db connection adder WARN  - Script processing failure
java.io.FileNotFoundException: local_cromwell_run.db.script (No such file or directory)
	at java.base/java.io.FileInputStream.open0(Native Method)
	at java.base/java.io.FileInputStream.open(FileInputStream.java:216)
	at java.base/java.io.FileInputStream.<init>(FileInputStream.java:157)
	at java.base/java.io.FileInputStream.<init>(FileInputStream.java:111)
	at org.hsqldb.lib.FileUtil.openInputStreamElement(Unknown Source)
	at org.hsqldb.scriptio.ScriptReaderText.<init>(Unknown Source)
	at org.hsqldb.persist.Log.processScript(Unknown Source)
	at org.hsqldb.persist.Log.open(Unknown Source)
	at org.hsqldb.persist.Logger.open(Unknown Source)
	at org.hsqldb.Database.reopen(Unknown Source)
	at org.hsqldb.Database.open(Unknown Source)
	at org.hsqldb.DatabaseManager.getDatabase(Unknown Source)
	at org.hsqldb.DatabaseManager.newSession(Unknown Source)
	at org.hsqldb.jdbc.JDBCConnection.<init>(Unknown Source)
	at org.hsqldb.jdbc.JDBCDriver.getConnection(Unknown Source)
	at org.hsqldb.jdbc.JDBCDriver.connect(Unknown Source)
	at com.zaxxer.hikari.util.DriverDataSource.getConnection(DriverDataSource.java:121)
	at com.zaxxer.hikari.pool.PoolBase.newConnection(PoolBase.java:364)
	at com.zaxxer.hikari.pool.PoolBase.newPoolEntry(PoolBase.java:206)
	at com.zaxxer.hikari.pool.HikariPool.createPoolEntry(HikariPool.java:476)
	at com.zaxxer.hikari.pool.HikariPool.access$100(HikariPool.java:71)
	at com.zaxxer.hikari.pool.HikariPool$PoolEntryCreator.call(HikariPool.java:726)
	at com.zaxxer.hikari.pool.HikariPool$PoolEntryCreator.call(HikariPool.java:712)
	at java.base/java.util.concurrent.FutureTask.run(FutureTask.java:264)
	at java.base/java.util.concurrent.ThreadPoolExecutor.runWorker(ThreadPoolExecutor.java:1136)
	at java.base/java.util.concurrent.ThreadPoolExecutor$Worker.run(ThreadPoolExecutor.java:635)
	at java.base/java.lang.Thread.run(Thread.java:833)
2026-02-05 21:28:55 db connection adder INFO  - Database closed
2026-02-05 21:28:56 db connection adder ERROR - could not reopen database
org.hsqldb.HsqlException: java.io.FileNotFoundException: local_cromwell_run.db.script (No such file or directory)
	at org.hsqldb.error.Error.error(Unknown Source)
	at org.hsqldb.persist.Log.processScript(Unknown Source)
	at org.hsqldb.persist.Log.open(Unknown Source)
	at org.hsqldb.persist.Logger.open(Unknown Source)
	at org.hsqldb.Database.reopen(Unknown Source)
	at org.hsqldb.Database.open(Unknown Source)
	at org.hsqldb.DatabaseManager.getDatabase(Unknown Source)
	at org.hsqldb.DatabaseManager.newSession(Unknown Source)
	at org.hsqldb.jdbc.JDBCConnection.<init>(Unknown Source)
	at org.hsqldb.jdbc.JDBCDriver.getConnection(Unknown Source)
	at org.hsqldb.jdbc.JDBCDriver.connect(Unknown Source)
	at com.zaxxer.hikari.util.DriverDataSource.getConnection(DriverDataSource.java:121)
	at com.zaxxer.hikari.pool.PoolBase.newConnection(PoolBase.java:364)
	at com.zaxxer.hikari.pool.PoolBase.newPoolEntry(PoolBase.java:206)
	at com.zaxxer.hikari.pool.HikariPool.createPoolEntry(HikariPool.java:476)
	at com.zaxxer.hikari.pool.HikariPool.access$100(HikariPool.java:71)
	at com.zaxxer.hikari.pool.HikariPool$PoolEntryCreator.call(HikariPool.java:726)
	at com.zaxxer.hikari.pool.HikariPool$PoolEntryCreator.call(HikariPool.java:712)
	at java.base/java.util.concurrent.FutureTask.run(FutureTask.java:264)
	at java.base/java.util.concurrent.ThreadPoolExecutor.runWorker(ThreadPoolExecutor.java:1136)
	at java.base/java.util.concurrent.ThreadPoolExecutor$Worker.run(ThreadPoolExecutor.java:635)
	at java.base/java.lang.Thread.run(Thread.java:833)
Caused by: java.io.FileNotFoundException: local_cromwell_run.db.script (No such file or directory)
	at java.base/java.io.FileInputStream.open0(Native Method)
	at java.base/java.io.FileInputStream.open(FileInputStream.java:216)
	at java.base/java.io.FileInputStream.<init>(FileInputStream.java:157)
	at java.base/java.io.FileInputStream.<init>(FileInputStream.java:111)
	at org.hsqldb.lib.FileUtil.openInputStreamElement(Unknown Source)
	at org.hsqldb.scriptio.ScriptReaderText.<init>(Unknown Source)
	... 21 common frames omitted
