/*C1*/SET SCHEMA SYSTEM_LOBS
INSERT INTO LOB_IDS VALUES(1,13380,0,40)
ALTER SEQUENCE SYSTEM_LOBS.LOB_ID RESTART WITH 2
COMMIT
DELETE FROM BLOCKS WHERE BLOCK_ADDR=0
INSERT INTO BLOCKS VALUES(1,2147483646,0)
INSERT INTO LOBS VALUES(0,1,0,1)
COMMIT
INSERT INTO PARTS VALUES(1,0,0,26760,4666,1)
COMMIT
INSERT INTO LOB_IDS VALUES(2,3500,0,40)
ALTER SEQUENCE SYSTEM_LOBS.LOB_ID RESTART WITH 3
COMMIT
DELETE FROM BLOCKS WHERE BLOCK_ADDR=1
INSERT INTO BLOCKS VALUES(2,2147483645,0)
INSERT INTO LOBS VALUES(1,1,0,2)
COMMIT
INSERT INTO PARTS VALUES(1,0,0,7000,1180,2)
COMMIT
INSERT INTO LOB_IDS VALUES(3,93,0,40)
ALTER SEQUENCE SYSTEM_LOBS.LOB_ID RESTART WITH 4
COMMIT
DELETE FROM BLOCKS WHERE BLOCK_ADDR=2
INSERT INTO BLOCKS VALUES(3,2147483644,0)
INSERT INTO LOBS VALUES(2,1,0,3)
COMMIT
INSERT INTO PARTS VALUES(1,0,0,186,131,3)
COMMIT
INSERT INTO LOB_IDS VALUES(4,53013,0,30)
ALTER SEQUENCE SYSTEM_LOBS.LOB_ID RESTART WITH 5
COMMIT
DELETE FROM BLOCKS WHERE BLOCK_ADDR=3
INSERT INTO BLOCKS VALUES(5,2147483642,0)
INSERT INTO LOBS VALUES(3,2,0,4)
COMMIT
INSERT INTO PARTS VALUES(2,0,0,53013,51866,4)
COMMIT
INSERT INTO LOB_IDS VALUES(5,2,0,40)
ALTER SEQUENCE SYSTEM_LOBS.LOB_ID RESTART WITH 6
COMMIT
DELETE FROM BLOCKS WHERE BLOCK_ADDR=5
INSERT INTO BLOCKS VALUES(6,2147483641,0)
INSERT INTO LOBS VALUES(5,1,0,5)
COMMIT
INSERT INTO PARTS VALUES(1,0,0,4,12,5)
COMMIT
/*C2*/SET SCHEMA PUBLIC
INSERT INTO WORKFLOW_STORE_ENTRY VALUES(0,'0913b160-0c80-4ab9-b844-65f1d6a06c06',1,2,3,'Submitted','2026-02-05 21:29:59.408477',4,5,NULL,NULL,NULL,NULL,NULL,NULL,'0913b160')
SET SCHEMA SYSTEM_LOBS
DELETE FROM LOB_IDS WHERE LOB_ID=1
INSERT INTO LOB_IDS VALUES(1,13380,1,40)
DELETE FROM LOB_IDS WHERE LOB_ID=2
INSERT INTO LOB_IDS VALUES(2,3500,1,40)
DELETE FROM LOB_IDS WHERE LOB_ID=3
INSERT INTO LOB_IDS VALUES(3,93,1,40)
DELETE FROM LOB_IDS WHERE LOB_ID=4
INSERT INTO LOB_IDS VALUES(4,53013,1,30)
DELETE FROM LOB_IDS WHERE LOB_ID=5
INSERT INTO LOB_IDS VALUES(5,2,1,40)
COMMIT
SET SCHEMA PUBLIC
DELETE FROM WORKFLOW_STORE_ENTRY WHERE WORKFLOW_STORE_ENTRY_ID=0
INSERT INTO WORKFLOW_STORE_ENTRY VALUES(0,'0913b160-0c80-4ab9-b844-65f1d6a06c06',1,2,3,'Running','2026-02-05 21:29:59.408477',4,5,NULL,NULL,NULL,'cromid-cffa39a','2026-02-05 21:30:00.349448',NULL,'0913b160')
SET SCHEMA SYSTEM_LOBS
DELETE FROM LOB_IDS WHERE LOB_ID=1
DELETE FROM LOB_IDS WHERE LOB_ID=2
DELETE FROM LOB_IDS WHERE LOB_ID=3
DELETE FROM LOB_IDS WHERE LOB_ID=4
DELETE FROM LOB_IDS WHERE LOB_ID=5
INSERT INTO LOB_IDS VALUES(1,13380,1,40)
INSERT INTO LOB_IDS VALUES(2,3500,1,40)
INSERT INTO LOB_IDS VALUES(3,93,1,40)
INSERT INTO LOB_IDS VALUES(4,53013,1,30)
INSERT INTO LOB_IDS VALUES(5,2,1,40)
COMMIT
/*C1*/INSERT INTO LOB_IDS VALUES(6,24,0,40)
ALTER SEQUENCE SYSTEM_LOBS.LOB_ID RESTART WITH 7
COMMIT
DELETE FROM BLOCKS WHERE BLOCK_ADDR=6
INSERT INTO BLOCKS VALUES(7,2147483640,0)
INSERT INTO LOBS VALUES(6,1,0,6)
COMMIT
INSERT INTO PARTS VALUES(1,0,0,48,45,6)
COMMIT
INSERT INTO LOB_IDS VALUES(7,9,0,40)
ALTER SEQUENCE SYSTEM_LOBS.LOB_ID RESTART WITH 8
COMMIT
DELETE FROM BLOCKS WHERE BLOCK_ADDR=7
INSERT INTO BLOCKS VALUES(8,2147483639,0)
INSERT INTO LOBS VALUES(7,1,0,7)
COMMIT
INSERT INTO PARTS VALUES(1,0,0,18,24,7)
COMMIT
INSERT INTO LOB_IDS VALUES(8,45,0,40)
ALTER SEQUENCE SYSTEM_LOBS.LOB_ID RESTART WITH 9
COMMIT
DELETE FROM BLOCKS WHERE BLOCK_ADDR=8
INSERT INTO BLOCKS VALUES(9,2147483638,0)
INSERT INTO LOBS VALUES(8,1,0,8)
COMMIT
INSERT INTO PARTS VALUES(1,0,0,90,70,8)
COMMIT
INSERT INTO LOB_IDS VALUES(9,9,0,40)
ALTER SEQUENCE SYSTEM_LOBS.LOB_ID RESTART WITH 10
COMMIT
DELETE FROM BLOCKS WHERE BLOCK_ADDR=9
INSERT INTO BLOCKS VALUES(10,2147483637,0)
INSERT INTO LOBS VALUES(9,1,0,9)
COMMIT
INSERT INTO PARTS VALUES(1,0,0,18,24,9)
COMMIT
INSERT INTO LOB_IDS VALUES(10,24,0,40)
ALTER SEQUENCE SYSTEM_LOBS.LOB_ID RESTART WITH 11
COMMIT
DELETE FROM BLOCKS WHERE BLOCK_ADDR=10
INSERT INTO BLOCKS VALUES(11,2147483636,0)
INSERT INTO LOBS VALUES(10,1,0,10)
COMMIT
INSERT INTO PARTS VALUES(1,0,0,48,45,10)
COMMIT
INSERT INTO LOB_IDS VALUES(11,7,0,40)
ALTER SEQUENCE SYSTEM_LOBS.LOB_ID RESTART WITH 12
COMMIT
DELETE FROM BLOCKS WHERE BLOCK_ADDR=11
INSERT INTO BLOCKS VALUES(12,2147483635,0)
INSERT INTO LOBS VALUES(11,1,0,11)
COMMIT
INSERT INTO PARTS VALUES(1,0,0,14,19,11)
COMMIT
INSERT INTO LOB_IDS VALUES(12,45,0,40)
ALTER SEQUENCE SYSTEM_LOBS.LOB_ID RESTART WITH 13
COMMIT
DELETE FROM BLOCKS WHERE BLOCK_ADDR=12
INSERT INTO BLOCKS VALUES(13,2147483634,0)
INSERT INTO LOBS VALUES(12,1,0,12)
COMMIT
INSERT INTO PARTS VALUES(1,0,0,90,70,12)
COMMIT
/*C22*/SET SCHEMA PUBLIC
INSERT INTO METADATA_ENTRY VALUES(0,'0913b160-0c80-4ab9-b844-65f1d6a06c06','submission',NULL,NULL,NULL,6,'2026-02-05 21:29:59.479187','string')
INSERT INTO METADATA_ENTRY VALUES(1,'0913b160-0c80-4ab9-b844-65f1d6a06c06','status',NULL,NULL,NULL,7,'2026-02-05 21:29:59.479250','string')
INSERT INTO METADATA_ENTRY VALUES(2,'0913b160-0c80-4ab9-b844-65f1d6a06c06','labels:cromwell-workflow-id',NULL,NULL,NULL,8,'2026-02-05 21:29:59.489842','string')
INSERT INTO METADATA_ENTRY VALUES(3,'0913b160-0c80-4ab9-b844-65f1d6a06c06','status',NULL,NULL,NULL,9,'2026-02-05 21:30:00.436181','string')
INSERT INTO METADATA_ENTRY VALUES(4,'0913b160-0c80-4ab9-b844-65f1d6a06c06','start',NULL,NULL,NULL,10,'2026-02-05 21:30:00.456645','string')
INSERT INTO METADATA_ENTRY VALUES(5,'0913b160-0c80-4ab9-b844-65f1d6a06c06','status',NULL,NULL,NULL,11,'2026-02-05 21:30:00.519239','string')
INSERT INTO METADATA_ENTRY VALUES(6,'0913b160-0c80-4ab9-b844-65f1d6a06c06','labels:cromwell-workflow-id',NULL,NULL,NULL,12,'2026-02-05 21:30:00.530897','string')
INSERT INTO "SUMMARY_QUEUE_ENTRY" VALUES(0)
INSERT INTO "SUMMARY_QUEUE_ENTRY" VALUES(1)
INSERT INTO "SUMMARY_QUEUE_ENTRY" VALUES(2)
INSERT INTO "SUMMARY_QUEUE_ENTRY" VALUES(3)
INSERT INTO "SUMMARY_QUEUE_ENTRY" VALUES(4)
INSERT INTO "SUMMARY_QUEUE_ENTRY" VALUES(5)
INSERT INTO "SUMMARY_QUEUE_ENTRY" VALUES(6)
SET SCHEMA SYSTEM_LOBS
DELETE FROM LOB_IDS WHERE LOB_ID=6
INSERT INTO LOB_IDS VALUES(6,24,1,40)
DELETE FROM LOB_IDS WHERE LOB_ID=7
INSERT INTO LOB_IDS VALUES(7,9,1,40)
DELETE FROM LOB_IDS WHERE LOB_ID=8
INSERT INTO LOB_IDS VALUES(8,45,1,40)
DELETE FROM LOB_IDS WHERE LOB_ID=9
INSERT INTO LOB_IDS VALUES(9,9,1,40)
DELETE FROM LOB_IDS WHERE LOB_ID=10
INSERT INTO LOB_IDS VALUES(10,24,1,40)
DELETE FROM LOB_IDS WHERE LOB_ID=11
INSERT INTO LOB_IDS VALUES(11,7,1,40)
DELETE FROM LOB_IDS WHERE LOB_ID=12
INSERT INTO LOB_IDS VALUES(12,45,1,40)
COMMIT
/*C1*/INSERT INTO LOB_IDS VALUES(13,13380,0,40)
ALTER SEQUENCE SYSTEM_LOBS.LOB_ID RESTART WITH 14
COMMIT
DELETE FROM BLOCKS WHERE BLOCK_ADDR=13
INSERT INTO BLOCKS VALUES(14,2147483633,0)
INSERT INTO LOBS VALUES(13,1,0,13)
COMMIT
INSERT INTO PARTS VALUES(1,0,0,26760,4666,13)
COMMIT
INSERT INTO LOB_IDS VALUES(14,3500,0,40)
ALTER SEQUENCE SYSTEM_LOBS.LOB_ID RESTART WITH 15
COMMIT
DELETE FROM BLOCKS WHERE BLOCK_ADDR=14
INSERT INTO BLOCKS VALUES(15,2147483632,0)
INSERT INTO LOBS VALUES(14,1,0,14)
COMMIT
INSERT INTO PARTS VALUES(1,0,0,7000,1180,14)
COMMIT
INSERT INTO LOB_IDS VALUES(15,93,0,40)
ALTER SEQUENCE SYSTEM_LOBS.LOB_ID RESTART WITH 16
COMMIT
DELETE FROM BLOCKS WHERE BLOCK_ADDR=15
INSERT INTO BLOCKS VALUES(16,2147483631,0)
INSERT INTO LOBS VALUES(15,1,0,15)
COMMIT
INSERT INTO PARTS VALUES(1,0,0,186,131,15)
COMMIT
INSERT INTO LOB_IDS VALUES(16,2,0,40)
ALTER SEQUENCE SYSTEM_LOBS.LOB_ID RESTART WITH 17
COMMIT
DELETE FROM BLOCKS WHERE BLOCK_ADDR=16
INSERT INTO BLOCKS VALUES(17,2147483630,0)
INSERT INTO LOBS VALUES(16,1,0,16)
COMMIT
INSERT INTO PARTS VALUES(1,0,0,4,12,16)
COMMIT
INSERT INTO LOB_IDS VALUES(17,8,0,40)
ALTER SEQUENCE SYSTEM_LOBS.LOB_ID RESTART WITH 18
COMMIT
DELETE FROM BLOCKS WHERE BLOCK_ADDR=17
INSERT INTO BLOCKS VALUES(18,2147483629,0)
INSERT INTO LOBS VALUES(17,1,0,17)
COMMIT
INSERT INTO PARTS VALUES(1,0,0,16,24,17)
COMMIT
INSERT INTO LOB_IDS VALUES(18,14,0,40)
ALTER SEQUENCE SYSTEM_LOBS.LOB_ID RESTART WITH 19
COMMIT
DELETE FROM BLOCKS WHERE BLOCK_ADDR=18
INSERT INTO BLOCKS VALUES(19,2147483628,0)
INSERT INTO LOBS VALUES(18,1,0,18)
COMMIT
INSERT INTO PARTS VALUES(1,0,0,28,34,18)
COMMIT
INSERT INTO LOB_IDS VALUES(19,24,0,40)
ALTER SEQUENCE SYSTEM_LOBS.LOB_ID RESTART WITH 20
COMMIT
DELETE FROM BLOCKS WHERE BLOCK_ADDR=19
INSERT INTO BLOCKS VALUES(20,2147483627,0)
INSERT INTO LOBS VALUES(19,1,0,19)
COMMIT
INSERT INTO PARTS VALUES(1,0,0,48,45,19)
COMMIT
INSERT INTO LOB_IDS VALUES(20,2,0,40)
ALTER SEQUENCE SYSTEM_LOBS.LOB_ID RESTART WITH 21
COMMIT
DELETE FROM BLOCKS WHERE BLOCK_ADDR=20
INSERT INTO BLOCKS VALUES(21,2147483626,0)
INSERT INTO LOBS VALUES(20,1,0,20)
COMMIT
INSERT INTO PARTS VALUES(1,0,0,4,12,20)
COMMIT
INSERT INTO LOB_IDS VALUES(21,3,0,40)
ALTER SEQUENCE SYSTEM_LOBS.LOB_ID RESTART WITH 22
COMMIT
DELETE FROM BLOCKS WHERE BLOCK_ADDR=21
INSERT INTO BLOCKS VALUES(22,2147483625,0)
INSERT INTO LOBS VALUES(21,1,0,21)
COMMIT
INSERT INTO PARTS VALUES(1,0,0,6,14,21)
COMMIT
INSERT INTO LOB_IDS VALUES(22,3,0,40)
ALTER SEQUENCE SYSTEM_LOBS.LOB_ID RESTART WITH 23
COMMIT
DELETE FROM BLOCKS WHERE BLOCK_ADDR=22
INSERT INTO BLOCKS VALUES(23,2147483624,0)
INSERT INTO LOBS VALUES(22,1,0,22)
COMMIT
INSERT INTO PARTS VALUES(1,0,0,6,14,22)
COMMIT
/*C22*/SET SCHEMA PUBLIC
INSERT INTO METADATA_ENTRY VALUES(7,'0913b160-0c80-4ab9-b844-65f1d6a06c06','inputs',NULL,NULL,NULL,NULL,'2026-02-05 21:29:59.479223',NULL)
COMMIT
INSERT INTO METADATA_ENTRY VALUES(8,'0913b160-0c80-4ab9-b844-65f1d6a06c06','outputs',NULL,NULL,NULL,NULL,'2026-02-05 21:29:59.479234',NULL)
COMMIT
INSERT INTO METADATA_ENTRY VALUES(9,'0913b160-0c80-4ab9-b844-65f1d6a06c06','submittedFiles:workflow',NULL,NULL,NULL,13,'2026-02-05 21:29:59.479368','string')
SET SCHEMA SYSTEM_LOBS
DELETE FROM LOB_IDS WHERE LOB_ID=13
INSERT INTO LOB_IDS VALUES(13,13380,1,40)
COMMIT
SET SCHEMA PUBLIC
INSERT INTO METADATA_ENTRY VALUES(10,'0913b160-0c80-4ab9-b844-65f1d6a06c06','submittedFiles:workflowUrl',NULL,NULL,NULL,NULL,'2026-02-05 21:29:59.479409','string')
COMMIT
INSERT INTO METADATA_ENTRY VALUES(11,'0913b160-0c80-4ab9-b844-65f1d6a06c06','submittedFiles:root',NULL,NULL,NULL,NULL,'2026-02-05 21:29:59.479425','string')
COMMIT
INSERT INTO METADATA_ENTRY VALUES(12,'0913b160-0c80-4ab9-b844-65f1d6a06c06','submittedFiles:inputs',NULL,NULL,NULL,14,'2026-02-05 21:29:59.479443','string')
SET SCHEMA SYSTEM_LOBS
DELETE FROM LOB_IDS WHERE LOB_ID=14
INSERT INTO LOB_IDS VALUES(14,3500,1,40)
COMMIT
SET SCHEMA PUBLIC
INSERT INTO METADATA_ENTRY VALUES(13,'0913b160-0c80-4ab9-b844-65f1d6a06c06','submittedFiles:options',NULL,NULL,NULL,15,'2026-02-05 21:29:59.479529','string')
SET SCHEMA SYSTEM_LOBS
DELETE FROM LOB_IDS WHERE LOB_ID=15
INSERT INTO LOB_IDS VALUES(15,93,1,40)
COMMIT
SET SCHEMA PUBLIC
INSERT INTO METADATA_ENTRY VALUES(14,'0913b160-0c80-4ab9-b844-65f1d6a06c06','submittedFiles:labels',NULL,NULL,NULL,16,'2026-02-05 21:29:59.479548','string')
SET SCHEMA SYSTEM_LOBS
DELETE FROM LOB_IDS WHERE LOB_ID=16
INSERT INTO LOB_IDS VALUES(16,2,1,40)
COMMIT
SET SCHEMA PUBLIC
INSERT INTO METADATA_ENTRY VALUES(15,'0913b160-0c80-4ab9-b844-65f1d6a06c06','workflowProcessingEvents[1777037231]:description',NULL,NULL,NULL,17,'2026-02-05 21:30:00.410662','string')
SET SCHEMA SYSTEM_LOBS
DELETE FROM LOB_IDS WHERE LOB_ID=17
INSERT INTO LOB_IDS VALUES(17,8,1,40)
COMMIT
SET SCHEMA PUBLIC
INSERT INTO METADATA_ENTRY VALUES(16,'0913b160-0c80-4ab9-b844-65f1d6a06c06','workflowProcessingEvents[1777037231]:cromwellId',NULL,NULL,NULL,18,'2026-02-05 21:30:00.410704','string')
SET SCHEMA SYSTEM_LOBS
DELETE FROM LOB_IDS WHERE LOB_ID=18
INSERT INTO LOB_IDS VALUES(18,14,1,40)
COMMIT
SET SCHEMA PUBLIC
INSERT INTO METADATA_ENTRY VALUES(17,'0913b160-0c80-4ab9-b844-65f1d6a06c06','workflowProcessingEvents[1777037231]:timestamp',NULL,NULL,NULL,19,'2026-02-05 21:30:00.410821','string')
SET SCHEMA SYSTEM_LOBS
DELETE FROM LOB_IDS WHERE LOB_ID=19
INSERT INTO LOB_IDS VALUES(19,24,1,40)
COMMIT
SET SCHEMA PUBLIC
INSERT INTO METADATA_ENTRY VALUES(18,'0913b160-0c80-4ab9-b844-65f1d6a06c06','workflowProcessingEvents[1777037231]:cromwellVersion',NULL,NULL,NULL,20,'2026-02-05 21:30:00.410842','string')
SET SCHEMA SYSTEM_LOBS
DELETE FROM LOB_IDS WHERE LOB_ID=20
INSERT INTO LOB_IDS VALUES(20,2,1,40)
COMMIT
SET SCHEMA PUBLIC
INSERT INTO METADATA_ENTRY VALUES(19,'0913b160-0c80-4ab9-b844-65f1d6a06c06','actualWorkflowLanguage',NULL,NULL,NULL,21,'2026-02-05 21:30:00.550983','string')
SET SCHEMA SYSTEM_LOBS
DELETE FROM LOB_IDS WHERE LOB_ID=21
INSERT INTO LOB_IDS VALUES(21,3,1,40)
COMMIT
SET SCHEMA PUBLIC
INSERT INTO METADATA_ENTRY VALUES(20,'0913b160-0c80-4ab9-b844-65f1d6a06c06','actualWorkflowLanguageVersion',NULL,NULL,NULL,22,'2026-02-05 21:30:00.551014','string')
SET SCHEMA SYSTEM_LOBS
DELETE FROM LOB_IDS WHERE LOB_ID=22
INSERT INTO LOB_IDS VALUES(22,3,1,40)
COMMIT
SET SCHEMA PUBLIC
INSERT INTO WORKFLOW_METADATA_SUMMARY_ENTRY VALUES(0,'0913b160-0c80-4ab9-b844-65f1d6a06c06',NULL,'Running','2026-02-05 21:30:00.456000',NULL,'2026-02-05 21:29:59.473000',NULL,NULL,NULL)
INSERT INTO CUSTOM_LABEL_ENTRY VALUES(0,'cromwell-workflow-id','cromwell-0913b160-0c80-4ab9-b844-65f1d6a06c06','0913b160-0c80-4ab9-b844-65f1d6a06c06')
DELETE FROM "SUMMARY_QUEUE_ENTRY" WHERE "METADATA_JOURNAL_ID"=0
DELETE FROM "SUMMARY_QUEUE_ENTRY" WHERE "METADATA_JOURNAL_ID"=1
DELETE FROM "SUMMARY_QUEUE_ENTRY" WHERE "METADATA_JOURNAL_ID"=2
DELETE FROM "SUMMARY_QUEUE_ENTRY" WHERE "METADATA_JOURNAL_ID"=3
DELETE FROM "SUMMARY_QUEUE_ENTRY" WHERE "METADATA_JOURNAL_ID"=4
DELETE FROM "SUMMARY_QUEUE_ENTRY" WHERE "METADATA_JOURNAL_ID"=5
DELETE FROM "SUMMARY_QUEUE_ENTRY" WHERE "METADATA_JOURNAL_ID"=6
COMMIT
/*C1*/INSERT INTO LOB_IDS VALUES(23,24,0,40)
ALTER SEQUENCE SYSTEM_LOBS.LOB_ID RESTART WITH 24
COMMIT
DELETE FROM BLOCKS WHERE BLOCK_ADDR=23
INSERT INTO BLOCKS VALUES(24,2147483623,0)
INSERT INTO LOBS VALUES(23,1,0,23)
COMMIT
INSERT INTO PARTS VALUES(1,0,0,48,45,23)
COMMIT
INSERT INTO LOB_IDS VALUES(24,6,0,40)
ALTER SEQUENCE SYSTEM_LOBS.LOB_ID RESTART WITH 25
COMMIT
DELETE FROM BLOCKS WHERE BLOCK_ADDR=24
INSERT INTO BLOCKS VALUES(25,2147483622,0)
INSERT INTO LOBS VALUES(24,1,0,24)
COMMIT
INSERT INTO PARTS VALUES(1,0,0,12,20,24)
COMMIT
/*C22*/INSERT INTO METADATA_ENTRY VALUES(21,'0913b160-0c80-4ab9-b844-65f1d6a06c06','end',NULL,NULL,NULL,23,'2026-02-05 21:30:03.844254','string')
INSERT INTO METADATA_ENTRY VALUES(22,'0913b160-0c80-4ab9-b844-65f1d6a06c06','status',NULL,NULL,NULL,24,'2026-02-05 21:30:03.857146','string')
INSERT INTO "SUMMARY_QUEUE_ENTRY" VALUES(21)
INSERT INTO "SUMMARY_QUEUE_ENTRY" VALUES(22)
SET SCHEMA SYSTEM_LOBS
DELETE FROM LOB_IDS WHERE LOB_ID=23
INSERT INTO LOB_IDS VALUES(23,24,1,40)
DELETE FROM LOB_IDS WHERE LOB_ID=24
INSERT INTO LOB_IDS VALUES(24,6,1,40)
COMMIT
/*C1*/INSERT INTO LOB_IDS VALUES(25,8,0,40)
ALTER SEQUENCE SYSTEM_LOBS.LOB_ID RESTART WITH 26
COMMIT
DELETE FROM BLOCKS WHERE BLOCK_ADDR=25
INSERT INTO BLOCKS VALUES(26,2147483621,0)
INSERT INTO LOBS VALUES(25,1,0,25)
COMMIT
INSERT INTO PARTS VALUES(1,0,0,16,22,25)
COMMIT
INSERT INTO LOB_IDS VALUES(26,14,0,40)
ALTER SEQUENCE SYSTEM_LOBS.LOB_ID RESTART WITH 27
COMMIT
DELETE FROM BLOCKS WHERE BLOCK_ADDR=26
INSERT INTO BLOCKS VALUES(27,2147483620,0)
INSERT INTO LOBS VALUES(26,1,0,26)
COMMIT
INSERT INTO PARTS VALUES(1,0,0,28,34,26)
COMMIT
INSERT INTO LOB_IDS VALUES(27,24,0,40)
ALTER SEQUENCE SYSTEM_LOBS.LOB_ID RESTART WITH 28
COMMIT
DELETE FROM BLOCKS WHERE BLOCK_ADDR=27
INSERT INTO BLOCKS VALUES(28,2147483619,0)
INSERT INTO LOBS VALUES(27,1,0,27)
COMMIT
INSERT INTO PARTS VALUES(1,0,0,48,45,27)
COMMIT
INSERT INTO LOB_IDS VALUES(28,2,0,40)
ALTER SEQUENCE SYSTEM_LOBS.LOB_ID RESTART WITH 29
COMMIT
DELETE FROM BLOCKS WHERE BLOCK_ADDR=28
INSERT INTO BLOCKS VALUES(29,2147483618,0)
INSERT INTO LOBS VALUES(28,1,0,28)
COMMIT
INSERT INTO PARTS VALUES(1,0,0,4,12,28)
COMMIT
INSERT INTO LOB_IDS VALUES(29,32,0,40)
ALTER SEQUENCE SYSTEM_LOBS.LOB_ID RESTART WITH 30
COMMIT
DELETE FROM BLOCKS WHERE BLOCK_ADDR=29
INSERT INTO BLOCKS VALUES(30,2147483617,0)
INSERT INTO LOBS VALUES(29,1,0,29)
COMMIT
INSERT INTO PARTS VALUES(1,0,0,64,58,29)
COMMIT
INSERT INTO LOB_IDS VALUES(30,109,0,40)
ALTER SEQUENCE SYSTEM_LOBS.LOB_ID RESTART WITH 31
COMMIT
DELETE FROM BLOCKS WHERE BLOCK_ADDR=30
INSERT INTO BLOCKS VALUES(31,2147483616,0)
INSERT INTO LOBS VALUES(30,1,0,30)
COMMIT
INSERT INTO PARTS VALUES(1,0,0,218,129,30)
COMMIT
/*C22*/SET SCHEMA PUBLIC
INSERT INTO METADATA_ENTRY VALUES(23,'0913b160-0c80-4ab9-b844-65f1d6a06c06','workflowProcessingEvents[360619328]:description',NULL,NULL,NULL,25,'2026-02-05 21:30:03.845091','string')
SET SCHEMA SYSTEM_LOBS
DELETE FROM LOB_IDS WHERE LOB_ID=25
INSERT INTO LOB_IDS VALUES(25,8,1,40)
COMMIT
SET SCHEMA PUBLIC
INSERT INTO METADATA_ENTRY VALUES(24,'0913b160-0c80-4ab9-b844-65f1d6a06c06','workflowProcessingEvents[360619328]:cromwellId',NULL,NULL,NULL,26,'2026-02-05 21:30:03.845108','string')
SET SCHEMA SYSTEM_LOBS
DELETE FROM LOB_IDS WHERE LOB_ID=26
INSERT INTO LOB_IDS VALUES(26,14,1,40)
COMMIT
SET SCHEMA PUBLIC
INSERT INTO METADATA_ENTRY VALUES(25,'0913b160-0c80-4ab9-b844-65f1d6a06c06','workflowProcessingEvents[360619328]:timestamp',NULL,NULL,NULL,27,'2026-02-05 21:30:03.845197','string')
SET SCHEMA SYSTEM_LOBS
DELETE FROM LOB_IDS WHERE LOB_ID=27
INSERT INTO LOB_IDS VALUES(27,24,1,40)
COMMIT
SET SCHEMA PUBLIC
INSERT INTO METADATA_ENTRY VALUES(26,'0913b160-0c80-4ab9-b844-65f1d6a06c06','workflowProcessingEvents[360619328]:cromwellVersion',NULL,NULL,NULL,28,'2026-02-05 21:30:03.845213','string')
SET SCHEMA SYSTEM_LOBS
DELETE FROM LOB_IDS WHERE LOB_ID=28
INSERT INTO LOB_IDS VALUES(28,2,1,40)
COMMIT
SET SCHEMA PUBLIC
INSERT INTO METADATA_ENTRY VALUES(27,'0913b160-0c80-4ab9-b844-65f1d6a06c06','failures[1561337451]:message',NULL,NULL,NULL,29,'2026-02-05 21:30:03.846614','string')
SET SCHEMA SYSTEM_LOBS
DELETE FROM LOB_IDS WHERE LOB_ID=29
INSERT INTO LOB_IDS VALUES(29,32,1,40)
COMMIT
SET SCHEMA PUBLIC
INSERT INTO METADATA_ENTRY VALUES(28,'0913b160-0c80-4ab9-b844-65f1d6a06c06','failures[1561337451]:causedBy[0]:message',NULL,NULL,NULL,30,'2026-02-05 21:30:03.847176','string')
SET SCHEMA SYSTEM_LOBS
DELETE FROM LOB_IDS WHERE LOB_ID=30
INSERT INTO LOB_IDS VALUES(30,109,1,40)
COMMIT
SET SCHEMA PUBLIC
INSERT INTO METADATA_ENTRY VALUES(29,'0913b160-0c80-4ab9-b844-65f1d6a06c06','failures[1561337451]:causedBy[0]:causedBy[]',NULL,NULL,NULL,NULL,'2026-02-05 21:30:03.847203',NULL)
COMMIT
/*C2*/SET SCHEMA PUBLIC
DELETE FROM WORKFLOW_STORE_ENTRY WHERE WORKFLOW_STORE_ENTRY_ID=0
SET SCHEMA SYSTEM_LOBS
DELETE FROM LOB_IDS WHERE LOB_ID=1
INSERT INTO LOB_IDS VALUES(1,13380,0,40)
DELETE FROM LOB_IDS WHERE LOB_ID=2
INSERT INTO LOB_IDS VALUES(2,3500,0,40)
DELETE FROM LOB_IDS WHERE LOB_ID=3
INSERT INTO LOB_IDS VALUES(3,93,0,40)
DELETE FROM LOB_IDS WHERE LOB_ID=4
INSERT INTO LOB_IDS VALUES(4,53013,0,30)
DELETE FROM LOB_IDS WHERE LOB_ID=5
INSERT INTO LOB_IDS VALUES(5,2,0,40)
COMMIT
/*C22*/DELETE FROM WORKFLOW_METADATA_SUMMARY_ENTRY WHERE WORKFLOW_METADATA_SUMMARY_ENTRY_ID=0
INSERT INTO WORKFLOW_METADATA_SUMMARY_ENTRY VALUES(0,'0913b160-0c80-4ab9-b844-65f1d6a06c06',NULL,'Failed','2026-02-05 21:30:00.456000','2026-02-05 21:30:03.843000','2026-02-05 21:29:59.473000',NULL,NULL,NULL)
DELETE FROM "SUMMARY_QUEUE_ENTRY" WHERE "METADATA_JOURNAL_ID"=21
DELETE FROM "SUMMARY_QUEUE_ENTRY" WHERE "METADATA_JOURNAL_ID"=22
COMMIT
