/*C1*/SET SCHEMA SYSTEM_LOBS
INSERT INTO LOB_IDS VALUES(1,1768,0,40)
ALTER SEQUENCE SYSTEM_LOBS.LOB_ID RESTART WITH 2
COMMIT
DELETE FROM BLOCKS WHERE BLOCK_ADDR=0
INSERT INTO BLOCKS VALUES(1,2147483646,0)
INSERT INTO LOBS VALUES(0,1,0,1)
COMMIT
INSERT INTO PARTS VALUES(1,0,0,3536,829,1)
COMMIT
INSERT INTO LOB_IDS VALUES(2,155,0,40)
ALTER SEQUENCE SYSTEM_LOBS.LOB_ID RESTART WITH 3
COMMIT
DELETE FROM BLOCKS WHERE BLOCK_ADDR=1
INSERT INTO BLOCKS VALUES(2,2147483645,0)
INSERT INTO LOBS VALUES(1,1,0,2)
COMMIT
INSERT INTO PARTS VALUES(1,0,0,310,174,2)
COMMIT
INSERT INTO LOB_IDS VALUES(3,4,0,40)
ALTER SEQUENCE SYSTEM_LOBS.LOB_ID RESTART WITH 4
COMMIT
DELETE FROM BLOCKS WHERE BLOCK_ADDR=2
INSERT INTO BLOCKS VALUES(3,2147483644,0)
INSERT INTO LOBS VALUES(2,1,0,3)
COMMIT
INSERT INTO PARTS VALUES(1,0,0,8,14,3)
COMMIT
INSERT INTO LOB_IDS VALUES(4,2,0,40)
ALTER SEQUENCE SYSTEM_LOBS.LOB_ID RESTART WITH 5
COMMIT
DELETE FROM BLOCKS WHERE BLOCK_ADDR=3
INSERT INTO BLOCKS VALUES(4,2147483643,0)
INSERT INTO LOBS VALUES(3,1,0,4)
COMMIT
INSERT INTO PARTS VALUES(1,0,0,4,12,4)
COMMIT
/*C2*/SET SCHEMA PUBLIC
INSERT INTO WORKFLOW_STORE_ENTRY VALUES(0,'f5a7fa42-fab8-4abd-9031-dfd9685013de',1,2,3,'Submitted','2026-02-06 21:32:12.743811',NULL,4,NULL,NULL,NULL,NULL,NULL,NULL,'f5a7fa42')
SET SCHEMA SYSTEM_LOBS
DELETE FROM LOB_IDS WHERE LOB_ID=1
INSERT INTO LOB_IDS VALUES(1,1768,1,40)
DELETE FROM LOB_IDS WHERE LOB_ID=2
INSERT INTO LOB_IDS VALUES(2,155,1,40)
DELETE FROM LOB_IDS WHERE LOB_ID=3
INSERT INTO LOB_IDS VALUES(3,4,1,40)
DELETE FROM LOB_IDS WHERE LOB_ID=4
INSERT INTO LOB_IDS VALUES(4,2,1,40)
COMMIT
SET SCHEMA PUBLIC
DELETE FROM WORKFLOW_STORE_ENTRY WHERE WORKFLOW_STORE_ENTRY_ID=0
INSERT INTO WORKFLOW_STORE_ENTRY VALUES(0,'f5a7fa42-fab8-4abd-9031-dfd9685013de',1,2,3,'Running','2026-02-06 21:32:12.743811',NULL,4,NULL,NULL,NULL,'cromid-189f51b','2026-02-06 21:32:13.452816',NULL,'f5a7fa42')
SET SCHEMA SYSTEM_LOBS
DELETE FROM LOB_IDS WHERE LOB_ID=1
DELETE FROM LOB_IDS WHERE LOB_ID=2
DELETE FROM LOB_IDS WHERE LOB_ID=3
DELETE FROM LOB_IDS WHERE LOB_ID=4
INSERT INTO LOB_IDS VALUES(1,1768,1,40)
INSERT INTO LOB_IDS VALUES(2,155,1,40)
INSERT INTO LOB_IDS VALUES(3,4,1,40)
INSERT INTO LOB_IDS VALUES(4,2,1,40)
COMMIT
/*C1*/INSERT INTO LOB_IDS VALUES(5,24,0,40)
ALTER SEQUENCE SYSTEM_LOBS.LOB_ID RESTART WITH 6
COMMIT
DELETE FROM BLOCKS WHERE BLOCK_ADDR=4
INSERT INTO BLOCKS VALUES(5,2147483642,0)
INSERT INTO LOBS VALUES(4,1,0,5)
COMMIT
INSERT INTO PARTS VALUES(1,0,0,48,45,5)
COMMIT
INSERT INTO LOB_IDS VALUES(6,9,0,40)
ALTER SEQUENCE SYSTEM_LOBS.LOB_ID RESTART WITH 7
COMMIT
DELETE FROM BLOCKS WHERE BLOCK_ADDR=5
INSERT INTO BLOCKS VALUES(6,2147483641,0)
INSERT INTO LOBS VALUES(5,1,0,6)
COMMIT
INSERT INTO PARTS VALUES(1,0,0,18,24,6)
COMMIT
INSERT INTO LOB_IDS VALUES(7,45,0,40)
ALTER SEQUENCE SYSTEM_LOBS.LOB_ID RESTART WITH 8
COMMIT
DELETE FROM BLOCKS WHERE BLOCK_ADDR=6
INSERT INTO BLOCKS VALUES(7,2147483640,0)
INSERT INTO LOBS VALUES(6,1,0,7)
COMMIT
INSERT INTO PARTS VALUES(1,0,0,90,72,7)
COMMIT
INSERT INTO LOB_IDS VALUES(8,9,0,40)
ALTER SEQUENCE SYSTEM_LOBS.LOB_ID RESTART WITH 9
COMMIT
DELETE FROM BLOCKS WHERE BLOCK_ADDR=7
INSERT INTO BLOCKS VALUES(8,2147483639,0)
INSERT INTO LOBS VALUES(7,1,0,8)
COMMIT
INSERT INTO PARTS VALUES(1,0,0,18,24,8)
COMMIT
INSERT INTO LOB_IDS VALUES(9,24,0,40)
ALTER SEQUENCE SYSTEM_LOBS.LOB_ID RESTART WITH 10
COMMIT
DELETE FROM BLOCKS WHERE BLOCK_ADDR=8
INSERT INTO BLOCKS VALUES(9,2147483638,0)
INSERT INTO LOBS VALUES(8,1,0,9)
COMMIT
INSERT INTO PARTS VALUES(1,0,0,48,45,9)
COMMIT
INSERT INTO LOB_IDS VALUES(10,45,0,40)
ALTER SEQUENCE SYSTEM_LOBS.LOB_ID RESTART WITH 11
COMMIT
DELETE FROM BLOCKS WHERE BLOCK_ADDR=9
INSERT INTO BLOCKS VALUES(10,2147483637,0)
INSERT INTO LOBS VALUES(9,1,0,10)
COMMIT
INSERT INTO PARTS VALUES(1,0,0,90,72,10)
COMMIT
INSERT INTO LOB_IDS VALUES(11,7,0,40)
ALTER SEQUENCE SYSTEM_LOBS.LOB_ID RESTART WITH 12
COMMIT
DELETE FROM BLOCKS WHERE BLOCK_ADDR=10
INSERT INTO BLOCKS VALUES(11,2147483636,0)
INSERT INTO LOBS VALUES(10,1,0,11)
COMMIT
INSERT INTO PARTS VALUES(1,0,0,14,19,11)
COMMIT
INSERT INTO LOB_IDS VALUES(12,28,0,40)
ALTER SEQUENCE SYSTEM_LOBS.LOB_ID RESTART WITH 13
COMMIT
DELETE FROM BLOCKS WHERE BLOCK_ADDR=11
INSERT INTO BLOCKS VALUES(12,2147483635,0)
INSERT INTO LOBS VALUES(11,1,0,12)
COMMIT
INSERT INTO PARTS VALUES(1,0,0,56,53,12)
COMMIT
/*C22*/SET SCHEMA PUBLIC
INSERT INTO METADATA_ENTRY VALUES(0,'f5a7fa42-fab8-4abd-9031-dfd9685013de','submission',NULL,NULL,NULL,5,'2026-02-06 21:32:12.805522','string')
INSERT INTO METADATA_ENTRY VALUES(1,'f5a7fa42-fab8-4abd-9031-dfd9685013de','status',NULL,NULL,NULL,6,'2026-02-06 21:32:12.805579','string')
INSERT INTO METADATA_ENTRY VALUES(2,'f5a7fa42-fab8-4abd-9031-dfd9685013de','labels:cromwell-workflow-id',NULL,NULL,NULL,7,'2026-02-06 21:32:12.818552','string')
INSERT INTO METADATA_ENTRY VALUES(3,'f5a7fa42-fab8-4abd-9031-dfd9685013de','status',NULL,NULL,NULL,8,'2026-02-06 21:32:13.524603','string')
INSERT INTO METADATA_ENTRY VALUES(4,'f5a7fa42-fab8-4abd-9031-dfd9685013de','start',NULL,NULL,NULL,9,'2026-02-06 21:32:13.542119','string')
INSERT INTO METADATA_ENTRY VALUES(5,'f5a7fa42-fab8-4abd-9031-dfd9685013de','labels:cromwell-workflow-id',NULL,NULL,NULL,10,'2026-02-06 21:32:13.559296','string')
INSERT INTO METADATA_ENTRY VALUES(6,'f5a7fa42-fab8-4abd-9031-dfd9685013de','status',NULL,NULL,NULL,11,'2026-02-06 21:32:13.630086','string')
INSERT INTO METADATA_ENTRY VALUES(7,'f5a7fa42-fab8-4abd-9031-dfd9685013de','workflowName',NULL,NULL,NULL,12,'2026-02-06 21:32:14.141427','string')
INSERT INTO "SUMMARY_QUEUE_ENTRY" VALUES(0)
INSERT INTO "SUMMARY_QUEUE_ENTRY" VALUES(1)
INSERT INTO "SUMMARY_QUEUE_ENTRY" VALUES(2)
INSERT INTO "SUMMARY_QUEUE_ENTRY" VALUES(3)
INSERT INTO "SUMMARY_QUEUE_ENTRY" VALUES(4)
INSERT INTO "SUMMARY_QUEUE_ENTRY" VALUES(5)
INSERT INTO "SUMMARY_QUEUE_ENTRY" VALUES(6)
INSERT INTO "SUMMARY_QUEUE_ENTRY" VALUES(7)
SET SCHEMA SYSTEM_LOBS
DELETE FROM LOB_IDS WHERE LOB_ID=5
INSERT INTO LOB_IDS VALUES(5,24,1,40)
DELETE FROM LOB_IDS WHERE LOB_ID=6
INSERT INTO LOB_IDS VALUES(6,9,1,40)
DELETE FROM LOB_IDS WHERE LOB_ID=7
INSERT INTO LOB_IDS VALUES(7,45,1,40)
DELETE FROM LOB_IDS WHERE LOB_ID=8
INSERT INTO LOB_IDS VALUES(8,9,1,40)
DELETE FROM LOB_IDS WHERE LOB_ID=9
INSERT INTO LOB_IDS VALUES(9,24,1,40)
DELETE FROM LOB_IDS WHERE LOB_ID=10
INSERT INTO LOB_IDS VALUES(10,45,1,40)
DELETE FROM LOB_IDS WHERE LOB_ID=11
INSERT INTO LOB_IDS VALUES(11,7,1,40)
DELETE FROM LOB_IDS WHERE LOB_ID=12
INSERT INTO LOB_IDS VALUES(12,28,1,40)
COMMIT
/*C1*/INSERT INTO LOB_IDS VALUES(13,1768,0,40)
ALTER SEQUENCE SYSTEM_LOBS.LOB_ID RESTART WITH 14
COMMIT
DELETE FROM BLOCKS WHERE BLOCK_ADDR=12
INSERT INTO BLOCKS VALUES(13,2147483634,0)
INSERT INTO LOBS VALUES(12,1,0,13)
COMMIT
INSERT INTO PARTS VALUES(1,0,0,3536,829,13)
COMMIT
INSERT INTO LOB_IDS VALUES(14,155,0,40)
ALTER SEQUENCE SYSTEM_LOBS.LOB_ID RESTART WITH 15
COMMIT
DELETE FROM BLOCKS WHERE BLOCK_ADDR=13
INSERT INTO BLOCKS VALUES(14,2147483633,0)
INSERT INTO LOBS VALUES(13,1,0,14)
COMMIT
INSERT INTO PARTS VALUES(1,0,0,310,174,14)
COMMIT
INSERT INTO LOB_IDS VALUES(15,4,0,40)
ALTER SEQUENCE SYSTEM_LOBS.LOB_ID RESTART WITH 16
COMMIT
DELETE FROM BLOCKS WHERE BLOCK_ADDR=14
INSERT INTO BLOCKS VALUES(15,2147483632,0)
INSERT INTO LOBS VALUES(14,1,0,15)
COMMIT
INSERT INTO PARTS VALUES(1,0,0,8,14,15)
COMMIT
INSERT INTO LOB_IDS VALUES(16,2,0,40)
ALTER SEQUENCE SYSTEM_LOBS.LOB_ID RESTART WITH 17
COMMIT
DELETE FROM BLOCKS WHERE BLOCK_ADDR=15
INSERT INTO BLOCKS VALUES(16,2147483631,0)
INSERT INTO LOBS VALUES(15,1,0,16)
COMMIT
INSERT INTO PARTS VALUES(1,0,0,4,12,16)
COMMIT
INSERT INTO LOB_IDS VALUES(17,8,0,40)
ALTER SEQUENCE SYSTEM_LOBS.LOB_ID RESTART WITH 18
COMMIT
DELETE FROM BLOCKS WHERE BLOCK_ADDR=16
INSERT INTO BLOCKS VALUES(17,2147483630,0)
INSERT INTO LOBS VALUES(16,1,0,17)
COMMIT
INSERT INTO PARTS VALUES(1,0,0,16,24,17)
COMMIT
INSERT INTO LOB_IDS VALUES(18,14,0,40)
ALTER SEQUENCE SYSTEM_LOBS.LOB_ID RESTART WITH 19
COMMIT
DELETE FROM BLOCKS WHERE BLOCK_ADDR=17
INSERT INTO BLOCKS VALUES(18,2147483629,0)
INSERT INTO LOBS VALUES(17,1,0,18)
COMMIT
INSERT INTO PARTS VALUES(1,0,0,28,34,18)
COMMIT
INSERT INTO LOB_IDS VALUES(19,24,0,40)
ALTER SEQUENCE SYSTEM_LOBS.LOB_ID RESTART WITH 20
COMMIT
DELETE FROM BLOCKS WHERE BLOCK_ADDR=18
INSERT INTO BLOCKS VALUES(19,2147483628,0)
INSERT INTO LOBS VALUES(18,1,0,19)
COMMIT
INSERT INTO PARTS VALUES(1,0,0,48,45,19)
COMMIT
INSERT INTO LOB_IDS VALUES(20,2,0,40)
ALTER SEQUENCE SYSTEM_LOBS.LOB_ID RESTART WITH 21
COMMIT
DELETE FROM BLOCKS WHERE BLOCK_ADDR=19
INSERT INTO BLOCKS VALUES(20,2147483627,0)
INSERT INTO LOBS VALUES(19,1,0,20)
COMMIT
INSERT INTO PARTS VALUES(1,0,0,4,12,20)
COMMIT
INSERT INTO LOB_IDS VALUES(21,3,0,40)
ALTER SEQUENCE SYSTEM_LOBS.LOB_ID RESTART WITH 22
COMMIT
DELETE FROM BLOCKS WHERE BLOCK_ADDR=20
INSERT INTO BLOCKS VALUES(21,2147483626,0)
INSERT INTO LOBS VALUES(20,1,0,21)
COMMIT
INSERT INTO PARTS VALUES(1,0,0,6,14,21)
COMMIT
INSERT INTO LOB_IDS VALUES(22,3,0,40)
ALTER SEQUENCE SYSTEM_LOBS.LOB_ID RESTART WITH 23
COMMIT
DELETE FROM BLOCKS WHERE BLOCK_ADDR=21
INSERT INTO BLOCKS VALUES(22,2147483625,0)
INSERT INTO LOBS VALUES(21,1,0,22)
COMMIT
INSERT INTO PARTS VALUES(1,0,0,6,14,22)
COMMIT
INSERT INTO LOB_IDS VALUES(23,27,0,40)
ALTER SEQUENCE SYSTEM_LOBS.LOB_ID RESTART WITH 24
COMMIT
DELETE FROM BLOCKS WHERE BLOCK_ADDR=22
INSERT INTO BLOCKS VALUES(23,2147483624,0)
INSERT INTO LOBS VALUES(22,1,0,23)
COMMIT
INSERT INTO PARTS VALUES(1,0,0,54,50,23)
COMMIT
INSERT INTO LOB_IDS VALUES(24,100,0,40)
ALTER SEQUENCE SYSTEM_LOBS.LOB_ID RESTART WITH 25
COMMIT
DELETE FROM BLOCKS WHERE BLOCK_ADDR=23
INSERT INTO BLOCKS VALUES(24,2147483623,0)
INSERT INTO LOBS VALUES(23,1,0,24)
COMMIT
INSERT INTO PARTS VALUES(1,0,0,200,120,24)
COMMIT
INSERT INTO LOB_IDS VALUES(25,148,0,40)
ALTER SEQUENCE SYSTEM_LOBS.LOB_ID RESTART WITH 26
COMMIT
DELETE FROM BLOCKS WHERE BLOCK_ADDR=24
INSERT INTO BLOCKS VALUES(25,2147483622,0)
INSERT INTO LOBS VALUES(24,1,0,25)
COMMIT
INSERT INTO PARTS VALUES(1,0,0,296,176,25)
COMMIT
INSERT INTO LOB_IDS VALUES(26,24,0,40)
ALTER SEQUENCE SYSTEM_LOBS.LOB_ID RESTART WITH 27
COMMIT
DELETE FROM BLOCKS WHERE BLOCK_ADDR=25
INSERT INTO BLOCKS VALUES(26,2147483621,0)
INSERT INTO LOBS VALUES(25,1,0,26)
COMMIT
INSERT INTO PARTS VALUES(1,0,0,48,45,26)
COMMIT
INSERT INTO LOB_IDS VALUES(27,16,0,40)
ALTER SEQUENCE SYSTEM_LOBS.LOB_ID RESTART WITH 28
COMMIT
DELETE FROM BLOCKS WHERE BLOCK_ADDR=26
INSERT INTO BLOCKS VALUES(27,2147483620,0)
INSERT INTO LOBS VALUES(26,1,0,27)
COMMIT
INSERT INTO PARTS VALUES(1,0,0,32,35,27)
COMMIT
INSERT INTO LOB_IDS VALUES(28,8,0,40)
ALTER SEQUENCE SYSTEM_LOBS.LOB_ID RESTART WITH 29
COMMIT
DELETE FROM BLOCKS WHERE BLOCK_ADDR=27
INSERT INTO BLOCKS VALUES(28,2147483619,0)
INSERT INTO LOBS VALUES(27,1,0,28)
COMMIT
INSERT INTO PARTS VALUES(1,0,0,16,22,28)
COMMIT
/*C22*/SET SCHEMA PUBLIC
INSERT INTO METADATA_ENTRY VALUES(8,'f5a7fa42-fab8-4abd-9031-dfd9685013de','inputs',NULL,NULL,NULL,NULL,'2026-02-06 21:32:12.805553',NULL)
COMMIT
INSERT INTO METADATA_ENTRY VALUES(9,'f5a7fa42-fab8-4abd-9031-dfd9685013de','outputs',NULL,NULL,NULL,NULL,'2026-02-06 21:32:12.805565',NULL)
COMMIT
INSERT INTO METADATA_ENTRY VALUES(10,'f5a7fa42-fab8-4abd-9031-dfd9685013de','submittedFiles:workflow',NULL,NULL,NULL,13,'2026-02-06 21:32:12.805633','string')
SET SCHEMA SYSTEM_LOBS
DELETE FROM LOB_IDS WHERE LOB_ID=13
INSERT INTO LOB_IDS VALUES(13,1768,1,40)
COMMIT
SET SCHEMA PUBLIC
INSERT INTO METADATA_ENTRY VALUES(11,'f5a7fa42-fab8-4abd-9031-dfd9685013de','submittedFiles:workflowUrl',NULL,NULL,NULL,NULL,'2026-02-06 21:32:12.805652','string')
COMMIT
INSERT INTO METADATA_ENTRY VALUES(12,'f5a7fa42-fab8-4abd-9031-dfd9685013de','submittedFiles:root',NULL,NULL,NULL,NULL,'2026-02-06 21:32:12.805664','string')
COMMIT
INSERT INTO METADATA_ENTRY VALUES(13,'f5a7fa42-fab8-4abd-9031-dfd9685013de','submittedFiles:inputs',NULL,NULL,NULL,14,'2026-02-06 21:32:12.805677','string')
SET SCHEMA SYSTEM_LOBS
DELETE FROM LOB_IDS WHERE LOB_ID=14
INSERT INTO LOB_IDS VALUES(14,155,1,40)
COMMIT
SET SCHEMA PUBLIC
INSERT INTO METADATA_ENTRY VALUES(14,'f5a7fa42-fab8-4abd-9031-dfd9685013de','submittedFiles:options',NULL,NULL,NULL,15,'2026-02-06 21:32:12.805737','string')
SET SCHEMA SYSTEM_LOBS
DELETE FROM LOB_IDS WHERE LOB_ID=15
INSERT INTO LOB_IDS VALUES(15,4,1,40)
COMMIT
SET SCHEMA PUBLIC
INSERT INTO METADATA_ENTRY VALUES(15,'f5a7fa42-fab8-4abd-9031-dfd9685013de','submittedFiles:labels',NULL,NULL,NULL,16,'2026-02-06 21:32:12.805750','string')
SET SCHEMA SYSTEM_LOBS
DELETE FROM LOB_IDS WHERE LOB_ID=16
INSERT INTO LOB_IDS VALUES(16,2,1,40)
COMMIT
SET SCHEMA PUBLIC
INSERT INTO METADATA_ENTRY VALUES(16,'f5a7fa42-fab8-4abd-9031-dfd9685013de','workflowProcessingEvents[1466047332]:description',NULL,NULL,NULL,17,'2026-02-06 21:32:13.499491','string')
SET SCHEMA SYSTEM_LOBS
DELETE FROM LOB_IDS WHERE LOB_ID=17
INSERT INTO LOB_IDS VALUES(17,8,1,40)
COMMIT
SET SCHEMA PUBLIC
INSERT INTO METADATA_ENTRY VALUES(17,'f5a7fa42-fab8-4abd-9031-dfd9685013de','workflowProcessingEvents[1466047332]:cromwellId',NULL,NULL,NULL,18,'2026-02-06 21:32:13.499534','string')
SET SCHEMA SYSTEM_LOBS
DELETE FROM LOB_IDS WHERE LOB_ID=18
INSERT INTO LOB_IDS VALUES(18,14,1,40)
COMMIT
SET SCHEMA PUBLIC
INSERT INTO METADATA_ENTRY VALUES(18,'f5a7fa42-fab8-4abd-9031-dfd9685013de','workflowProcessingEvents[1466047332]:timestamp',NULL,NULL,NULL,19,'2026-02-06 21:32:13.499653','string')
SET SCHEMA SYSTEM_LOBS
DELETE FROM LOB_IDS WHERE LOB_ID=19
INSERT INTO LOB_IDS VALUES(19,24,1,40)
COMMIT
SET SCHEMA PUBLIC
INSERT INTO METADATA_ENTRY VALUES(19,'f5a7fa42-fab8-4abd-9031-dfd9685013de','workflowProcessingEvents[1466047332]:cromwellVersion',NULL,NULL,NULL,20,'2026-02-06 21:32:13.499672','string')
SET SCHEMA SYSTEM_LOBS
DELETE FROM LOB_IDS WHERE LOB_ID=20
INSERT INTO LOB_IDS VALUES(20,2,1,40)
COMMIT
SET SCHEMA PUBLIC
INSERT INTO METADATA_ENTRY VALUES(20,'f5a7fa42-fab8-4abd-9031-dfd9685013de','actualWorkflowLanguage',NULL,NULL,NULL,21,'2026-02-06 21:32:13.629311','string')
SET SCHEMA SYSTEM_LOBS
DELETE FROM LOB_IDS WHERE LOB_ID=21
INSERT INTO LOB_IDS VALUES(21,3,1,40)
COMMIT
SET SCHEMA PUBLIC
INSERT INTO METADATA_ENTRY VALUES(21,'f5a7fa42-fab8-4abd-9031-dfd9685013de','actualWorkflowLanguageVersion',NULL,NULL,NULL,22,'2026-02-06 21:32:13.629351','string')
SET SCHEMA SYSTEM_LOBS
DELETE FROM LOB_IDS WHERE LOB_ID=22
INSERT INTO LOB_IDS VALUES(22,3,1,40)
COMMIT
SET SCHEMA PUBLIC
INSERT INTO METADATA_ENTRY VALUES(22,'f5a7fa42-fab8-4abd-9031-dfd9685013de','inputs:report_out_basename',NULL,NULL,NULL,23,'2026-02-06 21:32:14.140922','string')
SET SCHEMA SYSTEM_LOBS
DELETE FROM LOB_IDS WHERE LOB_ID=23
INSERT INTO LOB_IDS VALUES(23,27,1,40)
COMMIT
SET SCHEMA PUBLIC
INSERT INTO METADATA_ENTRY VALUES(23,'f5a7fa42-fab8-4abd-9031-dfd9685013de','inputs:bcftools_bundle_tgz',NULL,NULL,NULL,24,'2026-02-06 21:32:14.141360','string')
SET SCHEMA SYSTEM_LOBS
DELETE FROM LOB_IDS WHERE LOB_ID=24
INSERT INTO LOB_IDS VALUES(24,100,1,40)
COMMIT
SET SCHEMA PUBLIC
INSERT INTO METADATA_ENTRY VALUES(24,'f5a7fa42-fab8-4abd-9031-dfd9685013de','workflowRoot',NULL,NULL,NULL,25,'2026-02-06 21:32:14.816970','string')
SET SCHEMA SYSTEM_LOBS
DELETE FROM LOB_IDS WHERE LOB_ID=25
INSERT INTO LOB_IDS VALUES(25,148,1,40)
COMMIT
SET SCHEMA PUBLIC
INSERT INTO METADATA_ENTRY VALUES(25,'f5a7fa42-fab8-4abd-9031-dfd9685013de','start','DiagnosticBcftoolsBinaryTest.TestBcftoolsBundle',NULL,1,26,'2026-02-06 21:32:16.946917','string')
SET SCHEMA SYSTEM_LOBS
DELETE FROM LOB_IDS WHERE LOB_ID=26
INSERT INTO LOB_IDS VALUES(26,24,1,40)
COMMIT
SET SCHEMA PUBLIC
INSERT INTO METADATA_ENTRY VALUES(26,'f5a7fa42-fab8-4abd-9031-dfd9685013de','executionStatus','DiagnosticBcftoolsBinaryTest.TestBcftoolsBundle',NULL,1,27,'2026-02-06 21:32:16.946964','string')
SET SCHEMA SYSTEM_LOBS
DELETE FROM LOB_IDS WHERE LOB_ID=27
INSERT INTO LOB_IDS VALUES(27,16,1,40)
COMMIT
SET SCHEMA PUBLIC
INSERT INTO METADATA_ENTRY VALUES(27,'f5a7fa42-fab8-4abd-9031-dfd9685013de','backend','DiagnosticBcftoolsBinaryTest.TestBcftoolsBundle',NULL,1,28,'2026-02-06 21:32:16.947364','string')
SET SCHEMA SYSTEM_LOBS
DELETE FROM LOB_IDS WHERE LOB_ID=28
INSERT INTO LOB_IDS VALUES(28,8,1,40)
COMMIT
SET SCHEMA PUBLIC
INSERT INTO WORKFLOW_METADATA_SUMMARY_ENTRY VALUES(0,'f5a7fa42-fab8-4abd-9031-dfd9685013de','DiagnosticBcftoolsBinaryTest','Running','2026-02-06 21:32:13.541000',NULL,'2026-02-06 21:32:12.799000',NULL,NULL,NULL)
INSERT INTO CUSTOM_LABEL_ENTRY VALUES(0,'cromwell-workflow-id','cromwell-f5a7fa42-fab8-4abd-9031-dfd9685013de','f5a7fa42-fab8-4abd-9031-dfd9685013de')
DELETE FROM "SUMMARY_QUEUE_ENTRY" WHERE "METADATA_JOURNAL_ID"=0
DELETE FROM "SUMMARY_QUEUE_ENTRY" WHERE "METADATA_JOURNAL_ID"=1
DELETE FROM "SUMMARY_QUEUE_ENTRY" WHERE "METADATA_JOURNAL_ID"=2
DELETE FROM "SUMMARY_QUEUE_ENTRY" WHERE "METADATA_JOURNAL_ID"=3
DELETE FROM "SUMMARY_QUEUE_ENTRY" WHERE "METADATA_JOURNAL_ID"=4
DELETE FROM "SUMMARY_QUEUE_ENTRY" WHERE "METADATA_JOURNAL_ID"=5
DELETE FROM "SUMMARY_QUEUE_ENTRY" WHERE "METADATA_JOURNAL_ID"=6
DELETE FROM "SUMMARY_QUEUE_ENTRY" WHERE "METADATA_JOURNAL_ID"=7
COMMIT
/*C2*/SET SCHEMA PUBLIC
INSERT INTO DOCKER_HASH_STORE_ENTRY VALUES(0,'f5a7fa42-fab8-4abd-9031-dfd9685013de','ubuntu:22.04','sha256:c7eb020043d8fc2ae0793fb35a37bff1cf33f156d4d4b12ccc7f3ef8706c38b1',NULL)
COMMIT
/*C1*/INSERT INTO LOB_IDS VALUES(29,8,0,40)
ALTER SEQUENCE SYSTEM_LOBS.LOB_ID RESTART WITH 30
COMMIT
DELETE FROM BLOCKS WHERE BLOCK_ADDR=28
INSERT INTO BLOCKS VALUES(29,2147483618,0)
INSERT INTO LOBS VALUES(28,1,0,29)
COMMIT
INSERT INTO PARTS VALUES(1,0,0,16,22,29)
COMMIT
INSERT INTO LOB_IDS VALUES(30,14,0,40)
ALTER SEQUENCE SYSTEM_LOBS.LOB_ID RESTART WITH 31
COMMIT
DELETE FROM BLOCKS WHERE BLOCK_ADDR=29
INSERT INTO BLOCKS VALUES(30,2147483617,0)
INSERT INTO LOBS VALUES(29,1,0,30)
COMMIT
INSERT INTO PARTS VALUES(1,0,0,28,32,30)
COMMIT
INSERT INTO LOB_IDS VALUES(31,5,0,40)
ALTER SEQUENCE SYSTEM_LOBS.LOB_ID RESTART WITH 32
COMMIT
DELETE FROM BLOCKS WHERE BLOCK_ADDR=30
INSERT INTO BLOCKS VALUES(31,2147483616,0)
INSERT INTO LOBS VALUES(30,1,0,31)
COMMIT
INSERT INTO PARTS VALUES(1,0,0,10,18,31)
COMMIT
INSERT INTO LOB_IDS VALUES(32,7,0,40)
ALTER SEQUENCE SYSTEM_LOBS.LOB_ID RESTART WITH 33
COMMIT
DELETE FROM BLOCKS WHERE BLOCK_ADDR=31
INSERT INTO BLOCKS VALUES(32,2147483615,0)
INSERT INTO LOBS VALUES(31,1,0,32)
COMMIT
INSERT INTO PARTS VALUES(1,0,0,14,19,32)
COMMIT
INSERT INTO LOB_IDS VALUES(33,100,0,40)
ALTER SEQUENCE SYSTEM_LOBS.LOB_ID RESTART WITH 34
COMMIT
DELETE FROM BLOCKS WHERE BLOCK_ADDR=32
INSERT INTO BLOCKS VALUES(33,2147483614,0)
INSERT INTO LOBS VALUES(32,1,0,33)
COMMIT
INSERT INTO PARTS VALUES(1,0,0,200,120,33)
COMMIT
INSERT INTO LOB_IDS VALUES(34,5,0,40)
ALTER SEQUENCE SYSTEM_LOBS.LOB_ID RESTART WITH 35
COMMIT
DELETE FROM BLOCKS WHERE BLOCK_ADDR=33
INSERT INTO BLOCKS VALUES(34,2147483613,0)
INSERT INTO LOBS VALUES(33,1,0,34)
COMMIT
INSERT INTO PARTS VALUES(1,0,0,10,18,34)
COMMIT
INSERT INTO LOB_IDS VALUES(35,4,0,40)
ALTER SEQUENCE SYSTEM_LOBS.LOB_ID RESTART WITH 36
COMMIT
DELETE FROM BLOCKS WHERE BLOCK_ADDR=34
INSERT INTO BLOCKS VALUES(35,2147483612,0)
INSERT INTO LOBS VALUES(34,1,0,35)
COMMIT
INSERT INTO PARTS VALUES(1,0,0,8,16,35)
COMMIT
INSERT INTO LOB_IDS VALUES(36,5,0,40)
ALTER SEQUENCE SYSTEM_LOBS.LOB_ID RESTART WITH 37
COMMIT
DELETE FROM BLOCKS WHERE BLOCK_ADDR=35
INSERT INTO BLOCKS VALUES(36,2147483611,0)
INSERT INTO LOBS VALUES(35,1,0,36)
COMMIT
INSERT INTO PARTS VALUES(1,0,0,10,18,36)
COMMIT
INSERT INTO LOB_IDS VALUES(37,17,0,40)
ALTER SEQUENCE SYSTEM_LOBS.LOB_ID RESTART WITH 38
COMMIT
DELETE FROM BLOCKS WHERE BLOCK_ADDR=36
INSERT INTO BLOCKS VALUES(37,2147483610,0)
INSERT INTO LOBS VALUES(36,1,0,37)
COMMIT
INSERT INTO PARTS VALUES(1,0,0,34,39,37)
COMMIT
INSERT INTO LOB_IDS VALUES(38,45,0,40)
ALTER SEQUENCE SYSTEM_LOBS.LOB_ID RESTART WITH 39
COMMIT
DELETE FROM BLOCKS WHERE BLOCK_ADDR=37
INSERT INTO BLOCKS VALUES(38,2147483609,0)
INSERT INTO LOBS VALUES(37,1,0,38)
COMMIT
INSERT INTO PARTS VALUES(1,0,0,90,72,38)
COMMIT
INSERT INTO LOB_IDS VALUES(39,1,0,40)
ALTER SEQUENCE SYSTEM_LOBS.LOB_ID RESTART WITH 40
COMMIT
DELETE FROM BLOCKS WHERE BLOCK_ADDR=38
INSERT INTO BLOCKS VALUES(39,2147483608,0)
INSERT INTO LOBS VALUES(38,1,0,39)
COMMIT
INSERT INTO PARTS VALUES(1,0,0,2,10,39)
COMMIT
INSERT INTO LOB_IDS VALUES(40,15,0,40)
ALTER SEQUENCE SYSTEM_LOBS.LOB_ID RESTART WITH 41
COMMIT
DELETE FROM BLOCKS WHERE BLOCK_ADDR=39
INSERT INTO BLOCKS VALUES(40,2147483607,0)
INSERT INTO LOBS VALUES(39,1,0,40)
COMMIT
INSERT INTO PARTS VALUES(1,0,0,30,27,40)
COMMIT
INSERT INTO LOB_IDS VALUES(41,1,0,40)
ALTER SEQUENCE SYSTEM_LOBS.LOB_ID RESTART WITH 42
COMMIT
DELETE FROM BLOCKS WHERE BLOCK_ADDR=40
INSERT INTO BLOCKS VALUES(41,2147483606,0)
INSERT INTO LOBS VALUES(40,1,0,41)
COMMIT
INSERT INTO PARTS VALUES(1,0,0,2,10,41)
COMMIT
INSERT INTO LOB_IDS VALUES(42,21,0,40)
ALTER SEQUENCE SYSTEM_LOBS.LOB_ID RESTART WITH 43
COMMIT
DELETE FROM BLOCKS WHERE BLOCK_ADDR=41
INSERT INTO BLOCKS VALUES(42,2147483605,0)
INSERT INTO LOBS VALUES(41,1,0,42)
COMMIT
INSERT INTO PARTS VALUES(1,0,0,42,41,42)
COMMIT
INSERT INTO LOB_IDS VALUES(43,13,0,40)
ALTER SEQUENCE SYSTEM_LOBS.LOB_ID RESTART WITH 44
COMMIT
DELETE FROM BLOCKS WHERE BLOCK_ADDR=42
INSERT INTO BLOCKS VALUES(43,2147483604,0)
INSERT INTO LOBS VALUES(42,1,0,43)
COMMIT
INSERT INTO PARTS VALUES(1,0,0,26,33,43)
COMMIT
INSERT INTO LOB_IDS VALUES(44,2,0,40)
ALTER SEQUENCE SYSTEM_LOBS.LOB_ID RESTART WITH 45
COMMIT
DELETE FROM BLOCKS WHERE BLOCK_ADDR=43
INSERT INTO BLOCKS VALUES(44,2147483603,0)
INSERT INTO LOBS VALUES(43,1,0,44)
COMMIT
INSERT INTO PARTS VALUES(1,0,0,4,12,44)
COMMIT
INSERT INTO LOB_IDS VALUES(45,12,0,40)
ALTER SEQUENCE SYSTEM_LOBS.LOB_ID RESTART WITH 46
COMMIT
DELETE FROM BLOCKS WHERE BLOCK_ADDR=44
INSERT INTO BLOCKS VALUES(45,2147483602,0)
INSERT INTO LOBS VALUES(44,1,0,45)
COMMIT
INSERT INTO PARTS VALUES(1,0,0,24,29,45)
COMMIT
INSERT INTO LOB_IDS VALUES(46,178,0,40)
ALTER SEQUENCE SYSTEM_LOBS.LOB_ID RESTART WITH 47
COMMIT
DELETE FROM BLOCKS WHERE BLOCK_ADDR=45
INSERT INTO BLOCKS VALUES(46,2147483601,0)
INSERT INTO LOBS VALUES(45,1,0,46)
COMMIT
INSERT INTO PARTS VALUES(1,0,0,356,198,46)
COMMIT
INSERT INTO LOB_IDS VALUES(47,81,0,40)
ALTER SEQUENCE SYSTEM_LOBS.LOB_ID RESTART WITH 48
COMMIT
DELETE FROM BLOCKS WHERE BLOCK_ADDR=46
INSERT INTO BLOCKS VALUES(47,2147483600,0)
INSERT INTO LOBS VALUES(46,1,0,47)
COMMIT
INSERT INTO PARTS VALUES(1,0,0,162,110,47)
COMMIT
INSERT INTO LOB_IDS VALUES(48,18,0,40)
ALTER SEQUENCE SYSTEM_LOBS.LOB_ID RESTART WITH 49
COMMIT
DELETE FROM BLOCKS WHERE BLOCK_ADDR=47
INSERT INTO BLOCKS VALUES(48,2147483599,0)
INSERT INTO LOBS VALUES(47,1,0,48)
COMMIT
INSERT INTO PARTS VALUES(1,0,0,36,38,48)
COMMIT
INSERT INTO LOB_IDS VALUES(49,1,0,40)
ALTER SEQUENCE SYSTEM_LOBS.LOB_ID RESTART WITH 50
COMMIT
DELETE FROM BLOCKS WHERE BLOCK_ADDR=48
INSERT INTO BLOCKS VALUES(49,2147483598,0)
INSERT INTO LOBS VALUES(48,1,0,49)
COMMIT
INSERT INTO PARTS VALUES(1,0,0,2,10,49)
COMMIT
INSERT INTO LOB_IDS VALUES(50,4,0,40)
ALTER SEQUENCE SYSTEM_LOBS.LOB_ID RESTART WITH 51
COMMIT
DELETE FROM BLOCKS WHERE BLOCK_ADDR=49
INSERT INTO BLOCKS VALUES(50,2147483597,0)
INSERT INTO LOBS VALUES(49,1,0,50)
COMMIT
INSERT INTO PARTS VALUES(1,0,0,8,16,50)
COMMIT
INSERT INTO LOB_IDS VALUES(51,178,0,40)
ALTER SEQUENCE SYSTEM_LOBS.LOB_ID RESTART WITH 52
COMMIT
DELETE FROM BLOCKS WHERE BLOCK_ADDR=50
INSERT INTO BLOCKS VALUES(51,2147483596,0)
INSERT INTO LOBS VALUES(50,1,0,51)
COMMIT
INSERT INTO PARTS VALUES(1,0,0,356,197,51)
COMMIT
INSERT INTO LOB_IDS VALUES(52,171,0,40)
ALTER SEQUENCE SYSTEM_LOBS.LOB_ID RESTART WITH 53
COMMIT
DELETE FROM BLOCKS WHERE BLOCK_ADDR=51
INSERT INTO BLOCKS VALUES(52,2147483595,0)
INSERT INTO LOBS VALUES(51,1,0,52)
COMMIT
INSERT INTO PARTS VALUES(1,0,0,342,191,52)
COMMIT
INSERT INTO LOB_IDS VALUES(53,1282,0,40)
ALTER SEQUENCE SYSTEM_LOBS.LOB_ID RESTART WITH 54
COMMIT
DELETE FROM BLOCKS WHERE BLOCK_ADDR=52
INSERT INTO BLOCKS VALUES(53,2147483594,0)
INSERT INTO LOBS VALUES(52,1,0,53)
COMMIT
INSERT INTO PARTS VALUES(1,0,0,2564,597,53)
COMMIT
INSERT INTO LOB_IDS VALUES(54,178,0,40)
ALTER SEQUENCE SYSTEM_LOBS.LOB_ID RESTART WITH 55
COMMIT
DELETE FROM BLOCKS WHERE BLOCK_ADDR=53
INSERT INTO BLOCKS VALUES(54,2147483593,0)
INSERT INTO LOBS VALUES(53,1,0,54)
COMMIT
INSERT INTO PARTS VALUES(1,0,0,356,198,54)
COMMIT
INSERT INTO LOB_IDS VALUES(55,178,0,40)
ALTER SEQUENCE SYSTEM_LOBS.LOB_ID RESTART WITH 56
COMMIT
DELETE FROM BLOCKS WHERE BLOCK_ADDR=54
INSERT INTO BLOCKS VALUES(55,2147483592,0)
INSERT INTO LOBS VALUES(54,1,0,55)
COMMIT
INSERT INTO PARTS VALUES(1,0,0,356,197,55)
COMMIT
/*C22*/INSERT INTO METADATA_ENTRY VALUES(28,'f5a7fa42-fab8-4abd-9031-dfd9685013de','executionStatus','DiagnosticBcftoolsBinaryTest.TestBcftoolsBundle',NULL,1,29,'2026-02-06 21:32:17.493325','string')
SET SCHEMA SYSTEM_LOBS
DELETE FROM LOB_IDS WHERE LOB_ID=29
INSERT INTO LOB_IDS VALUES(29,8,1,40)
COMMIT
SET SCHEMA PUBLIC
INSERT INTO METADATA_ENTRY VALUES(29,'f5a7fa42-fab8-4abd-9031-dfd9685013de','callCaching:effectiveCallCachingMode','DiagnosticBcftoolsBinaryTest.TestBcftoolsBundle',NULL,1,30,'2026-02-06 21:32:17.496461','string')
SET SCHEMA SYSTEM_LOBS
DELETE FROM LOB_IDS WHERE LOB_ID=30
INSERT INTO LOB_IDS VALUES(30,14,1,40)
COMMIT
SET SCHEMA PUBLIC
INSERT INTO METADATA_ENTRY VALUES(30,'f5a7fa42-fab8-4abd-9031-dfd9685013de','callCaching:allowResultReuse','DiagnosticBcftoolsBinaryTest.TestBcftoolsBundle',NULL,1,31,'2026-02-06 21:32:17.496892','boolean')
SET SCHEMA SYSTEM_LOBS
DELETE FROM LOB_IDS WHERE LOB_ID=31
INSERT INTO LOB_IDS VALUES(31,5,1,40)
COMMIT
SET SCHEMA PUBLIC
INSERT INTO METADATA_ENTRY VALUES(31,'f5a7fa42-fab8-4abd-9031-dfd9685013de','executionStatus','DiagnosticBcftoolsBinaryTest.TestBcftoolsBundle',NULL,1,32,'2026-02-06 21:32:18.791063','string')
SET SCHEMA SYSTEM_LOBS
DELETE FROM LOB_IDS WHERE LOB_ID=32
INSERT INTO LOB_IDS VALUES(32,7,1,40)
COMMIT
SET SCHEMA PUBLIC
INSERT INTO METADATA_ENTRY VALUES(32,'f5a7fa42-fab8-4abd-9031-dfd9685013de','inputs:bcftools_bundle_tgz','DiagnosticBcftoolsBinaryTest.TestBcftoolsBundle',NULL,1,33,'2026-02-06 21:32:18.790969','string')
SET SCHEMA SYSTEM_LOBS
DELETE FROM LOB_IDS WHERE LOB_ID=33
INSERT INTO LOB_IDS VALUES(33,100,1,40)
COMMIT
SET SCHEMA PUBLIC
INSERT INTO METADATA_ENTRY VALUES(33,'f5a7fa42-fab8-4abd-9031-dfd9685013de','runtimeAttributes:failOnStderr','DiagnosticBcftoolsBinaryTest.TestBcftoolsBundle',NULL,1,34,'2026-02-06 21:32:18.829866','string')
SET SCHEMA SYSTEM_LOBS
DELETE FROM LOB_IDS WHERE LOB_ID=34
INSERT INTO LOB_IDS VALUES(34,5,1,40)
COMMIT
SET SCHEMA PUBLIC
INSERT INTO METADATA_ENTRY VALUES(34,'f5a7fa42-fab8-4abd-9031-dfd9685013de','runtimeAttributes:noAddress','DiagnosticBcftoolsBinaryTest.TestBcftoolsBundle',NULL,1,35,'2026-02-06 21:32:18.829911','string')
SET SCHEMA SYSTEM_LOBS
DELETE FROM LOB_IDS WHERE LOB_ID=35
INSERT INTO LOB_IDS VALUES(35,4,1,40)
COMMIT
SET SCHEMA PUBLIC
INSERT INTO METADATA_ENTRY VALUES(35,'f5a7fa42-fab8-4abd-9031-dfd9685013de','preemptible','DiagnosticBcftoolsBinaryTest.TestBcftoolsBundle',NULL,1,36,'2026-02-06 21:32:18.829922','boolean')
SET SCHEMA SYSTEM_LOBS
DELETE FROM LOB_IDS WHERE LOB_ID=36
INSERT INTO LOB_IDS VALUES(36,5,1,40)
COMMIT
SET SCHEMA PUBLIC
INSERT INTO METADATA_ENTRY VALUES(36,'f5a7fa42-fab8-4abd-9031-dfd9685013de','runtimeAttributes:disks','DiagnosticBcftoolsBinaryTest.TestBcftoolsBundle',NULL,1,37,'2026-02-06 21:32:18.829930','string')
SET SCHEMA SYSTEM_LOBS
DELETE FROM LOB_IDS WHERE LOB_ID=37
INSERT INTO LOB_IDS VALUES(37,17,1,40)
COMMIT
SET SCHEMA PUBLIC
INSERT INTO METADATA_ENTRY VALUES(37,'f5a7fa42-fab8-4abd-9031-dfd9685013de','labels:cromwell-workflow-id','DiagnosticBcftoolsBinaryTest.TestBcftoolsBundle',NULL,1,38,'2026-02-06 21:32:18.829938','string')
SET SCHEMA SYSTEM_LOBS
DELETE FROM LOB_IDS WHERE LOB_ID=38
INSERT INTO LOB_IDS VALUES(38,45,1,40)
COMMIT
SET SCHEMA PUBLIC
INSERT INTO METADATA_ENTRY VALUES(38,'f5a7fa42-fab8-4abd-9031-dfd9685013de','runtimeAttributes:maxRetries','DiagnosticBcftoolsBinaryTest.TestBcftoolsBundle',NULL,1,39,'2026-02-06 21:32:18.829945','string')
SET SCHEMA SYSTEM_LOBS
DELETE FROM LOB_IDS WHERE LOB_ID=39
INSERT INTO LOB_IDS VALUES(39,1,1,40)
COMMIT
SET SCHEMA PUBLIC
INSERT INTO METADATA_ENTRY VALUES(39,'f5a7fa42-fab8-4abd-9031-dfd9685013de','runtimeAttributes:continueOnReturnCode','DiagnosticBcftoolsBinaryTest.TestBcftoolsBundle',NULL,1,40,'2026-02-06 21:32:18.829951','string')
SET SCHEMA SYSTEM_LOBS
DELETE FROM LOB_IDS WHERE LOB_ID=40
INSERT INTO LOB_IDS VALUES(40,15,1,40)
COMMIT
SET SCHEMA PUBLIC
INSERT INTO METADATA_ENTRY VALUES(40,'f5a7fa42-fab8-4abd-9031-dfd9685013de','runtimeAttributes:preemptible','DiagnosticBcftoolsBinaryTest.TestBcftoolsBundle',NULL,1,41,'2026-02-06 21:32:18.829957','string')
SET SCHEMA SYSTEM_LOBS
DELETE FROM LOB_IDS WHERE LOB_ID=41
INSERT INTO LOB_IDS VALUES(41,1,1,40)
COMMIT
SET SCHEMA PUBLIC
INSERT INTO METADATA_ENTRY VALUES(41,'f5a7fa42-fab8-4abd-9031-dfd9685013de','gcpBatch:googleProject','DiagnosticBcftoolsBinaryTest.TestBcftoolsBundle',NULL,1,42,'2026-02-06 21:32:18.829964','string')
SET SCHEMA SYSTEM_LOBS
DELETE FROM LOB_IDS WHERE LOB_ID=42
INSERT INTO LOB_IDS VALUES(42,21,1,40)
COMMIT
SET SCHEMA PUBLIC
INSERT INTO METADATA_ENTRY VALUES(42,'f5a7fa42-fab8-4abd-9031-dfd9685013de','runtimeAttributes:zones','DiagnosticBcftoolsBinaryTest.TestBcftoolsBundle',NULL,1,43,'2026-02-06 21:32:18.829971','string')
SET SCHEMA SYSTEM_LOBS
DELETE FROM LOB_IDS WHERE LOB_ID=43
INSERT INTO LOB_IDS VALUES(43,13,1,40)
COMMIT
SET SCHEMA PUBLIC
INSERT INTO METADATA_ENTRY VALUES(43,'f5a7fa42-fab8-4abd-9031-dfd9685013de','runtimeAttributes:bootDiskSizeGb','DiagnosticBcftoolsBinaryTest.TestBcftoolsBundle',NULL,1,44,'2026-02-06 21:32:18.829977','string')
SET SCHEMA SYSTEM_LOBS
DELETE FROM LOB_IDS WHERE LOB_ID=44
INSERT INTO LOB_IDS VALUES(44,2,1,40)
COMMIT
SET SCHEMA PUBLIC
INSERT INTO METADATA_ENTRY VALUES(44,'f5a7fa42-fab8-4abd-9031-dfd9685013de','runtimeAttributes:docker','DiagnosticBcftoolsBinaryTest.TestBcftoolsBundle',NULL,1,45,'2026-02-06 21:32:18.829983','string')
SET SCHEMA SYSTEM_LOBS
DELETE FROM LOB_IDS WHERE LOB_ID=45
INSERT INTO LOB_IDS VALUES(45,12,1,40)
COMMIT
SET SCHEMA PUBLIC
INSERT INTO METADATA_ENTRY VALUES(45,'f5a7fa42-fab8-4abd-9031-dfd9685013de','stdout','DiagnosticBcftoolsBinaryTest.TestBcftoolsBundle',NULL,1,46,'2026-02-06 21:32:18.830016','string')
SET SCHEMA SYSTEM_LOBS
DELETE FROM LOB_IDS WHERE LOB_ID=46
INSERT INTO LOB_IDS VALUES(46,178,1,40)
COMMIT
SET SCHEMA PUBLIC
INSERT INTO METADATA_ENTRY VALUES(46,'f5a7fa42-fab8-4abd-9031-dfd9685013de','gcpBatch:executionBucket','DiagnosticBcftoolsBinaryTest.TestBcftoolsBundle',NULL,1,47,'2026-02-06 21:32:18.830045','string')
SET SCHEMA SYSTEM_LOBS
DELETE FROM LOB_IDS WHERE LOB_ID=47
INSERT INTO LOB_IDS VALUES(47,81,1,40)
COMMIT
SET SCHEMA PUBLIC
INSERT INTO METADATA_ENTRY VALUES(47,'f5a7fa42-fab8-4abd-9031-dfd9685013de','labels:wdl-task-name','DiagnosticBcftoolsBinaryTest.TestBcftoolsBundle',NULL,1,48,'2026-02-06 21:32:18.830051','string')
SET SCHEMA SYSTEM_LOBS
DELETE FROM LOB_IDS WHERE LOB_ID=48
INSERT INTO LOB_IDS VALUES(48,18,1,40)
COMMIT
SET SCHEMA PUBLIC
INSERT INTO METADATA_ENTRY VALUES(48,'f5a7fa42-fab8-4abd-9031-dfd9685013de','runtimeAttributes:cpu','DiagnosticBcftoolsBinaryTest.TestBcftoolsBundle',NULL,1,49,'2026-02-06 21:32:18.830058','string')
SET SCHEMA SYSTEM_LOBS
DELETE FROM LOB_IDS WHERE LOB_ID=49
INSERT INTO LOB_IDS VALUES(49,1,1,40)
COMMIT
SET SCHEMA PUBLIC
INSERT INTO METADATA_ENTRY VALUES(49,'f5a7fa42-fab8-4abd-9031-dfd9685013de','runtimeAttributes:memory','DiagnosticBcftoolsBinaryTest.TestBcftoolsBundle',NULL,1,50,'2026-02-06 21:32:18.830065','string')
SET SCHEMA SYSTEM_LOBS
DELETE FROM LOB_IDS WHERE LOB_ID=50
INSERT INTO LOB_IDS VALUES(50,4,1,40)
COMMIT
SET SCHEMA PUBLIC
INSERT INTO METADATA_ENTRY VALUES(50,'f5a7fa42-fab8-4abd-9031-dfd9685013de','stderr','DiagnosticBcftoolsBinaryTest.TestBcftoolsBundle',NULL,1,51,'2026-02-06 21:32:18.830077','string')
SET SCHEMA SYSTEM_LOBS
DELETE FROM LOB_IDS WHERE LOB_ID=51
INSERT INTO LOB_IDS VALUES(51,178,1,40)
COMMIT
SET SCHEMA PUBLIC
INSERT INTO METADATA_ENTRY VALUES(51,'f5a7fa42-fab8-4abd-9031-dfd9685013de','callRoot','DiagnosticBcftoolsBinaryTest.TestBcftoolsBundle',NULL,1,52,'2026-02-06 21:32:18.830086','string')
SET SCHEMA SYSTEM_LOBS
DELETE FROM LOB_IDS WHERE LOB_ID=52
INSERT INTO LOB_IDS VALUES(52,171,1,40)
COMMIT
SET SCHEMA PUBLIC
INSERT INTO METADATA_ENTRY VALUES(52,'f5a7fa42-fab8-4abd-9031-dfd9685013de','commandLine','DiagnosticBcftoolsBinaryTest.TestBcftoolsBundle',NULL,1,53,'2026-02-06 21:32:18.895677','string')
SET SCHEMA SYSTEM_LOBS
DELETE FROM LOB_IDS WHERE LOB_ID=53
INSERT INTO LOB_IDS VALUES(53,1282,1,40)
COMMIT
SET SCHEMA PUBLIC
INSERT INTO METADATA_ENTRY VALUES(53,'f5a7fa42-fab8-4abd-9031-dfd9685013de','stdout','DiagnosticBcftoolsBinaryTest.TestBcftoolsBundle',NULL,1,54,'2026-02-06 21:32:18.898002','string')
SET SCHEMA SYSTEM_LOBS
DELETE FROM LOB_IDS WHERE LOB_ID=54
INSERT INTO LOB_IDS VALUES(54,178,1,40)
COMMIT
SET SCHEMA PUBLIC
INSERT INTO METADATA_ENTRY VALUES(54,'f5a7fa42-fab8-4abd-9031-dfd9685013de','stderr','DiagnosticBcftoolsBinaryTest.TestBcftoolsBundle',NULL,1,55,'2026-02-06 21:32:18.898054','string')
SET SCHEMA SYSTEM_LOBS
DELETE FROM LOB_IDS WHERE LOB_ID=55
INSERT INTO LOB_IDS VALUES(55,178,1,40)
COMMIT
/*C1*/INSERT INTO LOB_IDS VALUES(56,45,0,40)
ALTER SEQUENCE SYSTEM_LOBS.LOB_ID RESTART WITH 57
COMMIT
DELETE FROM BLOCKS WHERE BLOCK_ADDR=55
INSERT INTO BLOCKS VALUES(56,2147483591,0)
INSERT INTO LOBS VALUES(55,1,0,56)
COMMIT
INSERT INTO PARTS VALUES(1,0,0,90,72,56)
COMMIT
INSERT INTO LOB_IDS VALUES(57,18,0,40)
ALTER SEQUENCE SYSTEM_LOBS.LOB_ID RESTART WITH 58
COMMIT
DELETE FROM BLOCKS WHERE BLOCK_ADDR=56
INSERT INTO BLOCKS VALUES(57,2147483590,0)
INSERT INTO LOBS VALUES(56,1,0,57)
COMMIT
INSERT INTO PARTS VALUES(1,0,0,36,38,57)
COMMIT
/*C2*/INSERT INTO JOB_KEY_VALUE_ENTRY VALUES(0,'f5a7fa42-fab8-4abd-9031-dfd9685013de','DiagnosticBcftoolsBinaryTest.TestBcftoolsBundle',-1,1,'__gcp_batch','projects/terra-vpc-sc-17dda7e1/locations/us-central1/jobs/job-f5a7fa42-diagnosticbcftoolsbinarytesttestbcftool-1-baebe9f8')
COMMIT
/*C22*/SET SCHEMA PUBLIC
INSERT INTO METADATA_ENTRY VALUES(55,'f5a7fa42-fab8-4abd-9031-dfd9685013de','backendLabels:cromwell-workflow-id','DiagnosticBcftoolsBinaryTest.TestBcftoolsBundle',NULL,1,56,'2026-02-06 21:32:23.262790','string')
SET SCHEMA SYSTEM_LOBS
DELETE FROM LOB_IDS WHERE LOB_ID=56
INSERT INTO LOB_IDS VALUES(56,45,1,40)
COMMIT
SET SCHEMA PUBLIC
INSERT INTO METADATA_ENTRY VALUES(56,'f5a7fa42-fab8-4abd-9031-dfd9685013de','backendLabels:wdl-task-name','DiagnosticBcftoolsBinaryTest.TestBcftoolsBundle',NULL,1,57,'2026-02-06 21:32:23.262825','string')
SET SCHEMA SYSTEM_LOBS
DELETE FROM LOB_IDS WHERE LOB_ID=57
INSERT INTO LOB_IDS VALUES(57,18,1,40)
COMMIT
/*C1*/INSERT INTO LOB_IDS VALUES(58,121,0,40)
ALTER SEQUENCE SYSTEM_LOBS.LOB_ID RESTART WITH 59
COMMIT
DELETE FROM BLOCKS WHERE BLOCK_ADDR=57
INSERT INTO BLOCKS VALUES(58,2147483589,0)
INSERT INTO LOBS VALUES(57,1,0,58)
COMMIT
INSERT INTO PARTS VALUES(1,0,0,242,141,58)
COMMIT
INSERT INTO LOB_IDS VALUES(59,12,0,40)
ALTER SEQUENCE SYSTEM_LOBS.LOB_ID RESTART WITH 60
COMMIT
DELETE FROM BLOCKS WHERE BLOCK_ADDR=58
INSERT INTO BLOCKS VALUES(59,2147483588,0)
INSERT INTO LOBS VALUES(58,1,0,59)
COMMIT
INSERT INTO PARTS VALUES(1,0,0,24,27,59)
COMMIT
INSERT INTO LOB_IDS VALUES(60,24,0,40)
ALTER SEQUENCE SYSTEM_LOBS.LOB_ID RESTART WITH 61
COMMIT
DELETE FROM BLOCKS WHERE BLOCK_ADDR=59
INSERT INTO BLOCKS VALUES(60,2147483587,0)
INSERT INTO LOBS VALUES(59,1,0,60)
COMMIT
INSERT INTO PARTS VALUES(1,0,0,48,44,60)
COMMIT
/*C22*/SET SCHEMA PUBLIC
INSERT INTO METADATA_ENTRY VALUES(57,'f5a7fa42-fab8-4abd-9031-dfd9685013de','jobId','DiagnosticBcftoolsBinaryTest.TestBcftoolsBundle',NULL,1,58,'2026-02-06 21:32:27.204002','string')
SET SCHEMA SYSTEM_LOBS
DELETE FROM LOB_IDS WHERE LOB_ID=58
INSERT INTO LOB_IDS VALUES(58,121,1,40)
COMMIT
SET SCHEMA PUBLIC
INSERT INTO METADATA_ENTRY VALUES(58,'f5a7fa42-fab8-4abd-9031-dfd9685013de','backendStatus','DiagnosticBcftoolsBinaryTest.TestBcftoolsBundle',NULL,1,59,'2026-02-06 21:32:29.144070','string')
SET SCHEMA SYSTEM_LOBS
DELETE FROM LOB_IDS WHERE LOB_ID=59
INSERT INTO LOB_IDS VALUES(59,12,1,40)
COMMIT
SET SCHEMA PUBLIC
INSERT INTO METADATA_ENTRY VALUES(59,'f5a7fa42-fab8-4abd-9031-dfd9685013de','vmStartTime','DiagnosticBcftoolsBinaryTest.TestBcftoolsBundle',NULL,1,60,'2026-02-06 21:32:29.148579','string')
SET SCHEMA SYSTEM_LOBS
DELETE FROM LOB_IDS WHERE LOB_ID=60
INSERT INTO LOB_IDS VALUES(60,24,1,40)
COMMIT
/*C2*/DELETE FROM WORKFLOW_STORE_ENTRY WHERE WORKFLOW_STORE_ENTRY_ID=0
INSERT INTO WORKFLOW_STORE_ENTRY VALUES(0,'f5a7fa42-fab8-4abd-9031-dfd9685013de',1,2,3,'Running','2026-02-06 21:32:12.743811',NULL,4,NULL,NULL,NULL,'cromid-189f51b','2026-02-06 21:34:13.543828',NULL,'f5a7fa42')
SET SCHEMA SYSTEM_LOBS
DELETE FROM LOB_IDS WHERE LOB_ID=1
DELETE FROM LOB_IDS WHERE LOB_ID=2
DELETE FROM LOB_IDS WHERE LOB_ID=3
DELETE FROM LOB_IDS WHERE LOB_ID=4
INSERT INTO LOB_IDS VALUES(1,1768,1,40)
INSERT INTO LOB_IDS VALUES(2,155,1,40)
INSERT INTO LOB_IDS VALUES(3,4,1,40)
INSERT INTO LOB_IDS VALUES(4,2,1,40)
COMMIT
/*C1*/INSERT INTO LOB_IDS VALUES(61,7,0,40)
ALTER SEQUENCE SYSTEM_LOBS.LOB_ID RESTART WITH 62
COMMIT
DELETE FROM BLOCKS WHERE BLOCK_ADDR=60
INSERT INTO BLOCKS VALUES(61,2147483586,0)
INSERT INTO LOBS VALUES(60,1,0,61)
COMMIT
INSERT INTO PARTS VALUES(1,0,0,14,19,61)
COMMIT
/*C22*/SET SCHEMA PUBLIC
INSERT INTO METADATA_ENTRY VALUES(60,'f5a7fa42-fab8-4abd-9031-dfd9685013de','backendStatus','DiagnosticBcftoolsBinaryTest.TestBcftoolsBundle',NULL,1,61,'2026-02-06 21:34:26.844254','string')
SET SCHEMA SYSTEM_LOBS
DELETE FROM LOB_IDS WHERE LOB_ID=61
INSERT INTO LOB_IDS VALUES(61,7,1,40)
COMMIT
/*C1*/INSERT INTO LOB_IDS VALUES(62,7,0,40)
ALTER SEQUENCE SYSTEM_LOBS.LOB_ID RESTART WITH 63
COMMIT
DELETE FROM BLOCKS WHERE BLOCK_ADDR=61
INSERT INTO BLOCKS VALUES(62,2147483585,0)
INSERT INTO LOBS VALUES(61,1,0,62)
COMMIT
INSERT INTO PARTS VALUES(1,0,0,14,20,62)
COMMIT
INSERT INTO LOB_IDS VALUES(63,24,0,40)
ALTER SEQUENCE SYSTEM_LOBS.LOB_ID RESTART WITH 64
COMMIT
DELETE FROM BLOCKS WHERE BLOCK_ADDR=62
INSERT INTO BLOCKS VALUES(63,2147483584,0)
INSERT INTO LOBS VALUES(62,1,0,63)
COMMIT
INSERT INTO PARTS VALUES(1,0,0,48,44,63)
COMMIT
/*C22*/SET SCHEMA PUBLIC
INSERT INTO METADATA_ENTRY VALUES(61,'f5a7fa42-fab8-4abd-9031-dfd9685013de','backendStatus','DiagnosticBcftoolsBinaryTest.TestBcftoolsBundle',NULL,1,62,'2026-02-06 21:34:54.905025','string')
SET SCHEMA SYSTEM_LOBS
DELETE FROM LOB_IDS WHERE LOB_ID=62
INSERT INTO LOB_IDS VALUES(62,7,1,40)
COMMIT
SET SCHEMA PUBLIC
INSERT INTO METADATA_ENTRY VALUES(62,'f5a7fa42-fab8-4abd-9031-dfd9685013de','vmEndTime','DiagnosticBcftoolsBinaryTest.TestBcftoolsBundle',NULL,1,63,'2026-02-06 21:34:54.907082','string')
SET SCHEMA SYSTEM_LOBS
DELETE FROM LOB_IDS WHERE LOB_ID=63
INSERT INTO LOB_IDS VALUES(63,24,1,40)
COMMIT
/*C1*/INSERT INTO LOB_IDS VALUES(64,182,0,40)
ALTER SEQUENCE SYSTEM_LOBS.LOB_ID RESTART WITH 65
COMMIT
DELETE FROM BLOCKS WHERE BLOCK_ADDR=63
INSERT INTO BLOCKS VALUES(64,2147483583,0)
INSERT INTO LOBS VALUES(63,1,0,64)
COMMIT
INSERT INTO PARTS VALUES(1,0,0,364,202,64)
COMMIT
/*C2*/SET SCHEMA PUBLIC
INSERT INTO JOB_STORE_ENTRY VALUES(0,'f5a7fa42-fab8-4abd-9031-dfd9685013de','DiagnosticBcftoolsBinaryTest.TestBcftoolsBundle',-1,1,TRUE,0,NULL,NULL)
INSERT INTO JOB_STORE_SIMPLETON_ENTRY VALUES(0,'report',64,'File',0)
SET SCHEMA SYSTEM_LOBS
DELETE FROM LOB_IDS WHERE LOB_ID=64
INSERT INTO LOB_IDS VALUES(64,182,1,40)
COMMIT
/*C1*/INSERT INTO LOB_IDS VALUES(65,24,0,40)
ALTER SEQUENCE SYSTEM_LOBS.LOB_ID RESTART WITH 66
COMMIT
DELETE FROM BLOCKS WHERE BLOCK_ADDR=64
INSERT INTO BLOCKS VALUES(65,2147483582,0)
INSERT INTO LOBS VALUES(64,1,0,65)
COMMIT
INSERT INTO PARTS VALUES(1,0,0,48,43,65)
COMMIT
INSERT INTO LOB_IDS VALUES(66,9,0,40)
ALTER SEQUENCE SYSTEM_LOBS.LOB_ID RESTART WITH 67
COMMIT
DELETE FROM BLOCKS WHERE BLOCK_ADDR=65
INSERT INTO BLOCKS VALUES(66,2147483581,0)
INSERT INTO LOBS VALUES(65,1,0,66)
COMMIT
INSERT INTO PARTS VALUES(1,0,0,18,20,66)
COMMIT
/*C22*/SET SCHEMA PUBLIC
INSERT INTO METADATA_ENTRY VALUES(63,'f5a7fa42-fab8-4abd-9031-dfd9685013de','end',NULL,NULL,NULL,65,'2026-02-06 21:35:00.153549','string')
INSERT INTO METADATA_ENTRY VALUES(64,'f5a7fa42-fab8-4abd-9031-dfd9685013de','status',NULL,NULL,NULL,66,'2026-02-06 21:35:00.157280','string')
INSERT INTO "SUMMARY_QUEUE_ENTRY" VALUES(63)
INSERT INTO "SUMMARY_QUEUE_ENTRY" VALUES(64)
SET SCHEMA SYSTEM_LOBS
DELETE FROM LOB_IDS WHERE LOB_ID=65
INSERT INTO LOB_IDS VALUES(65,24,1,40)
DELETE FROM LOB_IDS WHERE LOB_ID=66
INSERT INTO LOB_IDS VALUES(66,9,1,40)
COMMIT
/*C1*/INSERT INTO LOB_IDS VALUES(67,78,0,40)
ALTER SEQUENCE SYSTEM_LOBS.LOB_ID RESTART WITH 68
COMMIT
DELETE FROM BLOCKS WHERE BLOCK_ADDR=66
INSERT INTO BLOCKS VALUES(67,2147483580,0)
INSERT INTO LOBS VALUES(66,1,0,67)
COMMIT
INSERT INTO PARTS VALUES(1,0,0,156,104,67)
COMMIT
INSERT INTO LOB_IDS VALUES(68,4,0,40)
ALTER SEQUENCE SYSTEM_LOBS.LOB_ID RESTART WITH 69
COMMIT
DELETE FROM BLOCKS WHERE BLOCK_ADDR=67
INSERT INTO BLOCKS VALUES(68,2147483579,0)
INSERT INTO LOBS VALUES(67,1,0,68)
COMMIT
INSERT INTO PARTS VALUES(1,0,0,8,16,68)
COMMIT
INSERT INTO LOB_IDS VALUES(69,24,0,40)
ALTER SEQUENCE SYSTEM_LOBS.LOB_ID RESTART WITH 70
COMMIT
DELETE FROM BLOCKS WHERE BLOCK_ADDR=68
INSERT INTO BLOCKS VALUES(69,2147483578,0)
INSERT INTO LOBS VALUES(68,1,0,69)
COMMIT
INSERT INTO PARTS VALUES(1,0,0,48,45,69)
COMMIT
INSERT INTO LOB_IDS VALUES(70,1,0,40)
ALTER SEQUENCE SYSTEM_LOBS.LOB_ID RESTART WITH 71
COMMIT
DELETE FROM BLOCKS WHERE BLOCK_ADDR=69
INSERT INTO BLOCKS VALUES(70,2147483577,0)
INSERT INTO LOBS VALUES(69,1,0,70)
COMMIT
INSERT INTO PARTS VALUES(1,0,0,2,10,70)
COMMIT
INSERT INTO LOB_IDS VALUES(71,182,0,40)
ALTER SEQUENCE SYSTEM_LOBS.LOB_ID RESTART WITH 72
COMMIT
DELETE FROM BLOCKS WHERE BLOCK_ADDR=70
INSERT INTO BLOCKS VALUES(71,2147483576,0)
INSERT INTO LOBS VALUES(70,1,0,71)
COMMIT
INSERT INTO PARTS VALUES(1,0,0,364,202,71)
COMMIT
INSERT INTO LOB_IDS VALUES(72,7,0,40)
ALTER SEQUENCE SYSTEM_LOBS.LOB_ID RESTART WITH 73
COMMIT
DELETE FROM BLOCKS WHERE BLOCK_ADDR=71
INSERT INTO BLOCKS VALUES(72,2147483575,0)
INSERT INTO LOBS VALUES(71,1,0,72)
COMMIT
INSERT INTO PARTS VALUES(1,0,0,14,20,72)
COMMIT
INSERT INTO LOB_IDS VALUES(73,24,0,40)
ALTER SEQUENCE SYSTEM_LOBS.LOB_ID RESTART WITH 74
COMMIT
DELETE FROM BLOCKS WHERE BLOCK_ADDR=72
INSERT INTO BLOCKS VALUES(73,2147483574,0)
INSERT INTO LOBS VALUES(72,1,0,73)
COMMIT
INSERT INTO PARTS VALUES(1,0,0,48,45,73)
COMMIT
INSERT INTO LOB_IDS VALUES(74,24,0,40)
ALTER SEQUENCE SYSTEM_LOBS.LOB_ID RESTART WITH 75
COMMIT
DELETE FROM BLOCKS WHERE BLOCK_ADDR=73
INSERT INTO BLOCKS VALUES(74,2147483573,0)
INSERT INTO LOBS VALUES(73,1,0,74)
COMMIT
INSERT INTO PARTS VALUES(1,0,0,48,45,74)
COMMIT
INSERT INTO LOB_IDS VALUES(75,24,0,40)
ALTER SEQUENCE SYSTEM_LOBS.LOB_ID RESTART WITH 76
COMMIT
DELETE FROM BLOCKS WHERE BLOCK_ADDR=74
INSERT INTO BLOCKS VALUES(75,2147483572,0)
INSERT INTO LOBS VALUES(74,1,0,75)
COMMIT
INSERT INTO PARTS VALUES(1,0,0,48,46,75)
COMMIT
INSERT INTO LOB_IDS VALUES(76,24,0,40)
ALTER SEQUENCE SYSTEM_LOBS.LOB_ID RESTART WITH 77
COMMIT
DELETE FROM BLOCKS WHERE BLOCK_ADDR=75
INSERT INTO BLOCKS VALUES(76,2147483571,0)
INSERT INTO LOBS VALUES(75,1,0,76)
COMMIT
INSERT INTO PARTS VALUES(1,0,0,48,45,76)
COMMIT
INSERT INTO LOB_IDS VALUES(77,24,0,40)
ALTER SEQUENCE SYSTEM_LOBS.LOB_ID RESTART WITH 78
COMMIT
DELETE FROM BLOCKS WHERE BLOCK_ADDR=76
INSERT INTO BLOCKS VALUES(77,2147483570,0)
INSERT INTO LOBS VALUES(76,1,0,77)
COMMIT
INSERT INTO PARTS VALUES(1,0,0,48,45,77)
COMMIT
INSERT INTO LOB_IDS VALUES(78,20,0,40)
ALTER SEQUENCE SYSTEM_LOBS.LOB_ID RESTART WITH 79
COMMIT
DELETE FROM BLOCKS WHERE BLOCK_ADDR=77
INSERT INTO BLOCKS VALUES(78,2147483569,0)
INSERT INTO LOBS VALUES(77,1,0,78)
COMMIT
INSERT INTO PARTS VALUES(1,0,0,40,42,78)
COMMIT
INSERT INTO LOB_IDS VALUES(79,24,0,40)
ALTER SEQUENCE SYSTEM_LOBS.LOB_ID RESTART WITH 80
COMMIT
DELETE FROM BLOCKS WHERE BLOCK_ADDR=78
INSERT INTO BLOCKS VALUES(79,2147483568,0)
INSERT INTO LOBS VALUES(78,1,0,79)
COMMIT
INSERT INTO PARTS VALUES(1,0,0,48,45,79)
COMMIT
INSERT INTO LOB_IDS VALUES(80,24,0,40)
ALTER SEQUENCE SYSTEM_LOBS.LOB_ID RESTART WITH 81
COMMIT
DELETE FROM BLOCKS WHERE BLOCK_ADDR=79
INSERT INTO BLOCKS VALUES(80,2147483567,0)
INSERT INTO LOBS VALUES(79,1,0,80)
COMMIT
INSERT INTO PARTS VALUES(1,0,0,48,45,80)
COMMIT
INSERT INTO LOB_IDS VALUES(81,12,0,40)
ALTER SEQUENCE SYSTEM_LOBS.LOB_ID RESTART WITH 82
COMMIT
DELETE FROM BLOCKS WHERE BLOCK_ADDR=80
INSERT INTO BLOCKS VALUES(81,2147483566,0)
INSERT INTO LOBS VALUES(80,1,0,81)
COMMIT
INSERT INTO PARTS VALUES(1,0,0,24,30,81)
COMMIT
INSERT INTO LOB_IDS VALUES(82,24,0,40)
ALTER SEQUENCE SYSTEM_LOBS.LOB_ID RESTART WITH 83
COMMIT
DELETE FROM BLOCKS WHERE BLOCK_ADDR=81
INSERT INTO BLOCKS VALUES(82,2147483565,0)
INSERT INTO LOBS VALUES(81,1,0,82)
COMMIT
INSERT INTO PARTS VALUES(1,0,0,48,45,82)
COMMIT
INSERT INTO LOB_IDS VALUES(83,24,0,40)
ALTER SEQUENCE SYSTEM_LOBS.LOB_ID RESTART WITH 84
COMMIT
DELETE FROM BLOCKS WHERE BLOCK_ADDR=82
INSERT INTO BLOCKS VALUES(83,2147483564,0)
INSERT INTO LOBS VALUES(82,1,0,83)
COMMIT
INSERT INTO PARTS VALUES(1,0,0,48,45,83)
COMMIT
INSERT INTO LOB_IDS VALUES(84,10,0,40)
ALTER SEQUENCE SYSTEM_LOBS.LOB_ID RESTART WITH 85
COMMIT
DELETE FROM BLOCKS WHERE BLOCK_ADDR=83
INSERT INTO BLOCKS VALUES(84,2147483563,0)
INSERT INTO LOBS VALUES(83,1,0,84)
COMMIT
INSERT INTO PARTS VALUES(1,0,0,20,25,84)
COMMIT
INSERT INTO LOB_IDS VALUES(85,24,0,40)
ALTER SEQUENCE SYSTEM_LOBS.LOB_ID RESTART WITH 86
COMMIT
DELETE FROM BLOCKS WHERE BLOCK_ADDR=84
INSERT INTO BLOCKS VALUES(85,2147483562,0)
INSERT INTO LOBS VALUES(84,1,0,85)
COMMIT
INSERT INTO PARTS VALUES(1,0,0,48,45,85)
COMMIT
INSERT INTO LOB_IDS VALUES(86,24,0,40)
ALTER SEQUENCE SYSTEM_LOBS.LOB_ID RESTART WITH 87
COMMIT
DELETE FROM BLOCKS WHERE BLOCK_ADDR=85
INSERT INTO BLOCKS VALUES(86,2147483561,0)
INSERT INTO LOBS VALUES(85,1,0,86)
COMMIT
INSERT INTO PARTS VALUES(1,0,0,48,44,86)
COMMIT
INSERT INTO LOB_IDS VALUES(87,163,0,40)
ALTER SEQUENCE SYSTEM_LOBS.LOB_ID RESTART WITH 88
COMMIT
DELETE FROM BLOCKS WHERE BLOCK_ADDR=86
INSERT INTO BLOCKS VALUES(87,2147483560,0)
INSERT INTO LOBS VALUES(86,1,0,87)
COMMIT
INSERT INTO PARTS VALUES(1,0,0,326,191,87)
COMMIT
INSERT INTO LOB_IDS VALUES(88,24,0,40)
ALTER SEQUENCE SYSTEM_LOBS.LOB_ID RESTART WITH 89
COMMIT
DELETE FROM BLOCKS WHERE BLOCK_ADDR=87
INSERT INTO BLOCKS VALUES(88,2147483559,0)
INSERT INTO LOBS VALUES(87,1,0,88)
COMMIT
INSERT INTO PARTS VALUES(1,0,0,48,44,88)
COMMIT
INSERT INTO LOB_IDS VALUES(89,24,0,40)
ALTER SEQUENCE SYSTEM_LOBS.LOB_ID RESTART WITH 90
COMMIT
DELETE FROM BLOCKS WHERE BLOCK_ADDR=88
INSERT INTO BLOCKS VALUES(89,2147483558,0)
INSERT INTO LOBS VALUES(88,1,0,89)
COMMIT
INSERT INTO PARTS VALUES(1,0,0,48,44,89)
COMMIT
INSERT INTO LOB_IDS VALUES(90,11,0,40)
ALTER SEQUENCE SYSTEM_LOBS.LOB_ID RESTART WITH 91
COMMIT
DELETE FROM BLOCKS WHERE BLOCK_ADDR=89
INSERT INTO BLOCKS VALUES(90,2147483557,0)
INSERT INTO LOBS VALUES(89,1,0,90)
COMMIT
INSERT INTO PARTS VALUES(1,0,0,22,27,90)
COMMIT
INSERT INTO LOB_IDS VALUES(91,24,0,40)
ALTER SEQUENCE SYSTEM_LOBS.LOB_ID RESTART WITH 92
COMMIT
DELETE FROM BLOCKS WHERE BLOCK_ADDR=90
INSERT INTO BLOCKS VALUES(91,2147483556,0)
INSERT INTO LOBS VALUES(90,1,0,91)
COMMIT
INSERT INTO PARTS VALUES(1,0,0,48,44,91)
COMMIT
INSERT INTO LOB_IDS VALUES(92,24,0,40)
ALTER SEQUENCE SYSTEM_LOBS.LOB_ID RESTART WITH 93
COMMIT
DELETE FROM BLOCKS WHERE BLOCK_ADDR=91
INSERT INTO BLOCKS VALUES(92,2147483555,0)
INSERT INTO LOBS VALUES(91,1,0,92)
COMMIT
INSERT INTO PARTS VALUES(1,0,0,48,46,92)
COMMIT
INSERT INTO LOB_IDS VALUES(93,164,0,40)
ALTER SEQUENCE SYSTEM_LOBS.LOB_ID RESTART WITH 94
COMMIT
DELETE FROM BLOCKS WHERE BLOCK_ADDR=92
INSERT INTO BLOCKS VALUES(93,2147483554,0)
INSERT INTO LOBS VALUES(92,1,0,93)
COMMIT
INSERT INTO PARTS VALUES(1,0,0,328,193,93)
COMMIT
INSERT INTO LOB_IDS VALUES(94,24,0,40)
ALTER SEQUENCE SYSTEM_LOBS.LOB_ID RESTART WITH 95
COMMIT
DELETE FROM BLOCKS WHERE BLOCK_ADDR=93
INSERT INTO BLOCKS VALUES(94,2147483553,0)
INSERT INTO LOBS VALUES(93,1,0,94)
COMMIT
INSERT INTO PARTS VALUES(1,0,0,48,46,94)
COMMIT
INSERT INTO LOB_IDS VALUES(95,24,0,40)
ALTER SEQUENCE SYSTEM_LOBS.LOB_ID RESTART WITH 96
COMMIT
DELETE FROM BLOCKS WHERE BLOCK_ADDR=94
INSERT INTO BLOCKS VALUES(95,2147483552,0)
INSERT INTO LOBS VALUES(94,1,0,95)
COMMIT
INSERT INTO PARTS VALUES(1,0,0,48,44,95)
COMMIT
INSERT INTO LOB_IDS VALUES(96,164,0,40)
ALTER SEQUENCE SYSTEM_LOBS.LOB_ID RESTART WITH 97
COMMIT
DELETE FROM BLOCKS WHERE BLOCK_ADDR=95
INSERT INTO BLOCKS VALUES(96,2147483551,0)
INSERT INTO LOBS VALUES(95,1,0,96)
COMMIT
INSERT INTO PARTS VALUES(1,0,0,328,192,96)
COMMIT
INSERT INTO LOB_IDS VALUES(97,24,0,40)
ALTER SEQUENCE SYSTEM_LOBS.LOB_ID RESTART WITH 98
COMMIT
DELETE FROM BLOCKS WHERE BLOCK_ADDR=96
INSERT INTO BLOCKS VALUES(97,2147483550,0)
INSERT INTO LOBS VALUES(96,1,0,97)
COMMIT
INSERT INTO PARTS VALUES(1,0,0,48,44,97)
COMMIT
INSERT INTO LOB_IDS VALUES(98,24,0,40)
ALTER SEQUENCE SYSTEM_LOBS.LOB_ID RESTART WITH 99
COMMIT
DELETE FROM BLOCKS WHERE BLOCK_ADDR=97
INSERT INTO BLOCKS VALUES(98,2147483549,0)
INSERT INTO LOBS VALUES(97,1,0,98)
COMMIT
INSERT INTO PARTS VALUES(1,0,0,48,44,98)
COMMIT
INSERT INTO LOB_IDS VALUES(99,9,0,40)
ALTER SEQUENCE SYSTEM_LOBS.LOB_ID RESTART WITH 100
COMMIT
DELETE FROM BLOCKS WHERE BLOCK_ADDR=98
INSERT INTO BLOCKS VALUES(99,2147483548,0)
INSERT INTO LOBS VALUES(98,1,0,99)
COMMIT
INSERT INTO PARTS VALUES(1,0,0,18,24,99)
COMMIT
INSERT INTO LOB_IDS VALUES(100,24,0,40)
ALTER SEQUENCE SYSTEM_LOBS.LOB_ID RESTART WITH 101
COMMIT
DELETE FROM BLOCKS WHERE BLOCK_ADDR=99
INSERT INTO BLOCKS VALUES(100,2147483547,0)
INSERT INTO LOBS VALUES(99,1,0,100)
COMMIT
INSERT INTO PARTS VALUES(1,0,0,48,44,100)
COMMIT
INSERT INTO LOB_IDS VALUES(101,24,0,40)
ALTER SEQUENCE SYSTEM_LOBS.LOB_ID RESTART WITH 102
COMMIT
DELETE FROM BLOCKS WHERE BLOCK_ADDR=100
INSERT INTO BLOCKS VALUES(101,2147483546,0)
INSERT INTO LOBS VALUES(100,1,0,101)
COMMIT
INSERT INTO PARTS VALUES(1,0,0,48,46,101)
COMMIT
INSERT INTO LOB_IDS VALUES(102,16,0,40)
ALTER SEQUENCE SYSTEM_LOBS.LOB_ID RESTART WITH 103
COMMIT
DELETE FROM BLOCKS WHERE BLOCK_ADDR=101
INSERT INTO BLOCKS VALUES(102,2147483545,0)
INSERT INTO LOBS VALUES(101,1,0,102)
COMMIT
INSERT INTO PARTS VALUES(1,0,0,32,38,102)
COMMIT
INSERT INTO LOB_IDS VALUES(103,24,0,40)
ALTER SEQUENCE SYSTEM_LOBS.LOB_ID RESTART WITH 104
COMMIT
DELETE FROM BLOCKS WHERE BLOCK_ADDR=102
INSERT INTO BLOCKS VALUES(103,2147483544,0)
INSERT INTO LOBS VALUES(102,1,0,103)
COMMIT
INSERT INTO PARTS VALUES(1,0,0,48,46,103)
COMMIT
INSERT INTO LOB_IDS VALUES(104,24,0,40)
ALTER SEQUENCE SYSTEM_LOBS.LOB_ID RESTART WITH 105
COMMIT
DELETE FROM BLOCKS WHERE BLOCK_ADDR=103
INSERT INTO BLOCKS VALUES(104,2147483543,0)
INSERT INTO LOBS VALUES(103,1,0,104)
COMMIT
INSERT INTO PARTS VALUES(1,0,0,48,45,104)
COMMIT
INSERT INTO LOB_IDS VALUES(105,182,0,40)
ALTER SEQUENCE SYSTEM_LOBS.LOB_ID RESTART WITH 106
COMMIT
DELETE FROM BLOCKS WHERE BLOCK_ADDR=104
INSERT INTO BLOCKS VALUES(105,2147483542,0)
INSERT INTO LOBS VALUES(104,1,0,105)
COMMIT
INSERT INTO PARTS VALUES(1,0,0,364,202,105)
COMMIT
INSERT INTO LOB_IDS VALUES(106,8,0,40)
ALTER SEQUENCE SYSTEM_LOBS.LOB_ID RESTART WITH 107
COMMIT
DELETE FROM BLOCKS WHERE BLOCK_ADDR=105
INSERT INTO BLOCKS VALUES(106,2147483541,0)
INSERT INTO LOBS VALUES(105,1,0,106)
COMMIT
INSERT INTO PARTS VALUES(1,0,0,16,22,106)
COMMIT
INSERT INTO LOB_IDS VALUES(107,14,0,40)
ALTER SEQUENCE SYSTEM_LOBS.LOB_ID RESTART WITH 108
COMMIT
DELETE FROM BLOCKS WHERE BLOCK_ADDR=106
INSERT INTO BLOCKS VALUES(107,2147483540,0)
INSERT INTO LOBS VALUES(106,1,0,107)
COMMIT
INSERT INTO PARTS VALUES(1,0,0,28,34,107)
COMMIT
INSERT INTO LOB_IDS VALUES(108,24,0,40)
ALTER SEQUENCE SYSTEM_LOBS.LOB_ID RESTART WITH 109
COMMIT
DELETE FROM BLOCKS WHERE BLOCK_ADDR=107
INSERT INTO BLOCKS VALUES(108,2147483539,0)
INSERT INTO LOBS VALUES(107,1,0,108)
COMMIT
INSERT INTO PARTS VALUES(1,0,0,48,45,108)
COMMIT
INSERT INTO LOB_IDS VALUES(109,2,0,40)
ALTER SEQUENCE SYSTEM_LOBS.LOB_ID RESTART WITH 110
COMMIT
DELETE FROM BLOCKS WHERE BLOCK_ADDR=108
INSERT INTO BLOCKS VALUES(109,2147483538,0)
INSERT INTO LOBS VALUES(108,1,0,109)
COMMIT
INSERT INTO PARTS VALUES(1,0,0,4,12,109)
COMMIT
/*C22*/SET SCHEMA PUBLIC
INSERT INTO METADATA_ENTRY VALUES(65,'f5a7fa42-fab8-4abd-9031-dfd9685013de','dockerImageUsed','DiagnosticBcftoolsBinaryTest.TestBcftoolsBundle',NULL,1,67,'2026-02-06 21:34:57.831523','string')
SET SCHEMA SYSTEM_LOBS
DELETE FROM LOB_IDS WHERE LOB_ID=67
INSERT INTO LOB_IDS VALUES(67,78,1,40)
COMMIT
SET SCHEMA PUBLIC
INSERT INTO METADATA_ENTRY VALUES(66,'f5a7fa42-fab8-4abd-9031-dfd9685013de','executionStatus','DiagnosticBcftoolsBinaryTest.TestBcftoolsBundle',NULL,1,68,'2026-02-06 21:34:58.223500','string')
SET SCHEMA SYSTEM_LOBS
DELETE FROM LOB_IDS WHERE LOB_ID=68
INSERT INTO LOB_IDS VALUES(68,4,1,40)
COMMIT
SET SCHEMA PUBLIC
INSERT INTO METADATA_ENTRY VALUES(67,'f5a7fa42-fab8-4abd-9031-dfd9685013de','end','DiagnosticBcftoolsBinaryTest.TestBcftoolsBundle',NULL,1,69,'2026-02-06 21:34:58.223607','string')
SET SCHEMA SYSTEM_LOBS
DELETE FROM LOB_IDS WHERE LOB_ID=69
INSERT INTO LOB_IDS VALUES(69,24,1,40)
COMMIT
SET SCHEMA PUBLIC
INSERT INTO METADATA_ENTRY VALUES(68,'f5a7fa42-fab8-4abd-9031-dfd9685013de','returnCode','DiagnosticBcftoolsBinaryTest.TestBcftoolsBundle',NULL,1,70,'2026-02-06 21:34:58.223485','int')
SET SCHEMA SYSTEM_LOBS
DELETE FROM LOB_IDS WHERE LOB_ID=70
INSERT INTO LOB_IDS VALUES(70,1,1,40)
COMMIT
SET SCHEMA PUBLIC
INSERT INTO METADATA_ENTRY VALUES(69,'f5a7fa42-fab8-4abd-9031-dfd9685013de','outputs:report','DiagnosticBcftoolsBinaryTest.TestBcftoolsBundle',NULL,1,71,'2026-02-06 21:34:58.224383','string')
SET SCHEMA SYSTEM_LOBS
DELETE FROM LOB_IDS WHERE LOB_ID=71
INSERT INTO LOB_IDS VALUES(71,182,1,40)
COMMIT
SET SCHEMA PUBLIC
INSERT INTO METADATA_ENTRY VALUES(70,'f5a7fa42-fab8-4abd-9031-dfd9685013de','executionEvents[221445462]:description','DiagnosticBcftoolsBinaryTest.TestBcftoolsBundle',NULL,1,72,'2026-02-06 21:34:58.225991','string')
SET SCHEMA SYSTEM_LOBS
DELETE FROM LOB_IDS WHERE LOB_ID=72
INSERT INTO LOB_IDS VALUES(72,7,1,40)
COMMIT
SET SCHEMA PUBLIC
INSERT INTO METADATA_ENTRY VALUES(71,'f5a7fa42-fab8-4abd-9031-dfd9685013de','executionEvents[221445462]:startTime','DiagnosticBcftoolsBinaryTest.TestBcftoolsBundle',NULL,1,73,'2026-02-06 21:34:58.226177','string')
SET SCHEMA SYSTEM_LOBS
DELETE FROM LOB_IDS WHERE LOB_ID=73
INSERT INTO LOB_IDS VALUES(73,24,1,40)
COMMIT
SET SCHEMA PUBLIC
INSERT INTO METADATA_ENTRY VALUES(72,'f5a7fa42-fab8-4abd-9031-dfd9685013de','executionEvents[221445462]:endTime','DiagnosticBcftoolsBinaryTest.TestBcftoolsBundle',NULL,1,74,'2026-02-06 21:34:58.226266','string')
SET SCHEMA SYSTEM_LOBS
DELETE FROM LOB_IDS WHERE LOB_ID=74
INSERT INTO LOB_IDS VALUES(74,24,1,40)
COMMIT
SET SCHEMA PUBLIC
INSERT INTO METADATA_ENTRY VALUES(73,'f5a7fa42-fab8-4abd-9031-dfd9685013de','executionEvents[584232192]:description','DiagnosticBcftoolsBinaryTest.TestBcftoolsBundle',NULL,1,75,'2026-02-06 21:34:58.226624','string')
SET SCHEMA SYSTEM_LOBS
DELETE FROM LOB_IDS WHERE LOB_ID=75
INSERT INTO LOB_IDS VALUES(75,24,1,40)
COMMIT
SET SCHEMA PUBLIC
INSERT INTO METADATA_ENTRY VALUES(74,'f5a7fa42-fab8-4abd-9031-dfd9685013de','executionEvents[584232192]:startTime','DiagnosticBcftoolsBinaryTest.TestBcftoolsBundle',NULL,1,76,'2026-02-06 21:34:58.226706','string')
SET SCHEMA SYSTEM_LOBS
DELETE FROM LOB_IDS WHERE LOB_ID=76
INSERT INTO LOB_IDS VALUES(76,24,1,40)
COMMIT
SET SCHEMA PUBLIC
INSERT INTO METADATA_ENTRY VALUES(75,'f5a7fa42-fab8-4abd-9031-dfd9685013de','executionEvents[584232192]:endTime','DiagnosticBcftoolsBinaryTest.TestBcftoolsBundle',NULL,1,77,'2026-02-06 21:34:58.226744','string')
SET SCHEMA SYSTEM_LOBS
DELETE FROM LOB_IDS WHERE LOB_ID=77
INSERT INTO LOB_IDS VALUES(77,24,1,40)
COMMIT
SET SCHEMA PUBLIC
INSERT INTO METADATA_ENTRY VALUES(76,'f5a7fa42-fab8-4abd-9031-dfd9685013de','executionEvents[2097028443]:description','DiagnosticBcftoolsBinaryTest.TestBcftoolsBundle',NULL,1,78,'2026-02-06 21:34:58.226773','string')
SET SCHEMA SYSTEM_LOBS
DELETE FROM LOB_IDS WHERE LOB_ID=78
INSERT INTO LOB_IDS VALUES(78,20,1,40)
COMMIT
SET SCHEMA PUBLIC
INSERT INTO METADATA_ENTRY VALUES(77,'f5a7fa42-fab8-4abd-9031-dfd9685013de','executionEvents[2097028443]:startTime','DiagnosticBcftoolsBinaryTest.TestBcftoolsBundle',NULL,1,79,'2026-02-06 21:34:58.226810','string')
SET SCHEMA SYSTEM_LOBS
DELETE FROM LOB_IDS WHERE LOB_ID=79
INSERT INTO LOB_IDS VALUES(79,24,1,40)
COMMIT
SET SCHEMA PUBLIC
INSERT INTO METADATA_ENTRY VALUES(78,'f5a7fa42-fab8-4abd-9031-dfd9685013de','executionEvents[2097028443]:endTime','DiagnosticBcftoolsBinaryTest.TestBcftoolsBundle',NULL,1,80,'2026-02-06 21:34:58.226844','string')
SET SCHEMA SYSTEM_LOBS
DELETE FROM LOB_IDS WHERE LOB_ID=80
INSERT INTO LOB_IDS VALUES(80,24,1,40)
COMMIT
SET SCHEMA PUBLIC
INSERT INTO METADATA_ENTRY VALUES(79,'f5a7fa42-fab8-4abd-9031-dfd9685013de','executionEvents[499674535]:description','DiagnosticBcftoolsBinaryTest.TestBcftoolsBundle',NULL,1,81,'2026-02-06 21:34:58.226869','string')
SET SCHEMA SYSTEM_LOBS
DELETE FROM LOB_IDS WHERE LOB_ID=81
INSERT INTO LOB_IDS VALUES(81,12,1,40)
COMMIT
SET SCHEMA PUBLIC
INSERT INTO METADATA_ENTRY VALUES(80,'f5a7fa42-fab8-4abd-9031-dfd9685013de','executionEvents[499674535]:startTime','DiagnosticBcftoolsBinaryTest.TestBcftoolsBundle',NULL,1,82,'2026-02-06 21:34:58.226920','string')
SET SCHEMA SYSTEM_LOBS
DELETE FROM LOB_IDS WHERE LOB_ID=82
INSERT INTO LOB_IDS VALUES(82,24,1,40)
COMMIT
SET SCHEMA PUBLIC
INSERT INTO METADATA_ENTRY VALUES(81,'f5a7fa42-fab8-4abd-9031-dfd9685013de','executionEvents[499674535]:endTime','DiagnosticBcftoolsBinaryTest.TestBcftoolsBundle',NULL,1,83,'2026-02-06 21:34:58.226954','string')
SET SCHEMA SYSTEM_LOBS
DELETE FROM LOB_IDS WHERE LOB_ID=83
INSERT INTO LOB_IDS VALUES(83,24,1,40)
COMMIT
SET SCHEMA PUBLIC
INSERT INTO METADATA_ENTRY VALUES(82,'f5a7fa42-fab8-4abd-9031-dfd9685013de','executionEvents[158192113]:description','DiagnosticBcftoolsBinaryTest.TestBcftoolsBundle',NULL,1,84,'2026-02-06 21:34:58.226980','string')
SET SCHEMA SYSTEM_LOBS
DELETE FROM LOB_IDS WHERE LOB_ID=84
INSERT INTO LOB_IDS VALUES(84,10,1,40)
COMMIT
SET SCHEMA PUBLIC
INSERT INTO METADATA_ENTRY VALUES(83,'f5a7fa42-fab8-4abd-9031-dfd9685013de','executionEvents[158192113]:startTime','DiagnosticBcftoolsBinaryTest.TestBcftoolsBundle',NULL,1,85,'2026-02-06 21:34:58.227018','string')
SET SCHEMA SYSTEM_LOBS
DELETE FROM LOB_IDS WHERE LOB_ID=85
INSERT INTO LOB_IDS VALUES(85,24,1,40)
COMMIT
SET SCHEMA PUBLIC
INSERT INTO METADATA_ENTRY VALUES(84,'f5a7fa42-fab8-4abd-9031-dfd9685013de','executionEvents[158192113]:endTime','DiagnosticBcftoolsBinaryTest.TestBcftoolsBundle',NULL,1,86,'2026-02-06 21:34:58.227116','string')
SET SCHEMA SYSTEM_LOBS
DELETE FROM LOB_IDS WHERE LOB_ID=86
INSERT INTO LOB_IDS VALUES(86,24,1,40)
COMMIT
SET SCHEMA PUBLIC
INSERT INTO METADATA_ENTRY VALUES(85,'f5a7fa42-fab8-4abd-9031-dfd9685013de','executionEvents[1685933177]:description','DiagnosticBcftoolsBinaryTest.TestBcftoolsBundle',NULL,1,87,'2026-02-06 21:34:58.227189','string')
SET SCHEMA SYSTEM_LOBS
DELETE FROM LOB_IDS WHERE LOB_ID=87
INSERT INTO LOB_IDS VALUES(87,163,1,40)
COMMIT
SET SCHEMA PUBLIC
INSERT INTO METADATA_ENTRY VALUES(86,'f5a7fa42-fab8-4abd-9031-dfd9685013de','executionEvents[1685933177]:startTime','DiagnosticBcftoolsBinaryTest.TestBcftoolsBundle',NULL,1,88,'2026-02-06 21:34:58.228856','string')
SET SCHEMA SYSTEM_LOBS
DELETE FROM LOB_IDS WHERE LOB_ID=88
INSERT INTO LOB_IDS VALUES(88,24,1,40)
COMMIT
SET SCHEMA PUBLIC
INSERT INTO METADATA_ENTRY VALUES(87,'f5a7fa42-fab8-4abd-9031-dfd9685013de','executionEvents[1685933177]:endTime','DiagnosticBcftoolsBinaryTest.TestBcftoolsBundle',NULL,1,89,'2026-02-06 21:34:58.228935','string')
SET SCHEMA SYSTEM_LOBS
DELETE FROM LOB_IDS WHERE LOB_ID=89
INSERT INTO LOB_IDS VALUES(89,24,1,40)
COMMIT
SET SCHEMA PUBLIC
INSERT INTO METADATA_ENTRY VALUES(88,'f5a7fa42-fab8-4abd-9031-dfd9685013de','executionEvents[2143454623]:description','DiagnosticBcftoolsBinaryTest.TestBcftoolsBundle',NULL,1,90,'2026-02-06 21:34:58.228995','string')
SET SCHEMA SYSTEM_LOBS
DELETE FROM LOB_IDS WHERE LOB_ID=90
INSERT INTO LOB_IDS VALUES(90,11,1,40)
COMMIT
SET SCHEMA PUBLIC
INSERT INTO METADATA_ENTRY VALUES(89,'f5a7fa42-fab8-4abd-9031-dfd9685013de','executionEvents[2143454623]:startTime','DiagnosticBcftoolsBinaryTest.TestBcftoolsBundle',NULL,1,91,'2026-02-06 21:34:58.229034','string')
SET SCHEMA SYSTEM_LOBS
DELETE FROM LOB_IDS WHERE LOB_ID=91
INSERT INTO LOB_IDS VALUES(91,24,1,40)
COMMIT
SET SCHEMA PUBLIC
INSERT INTO METADATA_ENTRY VALUES(90,'f5a7fa42-fab8-4abd-9031-dfd9685013de','executionEvents[2143454623]:endTime','DiagnosticBcftoolsBinaryTest.TestBcftoolsBundle',NULL,1,92,'2026-02-06 21:34:58.229070','string')
SET SCHEMA SYSTEM_LOBS
DELETE FROM LOB_IDS WHERE LOB_ID=92
INSERT INTO LOB_IDS VALUES(92,24,1,40)
COMMIT
SET SCHEMA PUBLIC
INSERT INTO METADATA_ENTRY VALUES(91,'f5a7fa42-fab8-4abd-9031-dfd9685013de','executionEvents[1527407499]:description','DiagnosticBcftoolsBinaryTest.TestBcftoolsBundle',NULL,1,93,'2026-02-06 21:34:58.229096','string')
SET SCHEMA SYSTEM_LOBS
DELETE FROM LOB_IDS WHERE LOB_ID=93
INSERT INTO LOB_IDS VALUES(93,164,1,40)
COMMIT
SET SCHEMA PUBLIC
INSERT INTO METADATA_ENTRY VALUES(92,'f5a7fa42-fab8-4abd-9031-dfd9685013de','executionEvents[1527407499]:startTime','DiagnosticBcftoolsBinaryTest.TestBcftoolsBundle',NULL,1,94,'2026-02-06 21:34:58.229134','string')
SET SCHEMA SYSTEM_LOBS
DELETE FROM LOB_IDS WHERE LOB_ID=94
INSERT INTO LOB_IDS VALUES(94,24,1,40)
COMMIT
SET SCHEMA PUBLIC
INSERT INTO METADATA_ENTRY VALUES(93,'f5a7fa42-fab8-4abd-9031-dfd9685013de','executionEvents[1527407499]:endTime','DiagnosticBcftoolsBinaryTest.TestBcftoolsBundle',NULL,1,95,'2026-02-06 21:34:58.229176','string')
SET SCHEMA SYSTEM_LOBS
DELETE FROM LOB_IDS WHERE LOB_ID=95
INSERT INTO LOB_IDS VALUES(95,24,1,40)
COMMIT
SET SCHEMA PUBLIC
INSERT INTO METADATA_ENTRY VALUES(94,'f5a7fa42-fab8-4abd-9031-dfd9685013de','executionEvents[791654083]:description','DiagnosticBcftoolsBinaryTest.TestBcftoolsBundle',NULL,1,96,'2026-02-06 21:34:58.229200','string')
SET SCHEMA SYSTEM_LOBS
DELETE FROM LOB_IDS WHERE LOB_ID=96
INSERT INTO LOB_IDS VALUES(96,164,1,40)
COMMIT
SET SCHEMA PUBLIC
INSERT INTO METADATA_ENTRY VALUES(95,'f5a7fa42-fab8-4abd-9031-dfd9685013de','executionEvents[791654083]:startTime','DiagnosticBcftoolsBinaryTest.TestBcftoolsBundle',NULL,1,97,'2026-02-06 21:34:58.229237','string')
SET SCHEMA SYSTEM_LOBS
DELETE FROM LOB_IDS WHERE LOB_ID=97
INSERT INTO LOB_IDS VALUES(97,24,1,40)
COMMIT
SET SCHEMA PUBLIC
INSERT INTO METADATA_ENTRY VALUES(96,'f5a7fa42-fab8-4abd-9031-dfd9685013de','executionEvents[791654083]:endTime','DiagnosticBcftoolsBinaryTest.TestBcftoolsBundle',NULL,1,98,'2026-02-06 21:34:58.229272','string')
SET SCHEMA SYSTEM_LOBS
DELETE FROM LOB_IDS WHERE LOB_ID=98
INSERT INTO LOB_IDS VALUES(98,24,1,40)
COMMIT
SET SCHEMA PUBLIC
INSERT INTO METADATA_ENTRY VALUES(97,'f5a7fa42-fab8-4abd-9031-dfd9685013de','executionEvents[2030440108]:description','DiagnosticBcftoolsBinaryTest.TestBcftoolsBundle',NULL,1,99,'2026-02-06 21:34:58.229296','string')
SET SCHEMA SYSTEM_LOBS
DELETE FROM LOB_IDS WHERE LOB_ID=99
INSERT INTO LOB_IDS VALUES(99,9,1,40)
COMMIT
SET SCHEMA PUBLIC
INSERT INTO METADATA_ENTRY VALUES(98,'f5a7fa42-fab8-4abd-9031-dfd9685013de','executionEvents[2030440108]:startTime','DiagnosticBcftoolsBinaryTest.TestBcftoolsBundle',NULL,1,100,'2026-02-06 21:34:58.229332','string')
SET SCHEMA SYSTEM_LOBS
DELETE FROM LOB_IDS WHERE LOB_ID=100
INSERT INTO LOB_IDS VALUES(100,24,1,40)
COMMIT
SET SCHEMA PUBLIC
INSERT INTO METADATA_ENTRY VALUES(99,'f5a7fa42-fab8-4abd-9031-dfd9685013de','executionEvents[2030440108]:endTime','DiagnosticBcftoolsBinaryTest.TestBcftoolsBundle',NULL,1,101,'2026-02-06 21:34:58.229366','string')
SET SCHEMA SYSTEM_LOBS
DELETE FROM LOB_IDS WHERE LOB_ID=101
INSERT INTO LOB_IDS VALUES(101,24,1,40)
COMMIT
SET SCHEMA PUBLIC
INSERT INTO METADATA_ENTRY VALUES(100,'f5a7fa42-fab8-4abd-9031-dfd9685013de','executionEvents[1576316351]:description','DiagnosticBcftoolsBinaryTest.TestBcftoolsBundle',NULL,1,102,'2026-02-06 21:34:58.229389','string')
SET SCHEMA SYSTEM_LOBS
DELETE FROM LOB_IDS WHERE LOB_ID=102
INSERT INTO LOB_IDS VALUES(102,16,1,40)
COMMIT
SET SCHEMA PUBLIC
INSERT INTO METADATA_ENTRY VALUES(101,'f5a7fa42-fab8-4abd-9031-dfd9685013de','executionEvents[1576316351]:startTime','DiagnosticBcftoolsBinaryTest.TestBcftoolsBundle',NULL,1,103,'2026-02-06 21:34:58.229428','string')
SET SCHEMA SYSTEM_LOBS
DELETE FROM LOB_IDS WHERE LOB_ID=103
INSERT INTO LOB_IDS VALUES(103,24,1,40)
COMMIT
SET SCHEMA PUBLIC
INSERT INTO METADATA_ENTRY VALUES(102,'f5a7fa42-fab8-4abd-9031-dfd9685013de','executionEvents[1576316351]:endTime','DiagnosticBcftoolsBinaryTest.TestBcftoolsBundle',NULL,1,104,'2026-02-06 21:34:58.229524','string')
SET SCHEMA SYSTEM_LOBS
DELETE FROM LOB_IDS WHERE LOB_ID=104
INSERT INTO LOB_IDS VALUES(104,24,1,40)
COMMIT
SET SCHEMA PUBLIC
INSERT INTO METADATA_ENTRY VALUES(103,'f5a7fa42-fab8-4abd-9031-dfd9685013de','outputs:DiagnosticBcftoolsBinaryTest.report',NULL,NULL,NULL,105,'2026-02-06 21:35:00.131553','string')
SET SCHEMA SYSTEM_LOBS
DELETE FROM LOB_IDS WHERE LOB_ID=105
INSERT INTO LOB_IDS VALUES(105,182,1,40)
COMMIT
SET SCHEMA PUBLIC
INSERT INTO METADATA_ENTRY VALUES(104,'f5a7fa42-fab8-4abd-9031-dfd9685013de','workflowProcessingEvents[1524412925]:description',NULL,NULL,NULL,106,'2026-02-06 21:35:00.154092','string')
SET SCHEMA SYSTEM_LOBS
DELETE FROM LOB_IDS WHERE LOB_ID=106
INSERT INTO LOB_IDS VALUES(106,8,1,40)
COMMIT
SET SCHEMA PUBLIC
INSERT INTO METADATA_ENTRY VALUES(105,'f5a7fa42-fab8-4abd-9031-dfd9685013de','workflowProcessingEvents[1524412925]:cromwellId',NULL,NULL,NULL,107,'2026-02-06 21:35:00.154097','string')
SET SCHEMA SYSTEM_LOBS
DELETE FROM LOB_IDS WHERE LOB_ID=107
INSERT INTO LOB_IDS VALUES(107,14,1,40)
COMMIT
SET SCHEMA PUBLIC
INSERT INTO METADATA_ENTRY VALUES(106,'f5a7fa42-fab8-4abd-9031-dfd9685013de','workflowProcessingEvents[1524412925]:timestamp',NULL,NULL,NULL,108,'2026-02-06 21:35:00.154202','string')
SET SCHEMA SYSTEM_LOBS
DELETE FROM LOB_IDS WHERE LOB_ID=108
INSERT INTO LOB_IDS VALUES(108,24,1,40)
COMMIT
SET SCHEMA PUBLIC
INSERT INTO METADATA_ENTRY VALUES(107,'f5a7fa42-fab8-4abd-9031-dfd9685013de','workflowProcessingEvents[1524412925]:cromwellVersion',NULL,NULL,NULL,109,'2026-02-06 21:35:00.154208','string')
SET SCHEMA SYSTEM_LOBS
DELETE FROM LOB_IDS WHERE LOB_ID=109
INSERT INTO LOB_IDS VALUES(109,2,1,40)
COMMIT
SET SCHEMA PUBLIC
DELETE FROM WORKFLOW_METADATA_SUMMARY_ENTRY WHERE WORKFLOW_METADATA_SUMMARY_ENTRY_ID=0
INSERT INTO WORKFLOW_METADATA_SUMMARY_ENTRY VALUES(0,'f5a7fa42-fab8-4abd-9031-dfd9685013de','DiagnosticBcftoolsBinaryTest','Succeeded','2026-02-06 21:32:13.541000','2026-02-06 21:35:00.153000','2026-02-06 21:32:12.799000',NULL,NULL,NULL)
DELETE FROM "SUMMARY_QUEUE_ENTRY" WHERE "METADATA_JOURNAL_ID"=63
DELETE FROM "SUMMARY_QUEUE_ENTRY" WHERE "METADATA_JOURNAL_ID"=64
COMMIT
/*C2*/SET SCHEMA PUBLIC
DELETE FROM DOCKER_HASH_STORE_ENTRY WHERE DOCKER_HASH_STORE_ENTRY_ID=0
COMMIT
/*C3*/SET SCHEMA PUBLIC
DELETE FROM WORKFLOW_STORE_ENTRY WHERE WORKFLOW_STORE_ENTRY_ID=0
SET SCHEMA SYSTEM_LOBS
DELETE FROM LOB_IDS WHERE LOB_ID=1
INSERT INTO LOB_IDS VALUES(1,1768,0,40)
DELETE FROM LOB_IDS WHERE LOB_ID=2
INSERT INTO LOB_IDS VALUES(2,155,0,40)
DELETE FROM LOB_IDS WHERE LOB_ID=3
INSERT INTO LOB_IDS VALUES(3,4,0,40)
DELETE FROM LOB_IDS WHERE LOB_ID=4
INSERT INTO LOB_IDS VALUES(4,2,0,40)
COMMIT
/*C2*/DELETE FROM JOB_STORE_ENTRY WHERE JOB_STORE_ENTRY_ID=0
DELETE FROM JOB_STORE_SIMPLETON_ENTRY WHERE JOB_STORE_SIMPLETON_ENTRY_ID=0
SET SCHEMA SYSTEM_LOBS
DELETE FROM LOB_IDS WHERE LOB_ID=64
INSERT INTO LOB_IDS VALUES(64,182,0,40)
COMMIT
